[Licensing::Module] Trying to connect to existing licensing client channel...
[Licensing::IpcConnector] Successfully connected to: "LicenseClient-Alex" at "2026-04-13T01:11:52.0221944Z"
Built from '6000.4/staging' branch; Version is '6000.4.2f1 (7a4c1aeef971) revision 8014874'; Using compiler version '194234433'; Build Type 'Release'
OS: 'Windows 11  (10.0.26200) Core' Language: 'en' Physical Memory: 32699 MB
BatchMode: 1, IsHumanControllingUs: 0, StartBugReporterOnCrash: 0, Is64bit: 1
System  architecture: x64
Process architecture: x64
Date: 2026-04-13T01:11:52Z

COMMAND LINE ARGUMENTS:
C:\Program Files\Unity\Hub\Editor\6000.4.2f1\Editor\Unity.exe
-adb2
-batchMode
-noUpm
-name
AssetImportWorker5
-projectPath
C:/Users/Alex/source/repos/OOP3-Project/Setup Guide In-Editor Tutorial
-logFile
Logs/AssetImportWorker5.log
-srvPort
60892
-licensingIpc
LicenseClient-Alex
-force-d3d12
-job-worker-count
11
-background-job-worker-count
8
-gc-helper-count
1
-name
AssetImport
Successfully changed project path to: C:/Users/Alex/source/repos/OOP3-Project/Setup Guide In-Editor Tutorial
C:/Users/Alex/source/repos/OOP3-Project/Setup Guide In-Editor Tutorial
[UnityMemory] Configuration Parameters - Can be set up in boot.config
    "memorysetup-temp-allocator-size-gi-baking-worker=262144"
    "memorysetup-temp-allocator-size-gi-baking-worker=262144"
    "memorysetup-temp-allocator-size-gi-baking-worker=262144"
    "memorysetup-temp-allocator-size-gi-baking-worker=262144"
    "memorysetup-temp-allocator-size-gi-baking-worker=262144"
    "memorysetup-temp-allocator-size-nav-mesh-worker=65536"
    "memorysetup-temp-allocator-size-audio-worker=65536"
    "memorysetup-temp-allocator-size-cloud-worker=32768"
    "memorysetup-temp-allocator-size-gfx=262144"
    "memorysetup-temp-allocator-size-preload-manager=33554432"
    "memorysetup-temp-allocator-size-job-worker=262144"
    "memorysetup-temp-allocator-size-background-worker=32768"
    "memorysetup-allocator-temp-initial-block-size-main=262144"
    "memorysetup-allocator-temp-initial-block-size-worker=262144"
    "memorysetup-bucket-allocator-granularity=16"
    "memorysetup-bucket-allocator-bucket-count=8"
    "memorysetup-bucket-allocator-block-size=33554432"
    "memorysetup-bucket-allocator-block-count=8"
    "memorysetup-main-allocator-block-size=16777216"
    "memorysetup-thread-allocator-block-size=16777216"
    "memorysetup-gfx-main-allocator-block-size=16777216"
    "memorysetup-gfx-thread-allocator-block-size=16777216"
    "memorysetup-cache-allocator-block-size=4194304"
    "memorysetup-typetree-allocator-block-size=2097152"
    "memorysetup-profiler-bucket-allocator-granularity=16"
    "memorysetup-profiler-bucket-allocator-bucket-count=8"
    "memorysetup-profiler-bucket-allocator-block-size=33554432"
    "memorysetup-profiler-bucket-allocator-block-count=8"
    "memorysetup-profiler-allocator-block-size=16777216"
    "memorysetup-profiler-editor-allocator-block-size=1048576"
    "memorysetup-temp-allocator-size-main=16777216"
    "memorysetup-job-temp-allocator-block-size=2097152"
    "memorysetup-job-temp-allocator-block-size-background=1048576"
    "memorysetup-job-temp-allocator-reduction-small-platforms=262144"
Player connection [30292]  Target information:

Player connection [30292]  * "[IP] 192.168.2.19 [Port] 0 [Flags] 2 [Guid] 854818775 [EditorId] 854818775 [Version] 1048832 [Id] WindowsEditor(7,DESKTOP-JFCVE9U) [Debug] 1 [PackageName] WindowsEditor [ProjectName] Editor" 

Player connection [30292] Host joined multi-casting on [225.0.0.222:54997]...
Player connection [30292] Host joined alternative multi-casting on [225.0.0.222:34997]...
JobSystem: Creating JobQueue using job-worker-count value 11
Input System module state changed to: Initialized.
[Physics::Module] Initialized fallback backend.
[Physics::Module] Id: 0xdecafbad
Library Redirect Path: Library/
[Physics::Module] Selected backend.
[Physics::Module] Name: PhysX
[Physics::Module] Id: 0xf2b8ea05
[Physics::Module] SDK Version: 4.1.2
[Physics::Module] Integration Version: 1.0.0
[Physics::Module] Threading Mode: Multi-Threaded
Initialize engine version: 6000.4.2f1 (7a4c1aeef971)
[Subsystems] Discovering subsystems at path C:/Program Files/Unity/Hub/Editor/6000.4.2f1/Editor/Data/Resources/UnitySubsystems
[Subsystems] Discovering subsystems at path C:/Users/Alex/source/repos/OOP3-Project/Setup Guide In-Editor Tutorial/Assets
Forcing GfxDevice: Direct3D 12
GfxDevice: creating device client; kGfxThreadingModeNonThreaded
d3d12: failed to query info queue interface (0x80004002).
Direct3D:
    Version:         Direct3D 12 [level 12.2]
    Renderer:        NVIDIA GeForce RTX 3070 (ID=0x2488)
    Vendor:          NVIDIA
    VRAM:            8018 MB
    App VRAM Budget: 7250 MB
    Driver:          32.0.15.9186
Initialize mono
Mono path[0] = 'C:/Program Files/Unity/Hub/Editor/6000.4.2f1/Editor/Data/Managed'
Mono path[1] = 'C:/Program Files/Unity/Hub/Editor/6000.4.2f1/Editor/Data/MonoBleedingEdge/lib/mono/unityjit-win32'
Mono config path = 'C:/Program Files/Unity/Hub/Editor/6000.4.2f1/Editor/Data/MonoBleedingEdge/etc'
Using monoOptions --debugger-agent=transport=dt_socket,embedding=1,server=y,suspend=n,address=127.0.0.1:56276
CodeReloadManager initialized
Begin MonoManager ReloadAssembly
Registering precompiled unity dll's ...
Register platform support module: C:/Program Files/Unity/Hub/Editor/6000.4.2f1/Editor/Data/PlaybackEngines/WebGLSupport/UnityEditor.WebGL.Extensions.dll
Register platform support module: C:/Program Files/Unity/Hub/Editor/6000.4.2f1/Editor/Data/PlaybackEngines/WindowsStandaloneSupport/UnityEditor.WindowsStandalone.Extensions.dll
Registered in 0.004533 seconds.
Native extension for WindowsStandalone target not found
Native extension for WebGL target not found
[Licensing::Client] Error: HandshakeResponse reported an error:
	ResponseCode: 505
	ResponseStatus: Unsupported protocol version '1.18.1'.
[Licensing::Module] Error: Failed to handshake to channel: "LicenseClient-Alex"
[Licensing::IpcConnector] LicenseClient-Alex channel disconnected successfully.
[Licensing::IpcConnector] Successfully connected to: "LicenseClient-Alex-6000.4.2" at "2026-04-13T01:11:55.2206383Z"
Package Manager log level set to [2]
[Package Manager] Failed to launch server process. Reason: Unity was launched with the -noUpm command-line argument
[Package Manager] Unable to send message (not connected to server process).
[Package Manager] Cannot connect to Unity Package Manager local server
ScheduleIndexationOnStartup MainProcess:False IndexOnStartup:True
Mono: successfully reloaded assembly
- Finished resetting the current domain, in  0.519 seconds
Domain Reload Profiling: 1228ms
	BeginReloadAssembly (213ms)
	RebuildCommonClasses (62ms)
	RebuildNativeTypeToScriptingClass (21ms)
	initialDomainReloadingComplete (115ms)
	LoadAllAssembliesAndSetupDomain (296ms)
		LoadAssemblies (208ms)
		AnalyzeDomain (282ms)
			TypeCache.Refresh (279ms)
				TypeCache.ScanAssembly (259ms)
	FinalizeReload (521ms)
		SetupLoadedEditorAssemblies (0ms)
			InitializePlatformSupportModulesInManaged (57ms)
			BeforeProcessingInitializeOnLoad (125ms)
			ProcessInitializeOnLoadAttributes (139ms)
			ProcessInitializeOnLoadMethodAttributes (109ms)
Assembly reference Packages/com.unity.cinemachine/Editor/Samples/ExposeHDRPInternals/HDRP-Editor-ref.asmref has no target assembly definition
========================================================================
Worker process is ready to serve import requests
Import Worker Mode flag is 0x00
Assembly reference Packages/com.unity.cinemachine/Editor/Samples/ExposeHDRPInternals/HDRP-Editor-ref.asmref has no target assembly definition
Assembly reference Packages/com.unity.cinemachine/Editor/Samples/ExposeHDRPInternals/HDRP-Editor-ref.asmref has no target assembly definition
Begin MonoManager ReloadAssembly
[Licensing::Module] Licensing is not yet initialized.
[Licensing::Client] Handshaking with LicensingClient:
  Version:                 1.18.1+9fbee8e
  Session Id:              21909786da564b57b3e29a0d8d2312b2
  Correlation Id:          1b23d9ea1cdfdf29c6fb0f51334831e3
  External correlation Id: 1410906491717649622
  Machine Id:              wbPOX1RStWPr1YvF1Np5ADIwJQo=
[Licensing::Module] Successfully connected to LicensingClient on channel: "LicenseClient-Alex-6000.4.2" (connect: 0.00s, validation: 0.00s, handshake: 2.52s)
[Licensing::IpcConnector] Successfully connected to: "LicenseClient-Alex-6000.4.2-notifications" at "2026-04-13T01:11:57.7389545Z"
[Licensing::Module] Licensing Background thread has ended after 5.72s
[Licensing::Module] Licensing is initialized (took 1.96s).
[Licensing::Client] Successfully resolved entitlement details
[Licensing::Module] License group:
  Id: 3574404970447-UnityPersXXXX
  Product: Unity Personal
  Type: Assigned
  Expiration: Unlimited
Assembly Assembly-CSharp-Editor-firstpass.dll at Library/ScriptAssemblies/Assembly-CSharp-Editor-firstpass.dll not valid. Loading of assembly skipped.
Assembly Assembly-CSharp-firstpass.dll at Library/ScriptAssemblies/Assembly-CSharp-firstpass.dll not valid. Loading of assembly skipped.
Assembly TestNewCustomAssembly.dll at Library/ScriptAssemblies/TestNewCustomAssembly.dll not valid. Loading of assembly skipped.
Assembly Unity.Collections.BurstCompatibilityGen.dll at Library/ScriptAssemblies/Unity.Collections.BurstCompatibilityGen.dll not valid. Loading of assembly skipped.
Assembly Unity.Collections.DocCodeSamples.dll at Library/ScriptAssemblies/Unity.Collections.DocCodeSamples.dll not valid. Loading of assembly skipped.
Assembly Unity.Collections.PerformanceTests.dll at Library/ScriptAssemblies/Unity.Collections.PerformanceTests.dll not valid. Loading of assembly skipped.
Assembly Unity.Collections.Tests.dll at Library/ScriptAssemblies/Unity.Collections.Tests.dll not valid. Loading of assembly skipped.
Assembly Unity.Collections.Tests.Playmode.dll at Library/ScriptAssemblies/Unity.Collections.Tests.Playmode.dll not valid. Loading of assembly skipped.
Assembly Unity.InputSystem.IntegrationTests.dll at Library/ScriptAssemblies/Unity.InputSystem.IntegrationTests.dll not valid. Loading of assembly skipped.
Assembly Unity.Mathematics.Tests.dll at Library/ScriptAssemblies/Unity.Mathematics.Tests.dll not valid. Loading of assembly skipped.
Assembly Unity.Multiplayer.Center.Editor.Tests.dll at Library/ScriptAssemblies/Unity.Multiplayer.Center.Editor.Tests.dll not valid. Loading of assembly skipped.
Assembly Unity.Multiplayer.Center.Tests.dll at Library/ScriptAssemblies/Unity.Multiplayer.Center.Tests.dll not valid. Loading of assembly skipped.
Assembly Unity.Nuget.Mono-Cecil.dll at Library/ScriptAssemblies/Unity.Nuget.Mono-Cecil.dll not valid. Loading of assembly skipped.
Assembly Unity.PathTracing.Editor.Tests.dll at Library/ScriptAssemblies/Unity.PathTracing.Editor.Tests.dll not valid. Loading of assembly skipped.
Assembly Unity.PathTracing.Runtime.Tests.dll at Library/ScriptAssemblies/Unity.PathTracing.Runtime.Tests.dll not valid. Loading of assembly skipped.
Assembly Unity.RenderPipelines.Core.Editor.Tests.dll at Library/ScriptAssemblies/Unity.RenderPipelines.Core.Editor.Tests.dll not valid. Loading of assembly skipped.
Assembly Unity.RenderPipelines.Core.Runtime.Tests.dll at Library/ScriptAssemblies/Unity.RenderPipelines.Core.Runtime.Tests.dll not valid. Loading of assembly skipped.
Assembly Unity.RenderPipelines.Universal.Config.Editor.Tests.dll at Library/ScriptAssemblies/Unity.RenderPipelines.Universal.Config.Editor.Tests.dll not valid. Loading of assembly skipped.
Assembly Unity.RenderPipelines.Universal.Editor.Tests.dll at Library/ScriptAssemblies/Unity.RenderPipelines.Universal.Editor.Tests.dll not valid. Loading of assembly skipped.
Assembly Unity.RenderPipelines.Universal.Runtime.Tests.dll at Library/ScriptAssemblies/Unity.RenderPipelines.Universal.Runtime.Tests.dll not valid. Loading of assembly skipped.
Assembly Unity.Searcher.EditorTests.dll at Library/ScriptAssemblies/Unity.Searcher.EditorTests.dll not valid. Loading of assembly skipped.
Assembly Unity.Settings.Tests.dll at Library/ScriptAssemblies/Unity.Settings.Tests.dll not valid. Loading of assembly skipped.
Assembly Unity.ShaderGraph.Editor.Tests.dll at Library/ScriptAssemblies/Unity.ShaderGraph.Editor.Tests.dll not valid. Loading of assembly skipped.
Assembly Unity.TextMeshPro.Editor.Tests.dll at Library/ScriptAssemblies/Unity.TextMeshPro.Editor.Tests.dll not valid. Loading of assembly skipped.
Assembly Unity.TextMeshPro.Tests.dll at Library/ScriptAssemblies/Unity.TextMeshPro.Tests.dll not valid. Loading of assembly skipped.
Assembly Unity.Tutorials.Core.Editor.Tests.dll at Library/ScriptAssemblies/Unity.Tutorials.Core.Editor.Tests.dll not valid. Loading of assembly skipped.
Assembly Unity.Tutorials.Core.Tests.dll at Library/ScriptAssemblies/Unity.Tutorials.Core.Tests.dll not valid. Loading of assembly skipped.
Assembly Unity.UnifiedRayTracing.Editor.Tests.dll at Library/ScriptAssemblies/Unity.UnifiedRayTracing.Editor.Tests.dll not valid. Loading of assembly skipped.
Assembly UnityEditor.UI.Common.Tests.dll at Library/ScriptAssemblies/UnityEditor.UI.Common.Tests.dll not valid. Loading of assembly skipped.
Assembly UnityEditor.UI.EditorTests.dll at Library/ScriptAssemblies/UnityEditor.UI.EditorTests.dll not valid. Loading of assembly skipped.
Assembly UnityEngine.UI.Tests.dll at Library/ScriptAssemblies/UnityEngine.UI.Tests.dll not valid. Loading of assembly skipped.
Assembly reference Packages/com.unity.cinemachine/Editor/Samples/ExposeHDRPInternals/HDRP-Editor-ref.asmref has no target assembly definition
'Packages/com.unity.cinemachine/Editor/Obsolete/CinemachineVirtualCameraBaseEditor.cs' contains partial class of Unity.Object, exactly 1 of the partial classes needs to be in a file with the same filename. This is to know the one that can be referenced from ie. GameObjects
'Packages/com.unity.cinemachine/Editor/Editors/CinemachineVirtualCameraBaseEditor.cs' contains partial class of Unity.Object, exactly 1 of the partial classes needs to be in a file with the same filename. This is to know the one that can be referenced from ie. GameObjects
Native extension for WindowsStandalone target not found
Native extension for WebGL target not found
Assembly reference Packages/com.unity.cinemachine/Editor/Samples/ExposeHDRPInternals/HDRP-Editor-ref.asmref has no target assembly definition
[Package Manager] Failed to launch server process. Reason: Unity was launched with the -noUpm command-line argument
[Package Manager] Unable to send message (not connected to server process).
[Package Manager] Cannot connect to Unity Package Manager local server
[Package Manager] Failed to launch server process. Reason: Unity was launched with the -noUpm command-line argument
[Package Manager] Unable to send message (not connected to server process).
[Package Manager] Cannot connect to Unity Package Manager local server
ScheduleIndexationOnStartup MainProcess:False IndexOnStartup:True
Mono: successfully reloaded assembly
- Finished resetting the current domain, in  0.755 seconds
Domain Reload Profiling: 3621ms
	BeginReloadAssembly (2200ms)
		DisableScriptedObjects (6ms)
		CreateAndSetChildDomain (47ms)
	RebuildCommonClasses (54ms)
	RebuildNativeTypeToScriptingClass (17ms)
	initialDomainReloadingComplete (89ms)
	LoadAllAssembliesAndSetupDomain (504ms)
		LoadAssemblies (435ms)
		AnalyzeDomain (191ms)
			TypeCache.Refresh (117ms)
				TypeCache.ScanAssembly (106ms)
			BuildScriptInfoCaches (54ms)
			ResolveRequiredComponents (18ms)
	FinalizeReload (756ms)
		SetupLoadedEditorAssemblies (0ms)
			InitializePlatformSupportModulesInManaged (3ms)
			BeforeProcessingInitializeOnLoad (154ms)
			ProcessInitializeOnLoadAttributes (205ms)
			ProcessInitializeOnLoadMethodAttributes (77ms)
			AfterProcessingInitializeOnLoad (9ms)
		AwakeInstancesAfterBackupRestoration (8ms)
Launched and connected shader compiler UnityShaderCompiler.exe after 0.02 seconds
Unloading 85 Unused Serialized files (Serialized files now loaded: 0)
Unloading 4343 unused Assets / (12.9 MB). Loaded Objects now: 5068.
Memory consumption went from 148.2 MB to 135.4 MB.
Total: 13.842000 ms (FindLiveObjects: 0.743200 ms CreateObjectMapping: 0.224900 ms MarkObjects: 5.530000 ms  DeleteObjects: 7.341300 ms)

========================================================================
Received Import Request.
  Time since last request: 195705.886722 seconds.
  path: Assets/SourceFiles/InputSystem/StarterAssetsInputs.cs
  importAddress: Guid(e087ecce43ebbff45a1b360637807d93) Importer(2089858483,b0f066a214c2f5e87bad3c948f4d605d)
Start importing Assets/SourceFiles/InputSystem/StarterAssetsInputs.cs using Guid(e087ecce43ebbff45a1b360637807d93) Importer(2089858483,b0f066a214c2f5e87bad3c948f4d605d) (ScriptedImporter) -> (Import Result ID: 'e9e187108db702a254d57789ee7e681c') in 0.1226348 seconds [static and dynamic dependencies]. Details - ImportResultOutputID=c1e180430ade18bd88dac0c2cb899f17 DependenciesID=898fb798751d944310455076d6d8f2e0 StaticDependenciesID=b5282a07a78805084ecd8d490796847b 
Number of updated asset objects reloaded before import = 0Number of asset objects unloaded after import = 0

========================================================================
Received Import Request.
  Time since last request: 0.000026 seconds.
  path: Assets/Materials/Material_Simple_Pink.mat
  importAddress: Guid(e1f120a5df9b62245b0ad514d8715562) Importer(2089858483,b0f066a214c2f5e87bad3c948f4d605d)
Start importing Assets/Materials/Material_Simple_Pink.mat using Guid(e1f120a5df9b62245b0ad514d8715562) Importer(2089858483,b0f066a214c2f5e87bad3c948f4d605d) (ScriptedImporter) -> (Import Result ID: '6531073b2edc1ea3f37873e82e187b34') in 0.0568219 seconds [static and dynamic dependencies]. Details - ImportResultOutputID=d3906f49d9d32b7ffb7121833d9faa97 DependenciesID=3d8946c446fa1d0b24acd5e43887d0af StaticDependenciesID=7fd605e3a93337376dc8f0a3c07376b5 
Number of updated asset objects reloaded before import = 0Number of asset objects unloaded after import = 1

========================================================================
Received Import Request.
  Time since last request: 0.000022 seconds.
  path: Assets/Tutorials/get-started-with-unity.asset
  importAddress: Guid(14f92ac341ec20e408eb154585c5f98c) Importer(2089858483,b0f066a214c2f5e87bad3c948f4d605d)
Start importing Assets/Tutorials/get-started-with-unity.asset using Guid(14f92ac341ec20e408eb154585c5f98c) Importer(2089858483,b0f066a214c2f5e87bad3c948f4d605d) (ScriptedImporter) -> (Import Result ID: '17fb51161a10b6869791109235da7d05') in 0.3797039 seconds [static and dynamic dependencies]. Details - ImportResultOutputID=4344dfd87219515601ccf8da99edd7fe DependenciesID=a519d1229cedb30c92f485f7eafcb115 StaticDependenciesID=dd1dad8b253ba6491feb909bf64e53be 
Number of updated asset objects reloaded before import = 0Number of asset objects unloaded after import = 96

========================================================================
Received Import Request.
  Time since last request: 0.000041 seconds.
  path: Assets/Materials/Material_Simple_AquaMarine.mat
  importAddress: Guid(403765d6f3c2b69458ee09b4023cc85d) Importer(2089858483,b0f066a214c2f5e87bad3c948f4d605d)
Start importing Assets/Materials/Material_Simple_AquaMarine.mat using Guid(403765d6f3c2b69458ee09b4023cc85d) Importer(2089858483,b0f066a214c2f5e87bad3c948f4d605d) (ScriptedImporter) -> (Import Result ID: 'f83c01cfbfd0db413d8d815a121dc84e') in 0.0187148 seconds [static and dynamic dependencies]. Details - ImportResultOutputID=f01eee81f86e242d18fcfcbd92cbcc6e DependenciesID=490a34e910e0560c6ab72b07d6444775 StaticDependenciesID=674aab63df169dba6e98596c9b32a0c2 
Number of updated asset objects reloaded before import = 0Number of asset objects unloaded after import = 1

========================================================================
Received Import Request.
  Time since last request: 0.000023 seconds.
  path: Assets/SourceFiles/Settings/SampleSceneProfile.asset
  importAddress: Guid(10fc4df2da32a41aaa32d77bc913491c) Importer(2089858483,b0f066a214c2f5e87bad3c948f4d605d)
Start importing Assets/SourceFiles/Settings/SampleSceneProfile.asset using Guid(10fc4df2da32a41aaa32d77bc913491c) Importer(2089858483,b0f066a214c2f5e87bad3c948f4d605d) (ScriptedImporter) -> (Import Result ID: 'd2632f9244b44e2103f7ac588a9536e1') in 0.0239738 seconds [static and dynamic dependencies]. Details - ImportResultOutputID=b4e0c1fdae7e4bdc7d23b8756a74939d DependenciesID=ba9c142f1866d83d03f266c43b331947 StaticDependenciesID=86e3ab624df47bc93621d2a05b042c79 
Number of updated asset objects reloaded before import = 0Number of asset objects unloaded after import = 1

========================================================================
Received Import Request.
  Time since last request: 0.000022 seconds.
  path: Assets/SourceFiles/Animation/Moving_Platform.anim
  importAddress: Guid(de9715389ad87433580b3df1fcd70d0f) Importer(2089858483,b0f066a214c2f5e87bad3c948f4d605d)
Start importing Assets/SourceFiles/Animation/Moving_Platform.anim using Guid(de9715389ad87433580b3df1fcd70d0f) Importer(2089858483,b0f066a214c2f5e87bad3c948f4d605d) (ScriptedImporter) -> (Import Result ID: '54a322a90a0d43b7c435e5e0156de792') in 0.0433329 seconds [static and dynamic dependencies]. Details - ImportResultOutputID=1af556db2abbf8509c6ecf92e073498c DependenciesID=0d29b1b67d87e3f4a7a3614497b059bb StaticDependenciesID=feefaa60eb00f4f7a461545224eab4a1 
Number of updated asset objects reloaded before import = 0Number of asset objects unloaded after import = 1

========================================================================
Received Import Request.
  Time since last request: 0.000022 seconds.
  path: Assets/SourceFiles/Settings/DefaultVolumeProfile.asset
  importAddress: Guid(ab09877e2e707104187f6f83e2f62510) Importer(2089858483,b0f066a214c2f5e87bad3c948f4d605d)
Start importing Assets/SourceFiles/Settings/DefaultVolumeProfile.asset using Guid(ab09877e2e707104187f6f83e2f62510) Importer(2089858483,b0f066a214c2f5e87bad3c948f4d605d) (ScriptedImporter) -> (Import Result ID: '8df29d972becf70b91d8e392103094b6') in 0.0121749 seconds [static and dynamic dependencies]. Details - ImportResultOutputID=9a5997b92d049e10de9b180955e4a2be DependenciesID=7838d1849d35328287ef0fc04aefcded StaticDependenciesID=c8ad038e9ed0ea752a8fd231e0345c9a 
Number of updated asset objects reloaded before import = 0Number of asset objects unloaded after import = 0

========================================================================
Received Import Request.
  Time since last request: 0.000036 seconds.
  path: Assets/SourceFiles/Scripts/UpdateCollectibleCount.cs
  importAddress: Guid(12b990e8d7f314383856263e97f1c328) Importer(2089858483,b0f066a214c2f5e87bad3c948f4d605d)
Start importing Assets/SourceFiles/Scripts/UpdateCollectibleCount.cs using Guid(12b990e8d7f314383856263e97f1c328) Importer(2089858483,b0f066a214c2f5e87bad3c948f4d605d) (ScriptedImporter) -> (Import Result ID: '0e25d6e2ff328fd9e065b263fe3c0e81') in 0.0104429 seconds [static and dynamic dependencies]. Details - ImportResultOutputID=57f45cda9435a11634f8595833594c8f DependenciesID=4dccbb480f9d544b99be0ada619d0a4e StaticDependenciesID=5554fd409620ac1e3aac2ddefba066c0 
Number of updated asset objects reloaded before import = 0Number of asset objects unloaded after import = 0

========================================================================
Received Import Request.
  Time since last request: 0.000022 seconds.
  path: Assets/Skyboxes/SkyDay.mat
  importAddress: Guid(364592f1b6ac3eb4099e4b9e4bcbd7b2) Importer(2089858483,b0f066a214c2f5e87bad3c948f4d605d)
Start importing Assets/Skyboxes/SkyDay.mat using Guid(364592f1b6ac3eb4099e4b9e4bcbd7b2) Importer(2089858483,b0f066a214c2f5e87bad3c948f4d605d) (ScriptedImporter) -> (Import Result ID: '838219ab3fb3651b9c729ecf723ec2f5') in 0.0570668 seconds [static and dynamic dependencies]. Details - ImportResultOutputID=7202be3149632b138ba3e9d808b06d6a DependenciesID=5b9a03fbc69467cab5b21c1700e609d2 StaticDependenciesID=9f86b3732d9e0fe6cf694e7b0bff5bc1 
Number of updated asset objects reloaded before import = 0Number of asset objects unloaded after import = 2

========================================================================
Received Import Request.
  Time since last request: 0.000022 seconds.
  path: Assets/SourceFiles/Materials/Lamp_Mat.mat
  importAddress: Guid(4980b72044bc14046b3b8b3b805a702c) Importer(2089858483,b0f066a214c2f5e87bad3c948f4d605d)
Start importing Assets/SourceFiles/Materials/Lamp_Mat.mat using Guid(4980b72044bc14046b3b8b3b805a702c) Importer(2089858483,b0f066a214c2f5e87bad3c948f4d605d) (ScriptedImporter) -> (Import Result ID: 'cdd1ea8d0d8bf0eba20a1a5050af0933') in 0.0317766 seconds [static and dynamic dependencies]. Details - ImportResultOutputID=d9ff2a57bede9dd0c344c0ba28c0cd44 DependenciesID=ccf8f84b78bac0ff5645574bcb300bd2 StaticDependenciesID=168c32c72c243e678355ff2cbdaec80e 
Number of updated asset objects reloaded before import = 0Number of asset objects unloaded after import = 4

========================================================================
Received Import Request.
  Time since last request: 0.000025 seconds.
  path: Assets/SourceFiles/SoundFX/SFX_AmbienceClose.ogg
  importAddress: Guid(d01688d8b1daa4a7aa4d3934f4dfc90b) Importer(2089858483,b0f066a214c2f5e87bad3c948f4d605d)
Start importing Assets/SourceFiles/SoundFX/SFX_AmbienceClose.ogg using Guid(d01688d8b1daa4a7aa4d3934f4dfc90b) Importer(2089858483,b0f066a214c2f5e87bad3c948f4d605d) (ScriptedImporter) -> (Import Result ID: '5da51be9ec2cd499722a200352341611') in 0.0151666 seconds [static and dynamic dependencies]. Details - ImportResultOutputID=b811eba14492e1120249121ed105f9e4 DependenciesID=579972585ee0f2d090db80bcb5472dc0 StaticDependenciesID=ad6cd152ce27ebe62d4bdc1038994cd2 
Number of updated asset objects reloaded before import = 0Number of asset objects unloaded after import = 1

========================================================================
Received Import Request.
  Time since last request: 0.000033 seconds.
  path: Assets/Materials/Material_Simple_Red.mat
  importAddress: Guid(7ac70cd0acd7fe043821d114c9ae5fda) Importer(2089858483,b0f066a214c2f5e87bad3c948f4d605d)
Start importing Assets/Materials/Material_Simple_Red.mat using Guid(7ac70cd0acd7fe043821d114c9ae5fda) Importer(2089858483,b0f066a214c2f5e87bad3c948f4d605d) (ScriptedImporter) -> (Import Result ID: '36e30ccaf128af6d0220486cad189777') in 0.0266308 seconds [static and dynamic dependencies]. Details - ImportResultOutputID=c0d01131b07574648df641a3ac282c63 DependenciesID=3f10f8033c4d66485f5ed883d8f6bc01 StaticDependenciesID=935bb3f245ff0d7cd882b5a59dcd7df8 
Number of updated asset objects reloaded before import = 0Number of asset objects unloaded after import = 1

========================================================================
Received Import Request.
  Time since last request: 0.000021 seconds.
  path: Assets/SourceFiles/SoundFX/SFX_Respawn.ogg
  importAddress: Guid(55462452cb80442b6acf85f10b161e13) Importer(2089858483,b0f066a214c2f5e87bad3c948f4d605d)
Start importing Assets/SourceFiles/SoundFX/SFX_Respawn.ogg using Guid(55462452cb80442b6acf85f10b161e13) Importer(2089858483,b0f066a214c2f5e87bad3c948f4d605d) (ScriptedImporter) -> (Import Result ID: '656a45e8ad8ad639b993466e6bdbed8f') in 0.0118169 seconds [static and dynamic dependencies]. Details - ImportResultOutputID=f728c4a9e348b0cc4d6e9018c2b00fea DependenciesID=8954f47cd7fe93c0f9d7796ab9a10c90 StaticDependenciesID=7d9061c8c3e1186f773e39841208ead0 
Number of updated asset objects reloaded before import = 0Number of asset objects unloaded after import = 1

========================================================================
Received Import Request.
  Time since last request: 0.000018 seconds.
  path: Assets/Materials/Material_HexagonPurple.mat
  importAddress: Guid(b82373455e2376948880050c3fd40997) Importer(2089858483,b0f066a214c2f5e87bad3c948f4d605d)
Start importing Assets/Materials/Material_HexagonPurple.mat using Guid(b82373455e2376948880050c3fd40997) Importer(2089858483,b0f066a214c2f5e87bad3c948f4d605d) (ScriptedImporter) -> (Import Result ID: '4b94bc501dcb546655074ce7476e1a7f') in 0.0499175 seconds [static and dynamic dependencies]. Details - ImportResultOutputID=b8037e02d082e82b7926273ded3499bd DependenciesID=88332673fd6c60ae96083e22bce6c3db StaticDependenciesID=6efa6ec03c2ce9b9882dbc0348a7e6c5 
Number of updated asset objects reloaded before import = 0Number of asset objects unloaded after import = 4

========================================================================
Received Import Request.
  Time since last request: 0.000029 seconds.
  path: Assets/TextMesh Pro/Resources/TMP Settings.asset
  importAddress: Guid(3f5b5dff67a942289a9defa416b206f3) Importer(2089858483,b0f066a214c2f5e87bad3c948f4d605d)
Start importing Assets/TextMesh Pro/Resources/TMP Settings.asset using Guid(3f5b5dff67a942289a9defa416b206f3) Importer(2089858483,b0f066a214c2f5e87bad3c948f4d605d) (ScriptedImporter) -> (Import Result ID: '100a81baa1414e86b0b37dc4bd2e9dc3') in 0.0444387 seconds [static and dynamic dependencies]. Details - ImportResultOutputID=f881acc61eaa5db4eef1df01caf23c6a DependenciesID=916a91fe0bfe0cce19f3ffce85d0a874 StaticDependenciesID=c8804b8a5531bf9630cbb1cba09eb58a 
Number of updated asset objects reloaded before import = 0Number of asset objects unloaded after import = 16

========================================================================
Received Import Request.
  Time since last request: 0.000034 seconds.
  path: Assets/Scenes/GetStarted_Scene.unity
  importAddress: Guid(6888813f2bd9e4521b9b1343abf0c60f) Importer(2089858483,b0f066a214c2f5e87bad3c948f4d605d)
Start importing Assets/Scenes/GetStarted_Scene.unity using Guid(6888813f2bd9e4521b9b1343abf0c60f) Importer(2089858483,b0f066a214c2f5e87bad3c948f4d605d) (ScriptedImporter) -> (Import Result ID: 'bc9678d1abfe26ad7a4467c4dc575e52') in 0.0147273 seconds [static and dynamic dependencies]. Details - ImportResultOutputID=a7638f727f11241d1b312071c9fd69e1 DependenciesID=e7a1369d8ad4647965800ae8f2c70d55 StaticDependenciesID=7e500cae2fb153c38866c0d11879aebf 
Number of updated asset objects reloaded before import = 0Number of asset objects unloaded after import = 1

========================================================================
Received Import Request.
  Time since last request: 25.967179 seconds.
  path: Assets/TextMesh Pro/Shaders/TMP_SDF-HDRP LIT.shadergraph
  importAddress: Guid(ca2ed216f98028c4dae6c5224a952b3c) Importer(2089858483,b0f066a214c2f5e87bad3c948f4d605d)
Start importing Assets/TextMesh Pro/Shaders/TMP_SDF-HDRP LIT.shadergraph using Guid(ca2ed216f98028c4dae6c5224a952b3c) Importer(2089858483,b0f066a214c2f5e87bad3c948f4d605d) (ScriptedImporter) -> (Import Result ID: '2264c645ef61a27c331be833632fb81b') in 0.0508442 seconds [static and dynamic dependencies]. Details - ImportResultOutputID=a7977eaf882e85cd69125be39e88e8fb DependenciesID=76e12806a6065d62b500afd134e4cc95 StaticDependenciesID=d2e47b0202b7793cc774999f519fc45b 
Number of updated asset objects reloaded before import = 0Number of asset objects unloaded after import = 4

========================================================================
Received Import Request.
  Time since last request: 0.000022 seconds.
  path: Assets/Tutorials/Media/1.6 The Inspector window.png
  importAddress: Guid(c6e6a19aa19334657a586090866cbcf6) Importer(2089858483,b0f066a214c2f5e87bad3c948f4d605d)
Start importing Assets/Tutorials/Media/1.6 The Inspector window.png using Guid(c6e6a19aa19334657a586090866cbcf6) Importer(2089858483,b0f066a214c2f5e87bad3c948f4d605d) (ScriptedImporter) -> (Import Result ID: '77fc787ab5de3a070d8df0a60bcb9519') in 0.0500774 seconds [static and dynamic dependencies]. Details - ImportResultOutputID=b2a93688cd5786832c98fe38474b515d DependenciesID=2ad68b12976d063e91271dfb61835f9b StaticDependenciesID=d353a619b0d96c70e9ddb828f801eca8 
Number of updated asset objects reloaded before import = 0Number of asset objects unloaded after import = 1

========================================================================
Received Import Request.
  Time since last request: 0.000022 seconds.
  path: Assets/Tutorials/Media/2.11 Turn A Cube Into Bridge.webm
  importAddress: Guid(00313d13dfa6c3f4791a7d65e845ae54) Importer(2089858483,b0f066a214c2f5e87bad3c948f4d605d)
Start importing Assets/Tutorials/Media/2.11 Turn A Cube Into Bridge.webm using Guid(00313d13dfa6c3f4791a7d65e845ae54) Importer(2089858483,b0f066a214c2f5e87bad3c948f4d605d) (ScriptedImporter) -> (Import Result ID: '1374746da2e30136da307af79df168dc') in 0.0354946 seconds [static and dynamic dependencies]. Details - ImportResultOutputID=81a00a031739ce341118a7b3eb82376a DependenciesID=2204bf43c7d615ddf35538c2d7cb1a09 StaticDependenciesID=020e0633793acffdd3332007b5f45e29 
Number of updated asset objects reloaded before import = 0Number of asset objects unloaded after import = 1

========================================================================
Received Import Request.
  Time since last request: 0.000036 seconds.
  path: Assets/Tutorials/t2_Fundamentals/s2.12_Mastering the fundamentals.asset
  importAddress: Guid(9b01cfd5474d34b6395215b03589d8ad) Importer(2089858483,b0f066a214c2f5e87bad3c948f4d605d)
Start importing Assets/Tutorials/t2_Fundamentals/s2.12_Mastering the fundamentals.asset using Guid(9b01cfd5474d34b6395215b03589d8ad) Importer(2089858483,b0f066a214c2f5e87bad3c948f4d605d) (ScriptedImporter) -> (Import Result ID: '7caa318cb88f57a194fc8be2baa4cb60') in 0.0403655 seconds [static and dynamic dependencies]. Details - ImportResultOutputID=9ebb26608d675cc921fbcacafedd9dd4 DependenciesID=b459e061a21883b68e7c31d5435f3676 StaticDependenciesID=393188dac12b19fcebc497beb8efe437 
Number of updated asset objects reloaded before import = 0Number of asset objects unloaded after import = 2

========================================================================
Received Import Request.
  Time since last request: 0.000027 seconds.
  path: Assets/Tutorials/Styles/ApplyCustomThemeHelper.cs
  importAddress: Guid(12db35c4446e48e4ea8283c7e75fc482) Importer(2089858483,b0f066a214c2f5e87bad3c948f4d605d)
Start importing Assets/Tutorials/Styles/ApplyCustomThemeHelper.cs using Guid(12db35c4446e48e4ea8283c7e75fc482) Importer(2089858483,b0f066a214c2f5e87bad3c948f4d605d) (ScriptedImporter) -> (Import Result ID: 'da2fbd626f45764a673850a5d4b2e780') in 0.0381688 seconds [static and dynamic dependencies]. Details - ImportResultOutputID=3065b47588dc47248149828e0dd0c07b DependenciesID=37af32fd47800a4d2e0858a03c5280ea StaticDependenciesID=305de6f4498afb33ddd1f6bdb08ce67e 
Number of updated asset objects reloaded before import = 0Number of asset objects unloaded after import = 0

========================================================================
Received Import Request.
  Time since last request: 0.000019 seconds.
  path: Assets/Tutorials/Media/2.6 Select the Move tool.png
  importAddress: Guid(eaa2575294b0844f99781207cf1129af) Importer(2089858483,b0f066a214c2f5e87bad3c948f4d605d)
Start importing Assets/Tutorials/Media/2.6 Select the Move tool.png using Guid(eaa2575294b0844f99781207cf1129af) Importer(2089858483,b0f066a214c2f5e87bad3c948f4d605d) (ScriptedImporter) -> (Import Result ID: 'e2023ed52745cfe7db941acf4182f809') in 0.0166892 seconds [static and dynamic dependencies]. Details - ImportResultOutputID=6f063b135e1e202f3c1d7dcd0932fd77 DependenciesID=bc1f5e4bbe137dabdeac37f1fd2d3a5a StaticDependenciesID=5c9dc6f2374d44dcbf62b8a5dfe6ce59 
Number of updated asset objects reloaded before import = 0Number of asset objects unloaded after import = 1

========================================================================
Received Import Request.
  Time since last request: 0.000025 seconds.
  path: Assets/SourceFiles/Textures/Grid/Grid_02_BaseMap.png
  importAddress: Guid(d9c0dd5cdac07b145be73329e489869a) Importer(2089858483,b0f066a214c2f5e87bad3c948f4d605d)
Start importing Assets/SourceFiles/Textures/Grid/Grid_02_BaseMap.png using Guid(d9c0dd5cdac07b145be73329e489869a) Importer(2089858483,b0f066a214c2f5e87bad3c948f4d605d) (ScriptedImporter) -> (Import Result ID: 'acd15f3c6c0ff4a7d24016053ed0b485') in 0.0199952 seconds [static and dynamic dependencies]. Details - ImportResultOutputID=680f92eb54f45f38b6da24679c5dccb9 DependenciesID=672cd2885f680cb18a5200d6c20532e9 StaticDependenciesID=cf8018b432ef136d0b9fd709001117dd 
Number of updated asset objects reloaded before import = 0Number of asset objects unloaded after import = 1

========================================================================
Received Import Request.
  Time since last request: 0.000035 seconds.
  path: Assets/SourceFiles/TimmyRobot/Sfx/Player_Footstep_05.wav
  importAddress: Guid(14e8a8d2158bec840b56c54f5266e692) Importer(2089858483,b0f066a214c2f5e87bad3c948f4d605d)
Start importing Assets/SourceFiles/TimmyRobot/Sfx/Player_Footstep_05.wav using Guid(14e8a8d2158bec840b56c54f5266e692) Importer(2089858483,b0f066a214c2f5e87bad3c948f4d605d) (ScriptedImporter) -> (Import Result ID: 'ef9cb2ec9d9fc1c061db31ee363b9352') in 0.018989 seconds [static and dynamic dependencies]. Details - ImportResultOutputID=2016c4b372c2e3001981d27aac77d2d5 DependenciesID=9b30b858b982bba2c6d7ea3f90af3f6e StaticDependenciesID=2b368a6f30ff1b58fe0938c71d6ceef1 
Number of updated asset objects reloaded before import = 0Number of asset objects unloaded after import = 1

========================================================================
Received Import Request.
  Time since last request: 0.000031 seconds.
  path: Assets/SourceFiles/Textures/Repeating Tiles/Tile_CheckerBoard_Albedo.png
  importAddress: Guid(1209a9bcf1f69fc4693e6b62fb67c319) Importer(2089858483,b0f066a214c2f5e87bad3c948f4d605d)
Start importing Assets/SourceFiles/Textures/Repeating Tiles/Tile_CheckerBoard_Albedo.png using Guid(1209a9bcf1f69fc4693e6b62fb67c319) Importer(2089858483,b0f066a214c2f5e87bad3c948f4d605d) (ScriptedImporter) -> (Import Result ID: 'a3213c67ca130a5ecd1a5ade2a8c41ea') in 0.0166808 seconds [static and dynamic dependencies]. Details - ImportResultOutputID=54840a4dff4f393166af3c800da4a6aa DependenciesID=67d122a1fd5084a5912a42c8829a55e6 StaticDependenciesID=e31d6101c422243ac4291b26f79d9922 
Number of updated asset objects reloaded before import = 0Number of asset objects unloaded after import = 1

========================================================================
Received Import Request.
  Time since last request: 0.000025 seconds.
  path: Assets/SourceFiles/Textures/Repeating Tiles/Tile_CheckerBoard_BW.png
  importAddress: Guid(307a27bcb20b6da408ca9af4d27a6ed6) Importer(2089858483,b0f066a214c2f5e87bad3c948f4d605d)
Start importing Assets/SourceFiles/Textures/Repeating Tiles/Tile_CheckerBoard_BW.png using Guid(307a27bcb20b6da408ca9af4d27a6ed6) Importer(2089858483,b0f066a214c2f5e87bad3c948f4d605d) (ScriptedImporter) -> (Import Result ID: '2aba36a51b2e85faae90cc5475666224') in 0.0239954 seconds [static and dynamic dependencies]. Details - ImportResultOutputID=70957357950aa294bfbebbf8cf39f421 DependenciesID=f8cb12aef369ed0976548913450edfdd StaticDependenciesID=c3ecb666209c3ee0d547a4e831a417b1 
Number of updated asset objects reloaded before import = 0Number of asset objects unloaded after import = 1

========================================================================
Received Import Request.
  Time since last request: 0.000023 seconds.
  path: Assets/SourceFiles/Textures/Repeating Tiles/Candy_Normal.png
  importAddress: Guid(c0f1dd57febbc204e8e5bd604f96072e) Importer(2089858483,b0f066a214c2f5e87bad3c948f4d605d)
Start importing Assets/SourceFiles/Textures/Repeating Tiles/Candy_Normal.png using Guid(c0f1dd57febbc204e8e5bd604f96072e) Importer(2089858483,b0f066a214c2f5e87bad3c948f4d605d) (ScriptedImporter) -> (Import Result ID: '78ecacb04033e8b48e7b174aac900b3d') in 0.0229103 seconds [static and dynamic dependencies]. Details - ImportResultOutputID=9a0ea6eddcb56a1645d2f574e3817457 DependenciesID=4a42f1d676516a7d6c278a1f2095d545 StaticDependenciesID=e9e5ef138bc4663be0d05b4c510323a8 
Number of updated asset objects reloaded before import = 0Number of asset objects unloaded after import = 1

========================================================================
Received Import Request.
  Time since last request: 0.000058 seconds.
  path: Assets/SourceFiles/TimmyRobot/Sfx/Player_Footstep_07.wav
  importAddress: Guid(dd1af302b8902684d9381de1f2d3a5af) Importer(2089858483,b0f066a214c2f5e87bad3c948f4d605d)
Start importing Assets/SourceFiles/TimmyRobot/Sfx/Player_Footstep_07.wav using Guid(dd1af302b8902684d9381de1f2d3a5af) Importer(2089858483,b0f066a214c2f5e87bad3c948f4d605d) (ScriptedImporter) -> (Import Result ID: '6b8b81116c109eea6d27d87540127927') in 0.016851 seconds [static and dynamic dependencies]. Details - ImportResultOutputID=8a0c8293c45cb957e5a5afae3dad5386 DependenciesID=7ccad83555d5755f061147b5f1c4e445 StaticDependenciesID=3d140ae88ff8446020f172e8e319346f 
Number of updated asset objects reloaded before import = 0Number of asset objects unloaded after import = 1

========================================================================
Received Import Request.
  Time since last request: 0.000034 seconds.
  path: Assets/SourceFiles/StarterAssets/ThirdPersonController/Character/Animations/Locomotion--Walk_N_Land.anim.fbx
  importAddress: Guid(325a26d62b61fa94cb3c97c435efebc5) Importer(2089858483,b0f066a214c2f5e87bad3c948f4d605d)
Start importing Assets/SourceFiles/StarterAssets/ThirdPersonController/Character/Animations/Locomotion--Walk_N_Land.anim.fbx using Guid(325a26d62b61fa94cb3c97c435efebc5) Importer(2089858483,b0f066a214c2f5e87bad3c948f4d605d) (ScriptedImporter) -> (Import Result ID: 'fbe0f25579fcb126745e21af09d1b0d2') in 0.0623565 seconds [static and dynamic dependencies]. Details - ImportResultOutputID=373babb27a23c92777b45e52af5affb1 DependenciesID=e9baf5f8ffaa31d67d26973c4b287a10 StaticDependenciesID=33e6b8308950f5faf9c377a1a9e2cf43 
Number of updated asset objects reloaded before import = 0Number of asset objects unloaded after import = 144

========================================================================
Received Import Request.
  Time since last request: 0.000019 seconds.
  path: Assets/SourceFiles/StarterAssets/ThirdPersonController/Character/Animations/Jump--InAir.anim.fbx
  importAddress: Guid(063aa479676c4084ebf187660ca0a7b8) Importer(2089858483,b0f066a214c2f5e87bad3c948f4d605d)
Start importing Assets/SourceFiles/StarterAssets/ThirdPersonController/Character/Animations/Jump--InAir.anim.fbx using Guid(063aa479676c4084ebf187660ca0a7b8) Importer(2089858483,b0f066a214c2f5e87bad3c948f4d605d) (ScriptedImporter) -> (Import Result ID: '4e1d06e145a7f8984ed5de88ec05ccbe') in 0.0280034 seconds [static and dynamic dependencies]. Details - ImportResultOutputID=2bc5b181acd92f37e7b25ecd6b13ad4c DependenciesID=c98f169452690f9eeb8ec4b9acce99df StaticDependenciesID=e1937993c0da835f45317a0d38028d79 
Number of updated asset objects reloaded before import = 0Number of asset objects unloaded after import = 144

========================================================================
Received Import Request.
  Time since last request: 0.000032 seconds.
  path: Assets/SourceFiles/Textures/Skyboxes/SkyDay.png
  importAddress: Guid(86fb3c70b8eca0b4b9d540fefd339692) Importer(2089858483,b0f066a214c2f5e87bad3c948f4d605d)
Start importing Assets/SourceFiles/Textures/Skyboxes/SkyDay.png using Guid(86fb3c70b8eca0b4b9d540fefd339692) Importer(2089858483,b0f066a214c2f5e87bad3c948f4d605d) (ScriptedImporter) -> (Import Result ID: '147baed54217d20b9bef285aef39f04c') in 0.0505859 seconds [static and dynamic dependencies]. Details - ImportResultOutputID=5414393f138e49b4ad968f3a0a96b779 DependenciesID=bee4f60ef1b98f4d34b11553f76f35a2 StaticDependenciesID=82316242940af9964483d1801319b4b5 
Number of updated asset objects reloaded before import = 0Number of asset objects unloaded after import = 1

========================================================================
Received Import Request.
  Time since last request: 0.000033 seconds.
  path: Assets/TextMesh Pro/Shaders/TMP_SDF-Mobile.shader
  importAddress: Guid(fe393ace9b354375a9cb14cdbbc28be4) Importer(2089858483,b0f066a214c2f5e87bad3c948f4d605d)
Start importing Assets/TextMesh Pro/Shaders/TMP_SDF-Mobile.shader using Guid(fe393ace9b354375a9cb14cdbbc28be4) Importer(2089858483,b0f066a214c2f5e87bad3c948f4d605d) (ScriptedImporter) -> (Import Result ID: 'acc14488e57051f7e6a37510a9be0fb9') in 0.0137747 seconds [static and dynamic dependencies]. Details - ImportResultOutputID=e95ad43255c4ac0e0707aca485a8d1ed DependenciesID=f825658a74829254c0f2c0629933d5bc StaticDependenciesID=fc7b77840337b8921620e800bb6e7ccb 
Number of updated asset objects reloaded before import = 0Number of asset objects unloaded after import = 1

========================================================================
Received Import Request.
  Time since last request: 0.000021 seconds.
  path: Assets/Tutorials/t1_Interface/s1.11_The Unity interface.asset
  importAddress: Guid(aaf86eaa93e29c14c87faff956c7e318) Importer(2089858483,b0f066a214c2f5e87bad3c948f4d605d)
Start importing Assets/Tutorials/t1_Interface/s1.11_The Unity interface.asset using Guid(aaf86eaa93e29c14c87faff956c7e318) Importer(2089858483,b0f066a214c2f5e87bad3c948f4d605d) (ScriptedImporter) -> (Import Result ID: '208344cc2beaa4df1fedc5f8d8670de8') in 0.0182873 seconds [static and dynamic dependencies]. Details - ImportResultOutputID=712abcfa04ffbedbe0514870ec6e7bab DependenciesID=e4fad8e072839ba35575d16241f018d5 StaticDependenciesID=11daedd0122885dc1582de5798625bf8 
Number of updated asset objects reloaded before import = 0Number of asset objects unloaded after import = 2

========================================================================
Received Import Request.
  Time since last request: 0.000024 seconds.
  path: Assets/TextMesh Pro/Resources/Fonts & Materials/LiberationSans SDF - Drop Shadow.mat
  importAddress: Guid(e73a58f6e2794ae7b1b7e50b7fb811b0) Importer(2089858483,b0f066a214c2f5e87bad3c948f4d605d)
Start importing Assets/TextMesh Pro/Resources/Fonts & Materials/LiberationSans SDF - Drop Shadow.mat using Guid(e73a58f6e2794ae7b1b7e50b7fb811b0) Importer(2089858483,b0f066a214c2f5e87bad3c948f4d605d) (ScriptedImporter) -> (Import Result ID: '5613a8f3368f336365c70de12691213a') in 0.0309015 seconds [static and dynamic dependencies]. Details - ImportResultOutputID=e9dfe9ac20f80a0422104e8aa0123860 DependenciesID=a50d6a7860a8b6dbb37eef200024da51 StaticDependenciesID=88019135da2da4fcd85cec6acfa02a85 
Number of updated asset objects reloaded before import = 0Number of asset objects unloaded after import = 3

========================================================================
Received Import Request.
  Time since last request: 0.000026 seconds.
  path: Assets/SourceFiles/Textures/Repeating Tiles/Runes_Emission.png
  importAddress: Guid(dd08d5825c4530c4ba6ccbeb781e12d6) Importer(2089858483,b0f066a214c2f5e87bad3c948f4d605d)
Start importing Assets/SourceFiles/Textures/Repeating Tiles/Runes_Emission.png using Guid(dd08d5825c4530c4ba6ccbeb781e12d6) Importer(2089858483,b0f066a214c2f5e87bad3c948f4d605d) (ScriptedImporter) -> (Import Result ID: 'bdf400b6a2c9fc60b936af62802cc552') in 0.0151311 seconds [static and dynamic dependencies]. Details - ImportResultOutputID=9720a3399ad5cd530beb59e1469dea98 DependenciesID=3542c70babf9545e4c71a7d45cf3f290 StaticDependenciesID=8ec3a10503e046024bff8a1cafec6404 
Number of updated asset objects reloaded before import = 0Number of asset objects unloaded after import = 1

========================================================================
Received Import Request.
  Time since last request: 0.000033 seconds.
  path: Assets/Tutorials/t4_Share/s4.5_Share your project!.asset
  importAddress: Guid(ff7edbaf318e0c34887d2c1b3b3c624f) Importer(2089858483,b0f066a214c2f5e87bad3c948f4d605d)
Start importing Assets/Tutorials/t4_Share/s4.5_Share your project!.asset using Guid(ff7edbaf318e0c34887d2c1b3b3c624f) Importer(2089858483,b0f066a214c2f5e87bad3c948f4d605d) (ScriptedImporter) -> (Import Result ID: 'c3f2b8a76f470abff162c805df30b557') in 0.0160491 seconds [static and dynamic dependencies]. Details - ImportResultOutputID=b66a96939ea233290cd9ec95d0cdb883 DependenciesID=80488a48c0c272facc5d309938eb3310 StaticDependenciesID=f57646064d58deda1e001fa8089cdd77 
Number of updated asset objects reloaded before import = 0Number of asset objects unloaded after import = 2

========================================================================
Received Import Request.
  Time since last request: 0.000024 seconds.
  path: Assets/SourceFiles/TimmyRobot/Sfx/Player_Footstep_02.wav
  importAddress: Guid(85016e0f2b01da248b9663dd49a161b0) Importer(2089858483,b0f066a214c2f5e87bad3c948f4d605d)
Start importing Assets/SourceFiles/TimmyRobot/Sfx/Player_Footstep_02.wav using Guid(85016e0f2b01da248b9663dd49a161b0) Importer(2089858483,b0f066a214c2f5e87bad3c948f4d605d) (ScriptedImporter) -> (Import Result ID: '6247a32d40fb97d2471e351df4976385') in 0.0161889 seconds [static and dynamic dependencies]. Details - ImportResultOutputID=d78d6110872426ff542a700d8a8b6ef9 DependenciesID=ca0c159377698a4cd6b808818ff760c7 StaticDependenciesID=09be21104c306c75350fcf6a8de4537f 
Number of updated asset objects reloaded before import = 0Number of asset objects unloaded after import = 1

========================================================================
Received Import Request.
  Time since last request: 0.000027 seconds.
  path: Assets/Tutorials/Settings/QuickTourLayout.wlt
  importAddress: Guid(d134903b5a25c3c408818857f9d9de1b) Importer(2089858483,b0f066a214c2f5e87bad3c948f4d605d)
Start importing Assets/Tutorials/Settings/QuickTourLayout.wlt using Guid(d134903b5a25c3c408818857f9d9de1b) Importer(2089858483,b0f066a214c2f5e87bad3c948f4d605d) (ScriptedImporter) -> (Import Result ID: 'c3e95bf33785d7d48a5ee37d72b28517') in 0.0110007 seconds [static and dynamic dependencies]. Details - ImportResultOutputID=0ae499ffcfaa6360bd0ce48334f6ff28 DependenciesID=3b59e01cbaf63f60dba4cdda51cb9ccc StaticDependenciesID=e541e7561c51cd41aa3a90eae5419c48 
Number of updated asset objects reloaded before import = 0Number of asset objects unloaded after import = 1

========================================================================
Received Import Request.
  Time since last request: 0.000036 seconds.
  path: Assets/Tutorials/t3_Explore/s3.10_User interface.asset
  importAddress: Guid(43e26db414ee349d0aecf8498a59b50c) Importer(2089858483,b0f066a214c2f5e87bad3c948f4d605d)
Start importing Assets/Tutorials/t3_Explore/s3.10_User interface.asset using Guid(43e26db414ee349d0aecf8498a59b50c) Importer(2089858483,b0f066a214c2f5e87bad3c948f4d605d) (ScriptedImporter) -> (Import Result ID: '4553e6a7255f1fe2dcb815067318a969') in 0.0187406 seconds [static and dynamic dependencies]. Details - ImportResultOutputID=cef37fef0829dd2b0d131b69aaec48bc DependenciesID=37c544bc10e37b1d4336ba9951bb6bfe StaticDependenciesID=8106a0f7a5ed6d089356e4046877aab3 
Number of updated asset objects reloaded before import = 0Number of asset objects unloaded after import = 2

========================================================================
Received Import Request.
  Time since last request: 0.000033 seconds.
  path: Assets/Tutorials/Media/3.10 User interface.png
  importAddress: Guid(4f33d39dfb72948ef971f0ac2226556d) Importer(2089858483,b0f066a214c2f5e87bad3c948f4d605d)
Start importing Assets/Tutorials/Media/3.10 User interface.png using Guid(4f33d39dfb72948ef971f0ac2226556d) Importer(2089858483,b0f066a214c2f5e87bad3c948f4d605d) (ScriptedImporter) -> (Import Result ID: 'f21ab0a66fc47a97a47752c336e46b07') in 0.0211669 seconds [static and dynamic dependencies]. Details - ImportResultOutputID=4f209a95a9402d17d590c369b4789f5b DependenciesID=91622a63e58fc7e45fced40868a44524 StaticDependenciesID=9849365968e477f5c529182b101a898e 
Number of updated asset objects reloaded before import = 0Number of asset objects unloaded after import = 1

========================================================================
Received Import Request.
  Time since last request: 0.000023 seconds.
  path: Assets/Tutorials/t3_Explore/s3.13 Share your game.asset
  importAddress: Guid(45a771ced48a244609aef5e5ba9ec520) Importer(2089858483,b0f066a214c2f5e87bad3c948f4d605d)
Start importing Assets/Tutorials/t3_Explore/s3.13 Share your game.asset using Guid(45a771ced48a244609aef5e5ba9ec520) Importer(2089858483,b0f066a214c2f5e87bad3c948f4d605d) (ScriptedImporter) -> (Import Result ID: '3b983425da1edfd85949ec7a6b89a65b') in 0.0256708 seconds [static and dynamic dependencies]. Details - ImportResultOutputID=0d6560201004b4d038618197da80cbb2 DependenciesID=8aff9bc7b21c91e65d5300197c1241e4 StaticDependenciesID=ddbbfceb1b7bde9a2718c4af402cb627 
Number of updated asset objects reloaded before import = 0Number of asset objects unloaded after import = 2

========================================================================
Received Import Request.
  Time since last request: 0.000029 seconds.
  path: Assets/SourceFiles/Textures/Repeating Tiles/SandWavey_Albedo.tif
  importAddress: Guid(b5e9e889454a4054d89a2ae74b204aa1) Importer(2089858483,b0f066a214c2f5e87bad3c948f4d605d)
Start importing Assets/SourceFiles/Textures/Repeating Tiles/SandWavey_Albedo.tif using Guid(b5e9e889454a4054d89a2ae74b204aa1) Importer(2089858483,b0f066a214c2f5e87bad3c948f4d605d) (ScriptedImporter) -> (Import Result ID: 'fc021cebab3a144101f7854f5712b839') in 0.0200933 seconds [static and dynamic dependencies]. Details - ImportResultOutputID=c2d189897fd70ca313592c5f6f105760 DependenciesID=e242294c2a71c592c9297b92ee10c42f StaticDependenciesID=31949560c629b10735eeef5a7520303c 
Number of updated asset objects reloaded before import = 0Number of asset objects unloaded after import = 1

========================================================================
Received Import Request.
  Time since last request: 0.000025 seconds.
  path: Assets/Tutorials/t4_Share/s4.1_Overview.asset
  importAddress: Guid(24e05e1bc46d36c40bded17aed8bea6c) Importer(2089858483,b0f066a214c2f5e87bad3c948f4d605d)
Start importing Assets/Tutorials/t4_Share/s4.1_Overview.asset using Guid(24e05e1bc46d36c40bded17aed8bea6c) Importer(2089858483,b0f066a214c2f5e87bad3c948f4d605d) (ScriptedImporter) -> (Import Result ID: '2ef6e55a4554377f19dda6a80d433737') in 0.0580657 seconds [static and dynamic dependencies]. Details - ImportResultOutputID=0c0f2d723bf5e0902488af6398e37a18 DependenciesID=eb4f1f5d5b001e947fab78e816494440 StaticDependenciesID=60b625670d5362dbd608e7a2765a56e1 
Number of updated asset objects reloaded before import = 0Number of asset objects unloaded after import = 2

========================================================================
Received Import Request.
  Time since last request: 0.000039 seconds.
  path: Assets/Tutorials/Media/2.7 Move The Orange Box.webm
  importAddress: Guid(bad8788ab67631f458d2ddf72a88e802) Importer(2089858483,b0f066a214c2f5e87bad3c948f4d605d)
Start importing Assets/Tutorials/Media/2.7 Move The Orange Box.webm using Guid(bad8788ab67631f458d2ddf72a88e802) Importer(2089858483,b0f066a214c2f5e87bad3c948f4d605d) (ScriptedImporter) -> (Import Result ID: '792f697849221656905ef3653f466a57') in 0.0120191 seconds [static and dynamic dependencies]. Details - ImportResultOutputID=82d7e30508d90be5ff639042994e9031 DependenciesID=d29578927942c4e6a8b7eb1919394648 StaticDependenciesID=bcd758c84d8008d457b8cf76aea5dde9 
Number of updated asset objects reloaded before import = 0Number of asset objects unloaded after import = 1

========================================================================
Received Import Request.
  Time since last request: 0.000022 seconds.
  path: Assets/Tutorials/Media/2.0 Icon.png
  importAddress: Guid(ee64a6b5933dd4020ad8232fea261ced) Importer(2089858483,b0f066a214c2f5e87bad3c948f4d605d)
Start importing Assets/Tutorials/Media/2.0 Icon.png using Guid(ee64a6b5933dd4020ad8232fea261ced) Importer(2089858483,b0f066a214c2f5e87bad3c948f4d605d) (ScriptedImporter) -> (Import Result ID: 'eea74d440067aae5c055db1eb8bfc691') in 0.0211682 seconds [static and dynamic dependencies]. Details - ImportResultOutputID=e70cf9887f585a8caf7f59dc911fea61 DependenciesID=5f8db18652cb8926cde27956d6f81970 StaticDependenciesID=410ef0788425a124a6e14f5d831e0d9c 
Number of updated asset objects reloaded before import = 0Number of asset objects unloaded after import = 1

========================================================================
Received Import Request.
  Time since last request: 0.000034 seconds.
  path: Assets/Tutorials/t4_Share/s4.3_Build your project.asset
  importAddress: Guid(9ad978826897c4f3985bec5e14332d0f) Importer(2089858483,b0f066a214c2f5e87bad3c948f4d605d)
Start importing Assets/Tutorials/t4_Share/s4.3_Build your project.asset using Guid(9ad978826897c4f3985bec5e14332d0f) Importer(2089858483,b0f066a214c2f5e87bad3c948f4d605d) (ScriptedImporter) -> (Import Result ID: '3e3ef000ca0e560838059675617a794a') in 0.0145578 seconds [static and dynamic dependencies]. Details - ImportResultOutputID=4cd25956b9faa6412334559f0281f690 DependenciesID=c4079a22692a8e05aea8671a134e9f6c StaticDependenciesID=a8033216c31f25e4876bb9c9373e9f5f 
Number of updated asset objects reloaded before import = 0Number of asset objects unloaded after import = 2

========================================================================
Received Import Request.
  Time since last request: 0.000028 seconds.
  path: Assets/SourceFiles/Textures/Repeating Tiles/Tile_NightSky.png
  importAddress: Guid(c3e826ae73d15d240bb0f6c108f914da) Importer(2089858483,b0f066a214c2f5e87bad3c948f4d605d)
Start importing Assets/SourceFiles/Textures/Repeating Tiles/Tile_NightSky.png using Guid(c3e826ae73d15d240bb0f6c108f914da) Importer(2089858483,b0f066a214c2f5e87bad3c948f4d605d) (ScriptedImporter) -> (Import Result ID: '9bdbf7ec5d5cf073bbc35746152b96c2') in 0.0251393 seconds [static and dynamic dependencies]. Details - ImportResultOutputID=53dbae418a5b6c16cdb471658029aab3 DependenciesID=dd6ae84a4cac47ef8d9ad713564d9d11 StaticDependenciesID=793cb2f50d5852906d580ff486e5e79d 
Number of updated asset objects reloaded before import = 0Number of asset objects unloaded after import = 1

========================================================================
Received Import Request.
  Time since last request: 0.000034 seconds.
  path: Assets/SourceFiles/StarterAssets/ThirdPersonController/Character/Models/Armature.fbx
  importAddress: Guid(36078ab0369161e49a29d349ae3e0739) Importer(2089858483,b0f066a214c2f5e87bad3c948f4d605d)
Start importing Assets/SourceFiles/StarterAssets/ThirdPersonController/Character/Models/Armature.fbx using Guid(36078ab0369161e49a29d349ae3e0739) Importer(2089858483,b0f066a214c2f5e87bad3c948f4d605d) (ScriptedImporter) -> (Import Result ID: '9b208c2216c64ef8fe7ad300ba16f0ef') in 0.0448442 seconds [static and dynamic dependencies]. Details - ImportResultOutputID=77e7152f777ad242e3b7d8bc0471b5d5 DependenciesID=4a053dfea0ce1fe45423d3a35e3c6d43 StaticDependenciesID=e93b870102298fd94ec108ea178cd487 
Number of updated asset objects reloaded before import = 0Number of asset objects unloaded after import = 150

========================================================================
Received Import Request.
  Time since last request: 0.000017 seconds.
  path: Assets/Tutorials/Media/4.3 Build.webm
  importAddress: Guid(d303f8b062c94b0469b88a68d9f80bad) Importer(2089858483,b0f066a214c2f5e87bad3c948f4d605d)
Start importing Assets/Tutorials/Media/4.3 Build.webm using Guid(d303f8b062c94b0469b88a68d9f80bad) Importer(2089858483,b0f066a214c2f5e87bad3c948f4d605d) (ScriptedImporter) -> (Import Result ID: '40c8b30497cf15562c0ef2893eb95bda') in 0.0264162 seconds [static and dynamic dependencies]. Details - ImportResultOutputID=a31f32fc0ca4e95b4a6a7c279e05ccb9 DependenciesID=292cf3fab549bfd938fd39658d15a9ea StaticDependenciesID=da01dabecddb576d7572327ef1abc452 
Number of updated asset objects reloaded before import = 0Number of asset objects unloaded after import = 1

========================================================================
Received Import Request.
  Time since last request: 0.000022 seconds.
  path: Assets/SourceFiles/StarterAssets/ThirdPersonController/Character/Animations/Locomotion--Run_N.anim.fbx
  importAddress: Guid(16114d403eabb53438de032c6f0d1deb) Importer(2089858483,b0f066a214c2f5e87bad3c948f4d605d)
Start importing Assets/SourceFiles/StarterAssets/ThirdPersonController/Character/Animations/Locomotion--Run_N.anim.fbx using Guid(16114d403eabb53438de032c6f0d1deb) Importer(2089858483,b0f066a214c2f5e87bad3c948f4d605d) (ScriptedImporter) -> (Import Result ID: '0938c62d693b0eb3251c5cddccd4423d') in 0.0183566 seconds [static and dynamic dependencies]. Details - ImportResultOutputID=a6279aa8974e9b085cade170981c4196 DependenciesID=b94bab3844983c89ea01c014b86d3cc5 StaticDependenciesID=2613ba77b8a07e2d804e68895f731379 
Number of updated asset objects reloaded before import = 0Number of asset objects unloaded after import = 144

========================================================================
Received Import Request.
  Time since last request: 0.000033 seconds.
  path: Assets/Tutorials/t4_Share/s4.2_Switch platform.asset
  importAddress: Guid(d9ec8c0fe37add440a9f1ded138a6d8d) Importer(2089858483,b0f066a214c2f5e87bad3c948f4d605d)
Start importing Assets/Tutorials/t4_Share/s4.2_Switch platform.asset using Guid(d9ec8c0fe37add440a9f1ded138a6d8d) Importer(2089858483,b0f066a214c2f5e87bad3c948f4d605d) (ScriptedImporter) -> (Import Result ID: 'a4d7ee01210be9b728b778ce6e9f966e') in 0.0129013 seconds [static and dynamic dependencies]. Details - ImportResultOutputID=b9f04a05b8ca4c588c9ec55c2269228d DependenciesID=6747911aada600ec91cb6b12fa6ef375 StaticDependenciesID=d606db1444301a97fc9539ea69ef6fd2 
Number of updated asset objects reloaded before import = 0Number of asset objects unloaded after import = 2

========================================================================
Received Import Request.
  Time since last request: 0.000031 seconds.
  path: Assets/SourceFiles/Textures/Repeating Tiles/Moon_Albedo.png
  importAddress: Guid(3e88958cb2636a04ea2e010b6fb1ebf2) Importer(2089858483,b0f066a214c2f5e87bad3c948f4d605d)
Start importing Assets/SourceFiles/Textures/Repeating Tiles/Moon_Albedo.png using Guid(3e88958cb2636a04ea2e010b6fb1ebf2) Importer(2089858483,b0f066a214c2f5e87bad3c948f4d605d) (ScriptedImporter) -> (Import Result ID: 'a1ebe60e76e38ebcd10182bde5637592') in 0.0177912 seconds [static and dynamic dependencies]. Details - ImportResultOutputID=704b557a66c42fbc1de71de55da00840 DependenciesID=06ec546f48c085de3e9a90d76abc5c40 StaticDependenciesID=e7d1179e7554b6e12e765a424995de33 
Number of updated asset objects reloaded before import = 0Number of asset objects unloaded after import = 1

========================================================================
Received Import Request.
  Time since last request: 0.000019 seconds.
  path: Assets/Tutorials/t3_Explore/s3.7_Add ambient audio.asset
  importAddress: Guid(9bdf7f0bd2701454f90bb7dde8f2d578) Importer(2089858483,b0f066a214c2f5e87bad3c948f4d605d)
Start importing Assets/Tutorials/t3_Explore/s3.7_Add ambient audio.asset using Guid(9bdf7f0bd2701454f90bb7dde8f2d578) Importer(2089858483,b0f066a214c2f5e87bad3c948f4d605d) (ScriptedImporter) -> (Import Result ID: 'a6b27387ca4c1e787950b1b3089bfb5b') in 0.0134124 seconds [static and dynamic dependencies]. Details - ImportResultOutputID=f8f71bdae2544ea77ed9957b6c27817a DependenciesID=3fb26607722eb2197a0a69fc97b62aba StaticDependenciesID=b8929ebe247edffc8c14518a7f41eae9 
Number of updated asset objects reloaded before import = 0Number of asset objects unloaded after import = 2

