[Licensing::Module] Trying to connect to existing licensing client channel...
[Licensing::IpcConnector] Successfully connected to: "LicenseClient-Alex" at "2026-04-13T01:11:51.9471756Z"
Built from '6000.4/staging' branch; Version is '6000.4.2f1 (7a4c1aeef971) revision 8014874'; Using compiler version '194234433'; Build Type 'Release'
OS: 'Windows 11  (10.0.26200) Core' Language: 'en' Physical Memory: 32699 MB
BatchMode: 1, IsHumanControllingUs: 0, StartBugReporterOnCrash: 0, Is64bit: 1
System  architecture: x64
Process architecture: x64
Date: 2026-04-13T01:11:51Z

COMMAND LINE ARGUMENTS:
C:\Program Files\Unity\Hub\Editor\6000.4.2f1\Editor\Unity.exe
-adb2
-batchMode
-noUpm
-name
AssetImportWorker0
-projectPath
C:/Users/Alex/source/repos/OOP3-Project/Setup Guide In-Editor Tutorial
-logFile
Logs/AssetImportWorker0.log
-srvPort
60892
-licensingIpc
LicenseClient-Alex
-force-d3d12
-job-worker-count
11
-background-job-worker-count
8
-gc-helper-count
1
-name
AssetImport
Successfully changed project path to: C:/Users/Alex/source/repos/OOP3-Project/Setup Guide In-Editor Tutorial
C:/Users/Alex/source/repos/OOP3-Project/Setup Guide In-Editor Tutorial
[UnityMemory] Configuration Parameters - Can be set up in boot.config
    "memorysetup-temp-allocator-size-gi-baking-worker=262144"
    "memorysetup-temp-allocator-size-gi-baking-worker=262144"
    "memorysetup-temp-allocator-size-gi-baking-worker=262144"
    "memorysetup-temp-allocator-size-gi-baking-worker=262144"
    "memorysetup-temp-allocator-size-gi-baking-worker=262144"
    "memorysetup-temp-allocator-size-nav-mesh-worker=65536"
    "memorysetup-temp-allocator-size-audio-worker=65536"
    "memorysetup-temp-allocator-size-cloud-worker=32768"
    "memorysetup-temp-allocator-size-gfx=262144"
    "memorysetup-temp-allocator-size-preload-manager=33554432"
    "memorysetup-temp-allocator-size-job-worker=262144"
    "memorysetup-temp-allocator-size-background-worker=32768"
    "memorysetup-allocator-temp-initial-block-size-main=262144"
    "memorysetup-allocator-temp-initial-block-size-worker=262144"
    "memorysetup-bucket-allocator-granularity=16"
    "memorysetup-bucket-allocator-bucket-count=8"
    "memorysetup-bucket-allocator-block-size=33554432"
    "memorysetup-bucket-allocator-block-count=8"
    "memorysetup-main-allocator-block-size=16777216"
    "memorysetup-thread-allocator-block-size=16777216"
    "memorysetup-gfx-main-allocator-block-size=16777216"
    "memorysetup-gfx-thread-allocator-block-size=16777216"
    "memorysetup-cache-allocator-block-size=4194304"
    "memorysetup-typetree-allocator-block-size=2097152"
    "memorysetup-profiler-bucket-allocator-granularity=16"
    "memorysetup-profiler-bucket-allocator-bucket-count=8"
    "memorysetup-profiler-bucket-allocator-block-size=33554432"
    "memorysetup-profiler-bucket-allocator-block-count=8"
    "memorysetup-profiler-allocator-block-size=16777216"
    "memorysetup-profiler-editor-allocator-block-size=1048576"
    "memorysetup-temp-allocator-size-main=16777216"
    "memorysetup-job-temp-allocator-block-size=2097152"
    "memorysetup-job-temp-allocator-block-size-background=1048576"
    "memorysetup-job-temp-allocator-reduction-small-platforms=262144"
Player connection [11980]  Target information:

Player connection [11980]  * "[IP] 192.168.2.19 [Port] 0 [Flags] 2 [Guid] 2236860640 [EditorId] 2236860640 [Version] 1048832 [Id] WindowsEditor(7,DESKTOP-JFCVE9U) [Debug] 1 [PackageName] WindowsEditor [ProjectName] Editor" 

Player connection [11980] Host joined multi-casting on [225.0.0.222:54997]...
Player connection [11980] Host joined alternative multi-casting on [225.0.0.222:34997]...
JobSystem: Creating JobQueue using job-worker-count value 11
Input System module state changed to: Initialized.
[Physics::Module] Initialized fallback backend.
[Physics::Module] Id: 0xdecafbad
Library Redirect Path: Library/
[Physics::Module] Selected backend.
[Physics::Module] Name: PhysX
[Physics::Module] Id: 0xf2b8ea05
[Physics::Module] SDK Version: 4.1.2
[Physics::Module] Integration Version: 1.0.0
[Physics::Module] Threading Mode: Multi-Threaded
Initialize engine version: 6000.4.2f1 (7a4c1aeef971)
[Subsystems] Discovering subsystems at path C:/Program Files/Unity/Hub/Editor/6000.4.2f1/Editor/Data/Resources/UnitySubsystems
[Subsystems] Discovering subsystems at path C:/Users/Alex/source/repos/OOP3-Project/Setup Guide In-Editor Tutorial/Assets
Forcing GfxDevice: Direct3D 12
GfxDevice: creating device client; kGfxThreadingModeNonThreaded
d3d12: failed to query info queue interface (0x80004002).
Direct3D:
    Version:         Direct3D 12 [level 12.2]
    Renderer:        NVIDIA GeForce RTX 3070 (ID=0x2488)
    Vendor:          NVIDIA
    VRAM:            8018 MB
    App VRAM Budget: 7250 MB
    Driver:          32.0.15.9186
Initialize mono
Mono path[0] = 'C:/Program Files/Unity/Hub/Editor/6000.4.2f1/Editor/Data/Managed'
Mono path[1] = 'C:/Program Files/Unity/Hub/Editor/6000.4.2f1/Editor/Data/MonoBleedingEdge/lib/mono/unityjit-win32'
Mono config path = 'C:/Program Files/Unity/Hub/Editor/6000.4.2f1/Editor/Data/MonoBleedingEdge/etc'
Using monoOptions --debugger-agent=transport=dt_socket,embedding=1,server=y,suspend=n,address=127.0.0.1:56668
CodeReloadManager initialized
Begin MonoManager ReloadAssembly
Registering precompiled unity dll's ...
Register platform support module: C:/Program Files/Unity/Hub/Editor/6000.4.2f1/Editor/Data/PlaybackEngines/WebGLSupport/UnityEditor.WebGL.Extensions.dll
Register platform support module: C:/Program Files/Unity/Hub/Editor/6000.4.2f1/Editor/Data/PlaybackEngines/WindowsStandaloneSupport/UnityEditor.WindowsStandalone.Extensions.dll
Registered in 0.002577 seconds.
[Licensing::Client] Error: HandshakeResponse reported an error:
	ResponseCode: 505
	ResponseStatus: Unsupported protocol version '1.18.1'.
[Licensing::Module] Error: Failed to handshake to channel: "LicenseClient-Alex"
[Licensing::IpcConnector] LicenseClient-Alex channel disconnected successfully.
[Licensing::IpcConnector] Successfully connected to: "LicenseClient-Alex-6000.4.2" at "2026-04-13T01:11:55.0311731Z"
Native extension for WindowsStandalone target not found
Native extension for WebGL target not found
Package Manager log level set to [2]
[Package Manager] Failed to launch server process. Reason: Unity was launched with the -noUpm command-line argument
[Package Manager] Unable to send message (not connected to server process).
[Package Manager] Cannot connect to Unity Package Manager local server
ScheduleIndexationOnStartup MainProcess:False IndexOnStartup:True
Mono: successfully reloaded assembly
- Finished resetting the current domain, in  0.514 seconds
Domain Reload Profiling: 1143ms
	BeginReloadAssembly (181ms)
	RebuildCommonClasses (46ms)
	RebuildNativeTypeToScriptingClass (17ms)
	initialDomainReloadingComplete (93ms)
	LoadAllAssembliesAndSetupDomain (289ms)
		LoadAssemblies (176ms)
		AnalyzeDomain (279ms)
			TypeCache.Refresh (276ms)
				TypeCache.ScanAssembly (256ms)
	FinalizeReload (517ms)
		SetupLoadedEditorAssemblies (0ms)
			InitializePlatformSupportModulesInManaged (61ms)
			BeforeProcessingInitializeOnLoad (122ms)
			ProcessInitializeOnLoadAttributes (133ms)
			ProcessInitializeOnLoadMethodAttributes (117ms)
Assembly reference Packages/com.unity.cinemachine/Editor/Samples/ExposeHDRPInternals/HDRP-Editor-ref.asmref has no target assembly definition
========================================================================
Worker process is ready to serve import requests
Import Worker Mode flag is 0x00
Assembly reference Packages/com.unity.cinemachine/Editor/Samples/ExposeHDRPInternals/HDRP-Editor-ref.asmref has no target assembly definition
Assembly reference Packages/com.unity.cinemachine/Editor/Samples/ExposeHDRPInternals/HDRP-Editor-ref.asmref has no target assembly definition
Begin MonoManager ReloadAssembly
[Licensing::Module] Licensing is not yet initialized.
[Licensing::Client] Handshaking with LicensingClient:
  Version:                 1.18.1+9fbee8e
  Session Id:              be69b4e261a942968444c48c7c20b3e1
  Correlation Id:          1b23d9ea1cdfdf29c6fb0f51334831e3
  External correlation Id: 1025527514142211883
  Machine Id:              wbPOX1RStWPr1YvF1Np5ADIwJQo=
[Licensing::Module] Successfully connected to LicensingClient on channel: "LicenseClient-Alex-6000.4.2" (connect: 0.00s, validation: 0.00s, handshake: 2.58s)
[Licensing::IpcConnector] Successfully connected to: "LicenseClient-Alex-6000.4.2-notifications" at "2026-04-13T01:11:57.618356Z"
[Licensing::Module] Licensing Background thread has ended after 5.67s
[Licensing::Module] Licensing is initialized (took 1.42s).
[Licensing::Client] Successfully resolved entitlement details
[Licensing::Module] License group:
  Id: 3574404970447-UnityPersXXXX
  Product: Unity Personal
  Type: Assigned
  Expiration: Unlimited
Assembly Assembly-CSharp-Editor-firstpass.dll at Library/ScriptAssemblies/Assembly-CSharp-Editor-firstpass.dll not valid. Loading of assembly skipped.
Assembly Assembly-CSharp-firstpass.dll at Library/ScriptAssemblies/Assembly-CSharp-firstpass.dll not valid. Loading of assembly skipped.
Assembly TestNewCustomAssembly.dll at Library/ScriptAssemblies/TestNewCustomAssembly.dll not valid. Loading of assembly skipped.
Assembly Unity.Collections.BurstCompatibilityGen.dll at Library/ScriptAssemblies/Unity.Collections.BurstCompatibilityGen.dll not valid. Loading of assembly skipped.
Assembly Unity.Collections.DocCodeSamples.dll at Library/ScriptAssemblies/Unity.Collections.DocCodeSamples.dll not valid. Loading of assembly skipped.
Assembly Unity.Collections.PerformanceTests.dll at Library/ScriptAssemblies/Unity.Collections.PerformanceTests.dll not valid. Loading of assembly skipped.
Assembly Unity.Collections.Tests.dll at Library/ScriptAssemblies/Unity.Collections.Tests.dll not valid. Loading of assembly skipped.
Assembly Unity.Collections.Tests.Playmode.dll at Library/ScriptAssemblies/Unity.Collections.Tests.Playmode.dll not valid. Loading of assembly skipped.
Assembly Unity.InputSystem.IntegrationTests.dll at Library/ScriptAssemblies/Unity.InputSystem.IntegrationTests.dll not valid. Loading of assembly skipped.
Assembly Unity.Mathematics.Tests.dll at Library/ScriptAssemblies/Unity.Mathematics.Tests.dll not valid. Loading of assembly skipped.
Assembly Unity.Multiplayer.Center.Editor.Tests.dll at Library/ScriptAssemblies/Unity.Multiplayer.Center.Editor.Tests.dll not valid. Loading of assembly skipped.
Assembly Unity.Multiplayer.Center.Tests.dll at Library/ScriptAssemblies/Unity.Multiplayer.Center.Tests.dll not valid. Loading of assembly skipped.
Assembly Unity.Nuget.Mono-Cecil.dll at Library/ScriptAssemblies/Unity.Nuget.Mono-Cecil.dll not valid. Loading of assembly skipped.
Assembly Unity.PathTracing.Editor.Tests.dll at Library/ScriptAssemblies/Unity.PathTracing.Editor.Tests.dll not valid. Loading of assembly skipped.
Assembly Unity.PathTracing.Runtime.Tests.dll at Library/ScriptAssemblies/Unity.PathTracing.Runtime.Tests.dll not valid. Loading of assembly skipped.
Assembly Unity.RenderPipelines.Core.Editor.Tests.dll at Library/ScriptAssemblies/Unity.RenderPipelines.Core.Editor.Tests.dll not valid. Loading of assembly skipped.
Assembly Unity.RenderPipelines.Core.Runtime.Tests.dll at Library/ScriptAssemblies/Unity.RenderPipelines.Core.Runtime.Tests.dll not valid. Loading of assembly skipped.
Assembly Unity.RenderPipelines.Universal.Config.Editor.Tests.dll at Library/ScriptAssemblies/Unity.RenderPipelines.Universal.Config.Editor.Tests.dll not valid. Loading of assembly skipped.
Assembly Unity.RenderPipelines.Universal.Editor.Tests.dll at Library/ScriptAssemblies/Unity.RenderPipelines.Universal.Editor.Tests.dll not valid. Loading of assembly skipped.
Assembly Unity.RenderPipelines.Universal.Runtime.Tests.dll at Library/ScriptAssemblies/Unity.RenderPipelines.Universal.Runtime.Tests.dll not valid. Loading of assembly skipped.
Assembly Unity.Searcher.EditorTests.dll at Library/ScriptAssemblies/Unity.Searcher.EditorTests.dll not valid. Loading of assembly skipped.
Assembly Unity.Settings.Tests.dll at Library/ScriptAssemblies/Unity.Settings.Tests.dll not valid. Loading of assembly skipped.
Assembly Unity.ShaderGraph.Editor.Tests.dll at Library/ScriptAssemblies/Unity.ShaderGraph.Editor.Tests.dll not valid. Loading of assembly skipped.
Assembly Unity.TextMeshPro.Editor.Tests.dll at Library/ScriptAssemblies/Unity.TextMeshPro.Editor.Tests.dll not valid. Loading of assembly skipped.
Assembly Unity.TextMeshPro.Tests.dll at Library/ScriptAssemblies/Unity.TextMeshPro.Tests.dll not valid. Loading of assembly skipped.
Assembly Unity.Tutorials.Core.Editor.Tests.dll at Library/ScriptAssemblies/Unity.Tutorials.Core.Editor.Tests.dll not valid. Loading of assembly skipped.
Assembly Unity.Tutorials.Core.Tests.dll at Library/ScriptAssemblies/Unity.Tutorials.Core.Tests.dll not valid. Loading of assembly skipped.
Assembly Unity.UnifiedRayTracing.Editor.Tests.dll at Library/ScriptAssemblies/Unity.UnifiedRayTracing.Editor.Tests.dll not valid. Loading of assembly skipped.
Assembly UnityEditor.UI.Common.Tests.dll at Library/ScriptAssemblies/UnityEditor.UI.Common.Tests.dll not valid. Loading of assembly skipped.
Assembly UnityEditor.UI.EditorTests.dll at Library/ScriptAssemblies/UnityEditor.UI.EditorTests.dll not valid. Loading of assembly skipped.
Assembly UnityEngine.UI.Tests.dll at Library/ScriptAssemblies/UnityEngine.UI.Tests.dll not valid. Loading of assembly skipped.
Assembly reference Packages/com.unity.cinemachine/Editor/Samples/ExposeHDRPInternals/HDRP-Editor-ref.asmref has no target assembly definition
'Packages/com.unity.cinemachine/Editor/Obsolete/CinemachineVirtualCameraBaseEditor.cs' contains partial class of Unity.Object, exactly 1 of the partial classes needs to be in a file with the same filename. This is to know the one that can be referenced from ie. GameObjects
'Packages/com.unity.cinemachine/Editor/Editors/CinemachineVirtualCameraBaseEditor.cs' contains partial class of Unity.Object, exactly 1 of the partial classes needs to be in a file with the same filename. This is to know the one that can be referenced from ie. GameObjects
Native extension for WindowsStandalone target not found
Native extension for WebGL target not found
Assembly reference Packages/com.unity.cinemachine/Editor/Samples/ExposeHDRPInternals/HDRP-Editor-ref.asmref has no target assembly definition
[Package Manager] Failed to launch server process. Reason: Unity was launched with the -noUpm command-line argument
[Package Manager] Unable to send message (not connected to server process).
[Package Manager] Cannot connect to Unity Package Manager local server
[Package Manager] Failed to launch server process. Reason: Unity was launched with the -noUpm command-line argument
[Package Manager] Unable to send message (not connected to server process).
[Package Manager] Cannot connect to Unity Package Manager local server
ScheduleIndexationOnStartup MainProcess:False IndexOnStartup:True
Mono: successfully reloaded assembly
- Finished resetting the current domain, in  0.746 seconds
Domain Reload Profiling: 3092ms
	BeginReloadAssembly (1655ms)
		DisableScriptedObjects (7ms)
		CreateAndSetChildDomain (39ms)
	RebuildCommonClasses (54ms)
	RebuildNativeTypeToScriptingClass (16ms)
	initialDomainReloadingComplete (90ms)
	LoadAllAssembliesAndSetupDomain (531ms)
		LoadAssemblies (452ms)
		AnalyzeDomain (204ms)
			TypeCache.Refresh (138ms)
				TypeCache.ScanAssembly (122ms)
			BuildScriptInfoCaches (52ms)
			ResolveRequiredComponents (12ms)
	FinalizeReload (746ms)
		SetupLoadedEditorAssemblies (0ms)
			InitializePlatformSupportModulesInManaged (3ms)
			BeforeProcessingInitializeOnLoad (162ms)
			ProcessInitializeOnLoadAttributes (200ms)
			ProcessInitializeOnLoadMethodAttributes (77ms)
			AfterProcessingInitializeOnLoad (11ms)
		AwakeInstancesAfterBackupRestoration (8ms)
Launched and connected shader compiler UnityShaderCompiler.exe after 0.02 seconds
Unloading 85 Unused Serialized files (Serialized files now loaded: 0)
Unloading 4343 unused Assets / (12.8 MB). Loaded Objects now: 5068.
Memory consumption went from 150.1 MB to 137.3 MB.
Total: 16.748400 ms (FindLiveObjects: 0.887900 ms CreateObjectMapping: 0.238000 ms MarkObjects: 6.627000 ms  DeleteObjects: 8.993100 ms)

========================================================================
Received Import Request.
  Time since last request: 195705.774452 seconds.
  path: Assets/SourceFiles/Settings/Postprocessing Profile.asset
  importAddress: Guid(55466062bffd39241915591e85d24b7f) Importer(2089858483,b0f066a214c2f5e87bad3c948f4d605d)
Start importing Assets/SourceFiles/Settings/Postprocessing Profile.asset using Guid(55466062bffd39241915591e85d24b7f) Importer(2089858483,b0f066a214c2f5e87bad3c948f4d605d) (ScriptedImporter) -> (Import Result ID: '1e6d3650cae78944c560425b744ae307') in 0.1287357 seconds [static and dynamic dependencies]. Details - ImportResultOutputID=2a0aacbc6a7f3a2375e5a8a64972994a DependenciesID=3dc78140c63f149b2c4b422f337ec494 StaticDependenciesID=6f4e3aad5b4866e3ff9cb5c61f84a4aa 
Number of updated asset objects reloaded before import = 0Number of asset objects unloaded after import = 3

========================================================================
Received Import Request.
  Time since last request: 0.000027 seconds.
  path: Assets/Skyboxes/SkySunset.mat
  importAddress: Guid(d99cafe839075664b961c501e1560b60) Importer(2089858483,b0f066a214c2f5e87bad3c948f4d605d)
Start importing Assets/Skyboxes/SkySunset.mat using Guid(d99cafe839075664b961c501e1560b60) Importer(2089858483,b0f066a214c2f5e87bad3c948f4d605d) (ScriptedImporter) -> (Import Result ID: '27d4b23fc00b3097278e237729cfa936') in 0.1089298 seconds [static and dynamic dependencies]. Details - ImportResultOutputID=b99b120fa47956b5ad227c8a5fff7c75 DependenciesID=142ac5f3e99a4b993de1047d8df84d37 StaticDependenciesID=4ef6baa63174d76d4698450c6e02e443 
Number of updated asset objects reloaded before import = 0Number of asset objects unloaded after import = 2

========================================================================
Received Import Request.
  Time since last request: 0.000045 seconds.
  path: Assets/SourceFiles/VFX/RaindropMaterial.mat
  importAddress: Guid(5484ed28ab21a4fd3a0c3675fb02645d) Importer(2089858483,b0f066a214c2f5e87bad3c948f4d605d)
Start importing Assets/SourceFiles/VFX/RaindropMaterial.mat using Guid(5484ed28ab21a4fd3a0c3675fb02645d) Importer(2089858483,b0f066a214c2f5e87bad3c948f4d605d) (ScriptedImporter) -> (Import Result ID: 'cc6ded4adb756d4269287c4fdce1842e') in 0.0414549 seconds [static and dynamic dependencies]. Details - ImportResultOutputID=791bade989dcfc4e5aa8dc4fd77d6d98 DependenciesID=b55870822b8dec50c1a100d0d84c1f65 StaticDependenciesID=34d61e45a9b061532e02a43921c734ab 
Number of updated asset objects reloaded before import = 0Number of asset objects unloaded after import = 2

========================================================================
Received Import Request.
  Time since last request: 0.000022 seconds.
  path: Assets/Skyboxes/SkyNight.mat
  importAddress: Guid(06b582502761fcf4b88cba8dd8ab9a58) Importer(2089858483,b0f066a214c2f5e87bad3c948f4d605d)
Start importing Assets/Skyboxes/SkyNight.mat using Guid(06b582502761fcf4b88cba8dd8ab9a58) Importer(2089858483,b0f066a214c2f5e87bad3c948f4d605d) (ScriptedImporter) -> (Import Result ID: '8e414b94c3bef589c6a28a2a57d9be87') in 0.0932114 seconds [static and dynamic dependencies]. Details - ImportResultOutputID=89146943d8042b68f4bbdd7ac97e197c DependenciesID=feb252048dbf51ad18ce218f4b6443b9 StaticDependenciesID=06a9ea4efaba64c7c5c29a08d8ca1fb8 
Number of updated asset objects reloaded before import = 0Number of asset objects unloaded after import = 2

========================================================================
Received Import Request.
  Time since last request: 0.000034 seconds.
  path: Assets/Materials/Material_SandLumpy.mat
  importAddress: Guid(77106f08652b99b4b9250f3d3b25a8dc) Importer(2089858483,b0f066a214c2f5e87bad3c948f4d605d)
Start importing Assets/Materials/Material_SandLumpy.mat using Guid(77106f08652b99b4b9250f3d3b25a8dc) Importer(2089858483,b0f066a214c2f5e87bad3c948f4d605d) (ScriptedImporter) -> (Import Result ID: 'f70678e83671995d64173336d5465011') in 0.0806158 seconds [static and dynamic dependencies]. Details - ImportResultOutputID=bf671eede9c5f12d5d8a934f799c6d17 DependenciesID=78688bd8717068ea3e2e1061ae20d6f0 StaticDependenciesID=897f722db8b4651a5ef7a9d893396114 
Number of updated asset objects reloaded before import = 0Number of asset objects unloaded after import = 3

========================================================================
Received Import Request.
  Time since last request: 0.000035 seconds.
  path: Assets/TextMesh Pro/Shaders/TMPro_Mobile.cginc
  importAddress: Guid(c334973cef89a9840b0b0c507e0377ab) Importer(2089858483,b0f066a214c2f5e87bad3c948f4d605d)
Start importing Assets/TextMesh Pro/Shaders/TMPro_Mobile.cginc using Guid(c334973cef89a9840b0b0c507e0377ab) Importer(2089858483,b0f066a214c2f5e87bad3c948f4d605d) (ScriptedImporter) -> (Import Result ID: '533d95c1b1a28bb2563df66993565068') in 0.0171696 seconds [static and dynamic dependencies]. Details - ImportResultOutputID=c846227ad9ab5c66f83a5519564bba20 DependenciesID=4fa22ae5160e3f9bb3b5046934542524 StaticDependenciesID=3c52ead75c0407d07f24c091d109dded 
Number of updated asset objects reloaded before import = 0Number of asset objects unloaded after import = 1

========================================================================
Received Import Request.
  Time since last request: 0.000021 seconds.
  path: Assets/Materials/Material_Stripes.mat
  importAddress: Guid(3bc9f48c2baecee4d88b6cf2f1c3538b) Importer(2089858483,b0f066a214c2f5e87bad3c948f4d605d)
Start importing Assets/Materials/Material_Stripes.mat using Guid(3bc9f48c2baecee4d88b6cf2f1c3538b) Importer(2089858483,b0f066a214c2f5e87bad3c948f4d605d) (ScriptedImporter) -> (Import Result ID: 'f5c2b32b344321170f818a66e94b781a') in 0.0395281 seconds [static and dynamic dependencies]. Details - ImportResultOutputID=cc1d9ab3c524db342cebf929850fa061 DependenciesID=a968ac5cc51d49d6e777310df027528d StaticDependenciesID=55644f0b1ee660a5ab252334140d399c 
Number of updated asset objects reloaded before import = 0Number of asset objects unloaded after import = 2

========================================================================
Received Import Request.
  Time since last request: 0.000021 seconds.
  path: Assets/SourceFiles/Settings/Mobile_RPAsset.asset
  importAddress: Guid(5e6cbd92db86f4b18aec3ed561671858) Importer(2089858483,b0f066a214c2f5e87bad3c948f4d605d)
Start importing Assets/SourceFiles/Settings/Mobile_RPAsset.asset using Guid(5e6cbd92db86f4b18aec3ed561671858) Importer(2089858483,b0f066a214c2f5e87bad3c948f4d605d) (ScriptedImporter) -> (Import Result ID: 'e5d7cc74a6513a2d18241f11bdef1594') in 0.089642 seconds [static and dynamic dependencies]. Details - ImportResultOutputID=5b9c06edfdbaf131fcee0ab185375a57 DependenciesID=4ed6fc460a0695c3c3c1164a990fa2d5 StaticDependenciesID=45f33016853eae523f7c26ef61958242 
Number of updated asset objects reloaded before import = 0Number of asset objects unloaded after import = 2

========================================================================
Received Import Request.
  Time since last request: 0.000027 seconds.
  path: Assets/SourceFiles/VFX/RaindropTexture.png
  importAddress: Guid(325412413754045069b4b7da10244388) Importer(2089858483,b0f066a214c2f5e87bad3c948f4d605d)
Start importing Assets/SourceFiles/VFX/RaindropTexture.png using Guid(325412413754045069b4b7da10244388) Importer(2089858483,b0f066a214c2f5e87bad3c948f4d605d) (ScriptedImporter) -> (Import Result ID: '1567361b142da4d50b3d0768a58e54ae') in 0.0659003 seconds [static and dynamic dependencies]. Details - ImportResultOutputID=4ff6e3ffb36583a78a02c4c44ed1f891 DependenciesID=ee87daabde21e02ba11f5bd36cf878e4 StaticDependenciesID=ad11cca92289e3013ed3c247298f83bd 
Number of updated asset objects reloaded before import = 0Number of asset objects unloaded after import = 1

========================================================================
Received Import Request.
  Time since last request: 0.000041 seconds.
  path: Assets/SourceFiles/SoundFX/Music_Ethereal.ogg
  importAddress: Guid(fd6b6d51cfcff4925a7954922d0891f8) Importer(2089858483,b0f066a214c2f5e87bad3c948f4d605d)
Start importing Assets/SourceFiles/SoundFX/Music_Ethereal.ogg using Guid(fd6b6d51cfcff4925a7954922d0891f8) Importer(2089858483,b0f066a214c2f5e87bad3c948f4d605d) (ScriptedImporter) -> (Import Result ID: '687af65f4cca878e2005f6bf4854a3b4') in 0.0168321 seconds [static and dynamic dependencies]. Details - ImportResultOutputID=cd0540b67a912144d7c81adcde2f4a74 DependenciesID=2e5c86ab737eb04c09979807535e25cb StaticDependenciesID=347701f2a1992e44826a1e8953e03080 
Number of updated asset objects reloaded before import = 0Number of asset objects unloaded after import = 1

========================================================================
Received Import Request.
  Time since last request: 0.000019 seconds.
  path: Assets/SourceFiles/Animation/Moving_Platform.controller
  importAddress: Guid(704484908930d4318bebce9fa830b0f8) Importer(2089858483,b0f066a214c2f5e87bad3c948f4d605d)
Start importing Assets/SourceFiles/Animation/Moving_Platform.controller using Guid(704484908930d4318bebce9fa830b0f8) Importer(2089858483,b0f066a214c2f5e87bad3c948f4d605d) (ScriptedImporter) -> (Import Result ID: 'c3a639e379dadcfd2358d726b24aa27a') in 0.0290355 seconds [static and dynamic dependencies]. Details - ImportResultOutputID=6aa37d8cf8087250db5c1b96fb625c45 DependenciesID=3909fcc529677d408a09f92c6bf1408b StaticDependenciesID=1185225b66f415f6b5cabd86778524b5 
Number of updated asset objects reloaded before import = 0Number of asset objects unloaded after import = 4

========================================================================
Received Import Request.
  Time since last request: 0.000023 seconds.
  path: Assets/SourceFiles/SoundFX/Ambient_Sci-Fi.ogg
  importAddress: Guid(aaddc7a3e84194b81a1bc68337002670) Importer(2089858483,b0f066a214c2f5e87bad3c948f4d605d)
Start importing Assets/SourceFiles/SoundFX/Ambient_Sci-Fi.ogg using Guid(aaddc7a3e84194b81a1bc68337002670) Importer(2089858483,b0f066a214c2f5e87bad3c948f4d605d) (ScriptedImporter) -> (Import Result ID: '78335355ac7b944080190a303c4571d8') in 0.0182546 seconds [static and dynamic dependencies]. Details - ImportResultOutputID=3caffd0edd6edafedd9e7a6958cf4779 DependenciesID=add4724cd19ae142e45ca003563e57aa StaticDependenciesID=368f23c9428db300bf1b82a5b499e3d5 
Number of updated asset objects reloaded before import = 0Number of asset objects unloaded after import = 1

========================================================================
Received Import Request.
  Time since last request: 0.000025 seconds.
  path: Assets/Audio/Background_Ambient_Sci-Fi.prefab
  importAddress: Guid(5fa452b78008549fe9c17940d1b51932) Importer(2089858483,b0f066a214c2f5e87bad3c948f4d605d)
Start importing Assets/Audio/Background_Ambient_Sci-Fi.prefab using Guid(5fa452b78008549fe9c17940d1b51932) Importer(2089858483,b0f066a214c2f5e87bad3c948f4d605d) (ScriptedImporter) -> (Import Result ID: 'd61d081e8ed8bb3797a7e4162960c02a') in 0.0455683 seconds [static and dynamic dependencies]. Details - ImportResultOutputID=9152802e934ebdc50672fd0d9159da0d DependenciesID=f4473ca88ba2ae8286df14ecdeb29460 StaticDependenciesID=fc74b2747006181b7b004e9cd5eaa6b2 
Number of updated asset objects reloaded before import = 0Number of asset objects unloaded after import = 6

========================================================================
Received Import Request.
  Time since last request: 0.000035 seconds.
  path: Assets/Materials/Material_Simple_BlueLight.mat
  importAddress: Guid(746db0470e7b3fd42ac190d205244cd4) Importer(2089858483,b0f066a214c2f5e87bad3c948f4d605d)
Start importing Assets/Materials/Material_Simple_BlueLight.mat using Guid(746db0470e7b3fd42ac190d205244cd4) Importer(2089858483,b0f066a214c2f5e87bad3c948f4d605d) (ScriptedImporter) -> (Import Result ID: '0ed55544205d7eea6ff3791859208700') in 0.0208392 seconds [static and dynamic dependencies]. Details - ImportResultOutputID=85a3c2cc5b2e57fa8913b1641a64dc7e DependenciesID=749f59b3647ea301de46c714b0e9224d StaticDependenciesID=07beb76b434e0eca30f48b4ce1b89090 
Number of updated asset objects reloaded before import = 0Number of asset objects unloaded after import = 1

========================================================================
Received Import Request.
  Time since last request: 0.000020 seconds.
  path: Assets/SourceFiles/Models/Box_350x250x300_Mesh.fbx
  importAddress: Guid(d2f0da3998423f44594868ffed55c3e6) Importer(2089858483,b0f066a214c2f5e87bad3c948f4d605d)
Start importing Assets/SourceFiles/Models/Box_350x250x300_Mesh.fbx using Guid(d2f0da3998423f44594868ffed55c3e6) Importer(2089858483,b0f066a214c2f5e87bad3c948f4d605d) (ScriptedImporter) -> (Import Result ID: '1e2aed9c97fdcaa35c20b55f909c7598') in 0.0477314 seconds [static and dynamic dependencies]. Details - ImportResultOutputID=56f580952f5ea741d8a40f20b2f858e6 DependenciesID=8a0ffec31ae7e04fe9d43cc119d31396 StaticDependenciesID=1b3ab066a0e14fd6759d48d4fbd2c5aa 
Number of updated asset objects reloaded before import = 0Number of asset objects unloaded after import = 8

========================================================================
Received Import Request.
  Time since last request: 0.000018 seconds.
  path: Assets/VFX/VFX_Snow.prefab
  importAddress: Guid(d420fe1edafc9485c9c263c2e8523483) Importer(2089858483,b0f066a214c2f5e87bad3c948f4d605d)
Start importing Assets/VFX/VFX_Snow.prefab using Guid(d420fe1edafc9485c9c263c2e8523483) Importer(2089858483,b0f066a214c2f5e87bad3c948f4d605d) (ScriptedImporter) -> (Import Result ID: '6ffaad99bc62aeff11e47e6fc300178b') in 0.088492 seconds [static and dynamic dependencies]. Details - ImportResultOutputID=02dc7f9806baa3fdfdce50d0555e93fa DependenciesID=018990d714f822867c4a6528f29bc927 StaticDependenciesID=713f077a282d5c5329a513a6d119ad25 
Number of updated asset objects reloaded before import = 0Number of asset objects unloaded after import = 6

========================================================================
Received Import Request.
  Time since last request: 0.000024 seconds.
  path: Assets/Prefabs/Moving_Platform.prefab
  importAddress: Guid(e42ada2c1e0e74736940be821b5ebe21) Importer(2089858483,b0f066a214c2f5e87bad3c948f4d605d)
Start importing Assets/Prefabs/Moving_Platform.prefab using Guid(e42ada2c1e0e74736940be821b5ebe21) Importer(2089858483,b0f066a214c2f5e87bad3c948f4d605d) (ScriptedImporter) -> (Import Result ID: '8bd95649f21fce0ab441db7276990158') in 0.0272241 seconds [static and dynamic dependencies]. Details - ImportResultOutputID=022bc80eb8edca98e0d18fe7d832e813 DependenciesID=483e8753e780735da5741b44a3b5e626 StaticDependenciesID=ec18eed15883ad7a99e91094c261123c 
Number of updated asset objects reloaded before import = 0Number of asset objects unloaded after import = 14

========================================================================
Received Import Request.
  Time since last request: 25.905744 seconds.
  path: Assets/TextMesh Pro/Shaders/TMP_Bitmap.shader
  importAddress: Guid(128e987d567d4e2c824d754223b3f3b0) Importer(2089858483,b0f066a214c2f5e87bad3c948f4d605d)
Start importing Assets/TextMesh Pro/Shaders/TMP_Bitmap.shader using Guid(128e987d567d4e2c824d754223b3f3b0) Importer(2089858483,b0f066a214c2f5e87bad3c948f4d605d) (ScriptedImporter) -> (Import Result ID: 'a6ada19926147ee4f4d46f605f49998b') in 0.0177697 seconds [static and dynamic dependencies]. Details - ImportResultOutputID=428b6fb4c45cbecd979d9c9a00e85dac DependenciesID=7d77b5e9fe754698ef1729636c2edc2b StaticDependenciesID=54796b178d1ac5560e8bbc383702abfe 
Number of updated asset objects reloaded before import = 0Number of asset objects unloaded after import = 1

========================================================================
Received Import Request.
  Time since last request: 0.000025 seconds.
  path: Assets/Tutorials/Media/3.2 Animation.png
  importAddress: Guid(f4083ed73845543f9ae16a30d06ffa1c) Importer(2089858483,b0f066a214c2f5e87bad3c948f4d605d)
Start importing Assets/Tutorials/Media/3.2 Animation.png using Guid(f4083ed73845543f9ae16a30d06ffa1c) Importer(2089858483,b0f066a214c2f5e87bad3c948f4d605d) (ScriptedImporter) -> (Import Result ID: '3773212e5c8f57d5f2a21df10a867ecf') in 0.0314043 seconds [static and dynamic dependencies]. Details - ImportResultOutputID=ca9efb4bfbfea9014a070389be80edcd DependenciesID=bf2251079ba8582277abdca95b54ff7a StaticDependenciesID=45b9edbe0fec0a1c382b3b7c14a26db3 
Number of updated asset objects reloaded before import = 0Number of asset objects unloaded after import = 1

========================================================================
Received Import Request.
  Time since last request: 0.000039 seconds.
  path: Assets/Tutorials/Media/2.5 Get Closer To The Orange Boxes.webm
  importAddress: Guid(2fb9a9347b87cbd47b1543a0e4ae8c9c) Importer(2089858483,b0f066a214c2f5e87bad3c948f4d605d)
Start importing Assets/Tutorials/Media/2.5 Get Closer To The Orange Boxes.webm using Guid(2fb9a9347b87cbd47b1543a0e4ae8c9c) Importer(2089858483,b0f066a214c2f5e87bad3c948f4d605d) (ScriptedImporter) -> (Import Result ID: 'daf9e883c83b043badb647948f7f64c1') in 0.0153674 seconds [static and dynamic dependencies]. Details - ImportResultOutputID=cf203dc0d769fff7b0a249c6b7c46b82 DependenciesID=0358664da14ef74cec71755d1e29874e StaticDependenciesID=3f56ea12f11957b5e5df6b16f0fa4608 
Number of updated asset objects reloaded before import = 0Number of asset objects unloaded after import = 1

========================================================================
Received Import Request.
  Time since last request: 0.000018 seconds.
  path: Assets/Tutorials/Media/1.8 Reposition the robot.png
  importAddress: Guid(c699674b3a47d4353a8b5e90c4ffd5af) Importer(2089858483,b0f066a214c2f5e87bad3c948f4d605d)
Start importing Assets/Tutorials/Media/1.8 Reposition the robot.png using Guid(c699674b3a47d4353a8b5e90c4ffd5af) Importer(2089858483,b0f066a214c2f5e87bad3c948f4d605d) (ScriptedImporter) -> (Import Result ID: '478eddc461a93ccb7246f45ae0d382f5') in 0.0183502 seconds [static and dynamic dependencies]. Details - ImportResultOutputID=20defbaa28e027c6c830d03e3bc84294 DependenciesID=99e0a7a358529abe9c5f90aae9677a6b StaticDependenciesID=dcb31ea29989b9929fb1cbd02afccc1f 
Number of updated asset objects reloaded before import = 0Number of asset objects unloaded after import = 1

========================================================================
Received Import Request.
  Time since last request: 0.000025 seconds.
  path: Assets/Tutorials/Media/1.11 The Uniy interface.png
  importAddress: Guid(52d752b311f5c4cba9ab6e8def8dc17d) Importer(2089858483,b0f066a214c2f5e87bad3c948f4d605d)
Start importing Assets/Tutorials/Media/1.11 The Uniy interface.png using Guid(52d752b311f5c4cba9ab6e8def8dc17d) Importer(2089858483,b0f066a214c2f5e87bad3c948f4d605d) (ScriptedImporter) -> (Import Result ID: 'f9cdb43ae0000e7a2d2538a54ac31fa2') in 0.0250134 seconds [static and dynamic dependencies]. Details - ImportResultOutputID=107871f1b2ca00deaa884d3bf5e142a1 DependenciesID=a40323a4c773c54191feaa07d8c96aad StaticDependenciesID=49aad15996afb94576fa362a7ce27edf 
Number of updated asset objects reloaded before import = 0Number of asset objects unloaded after import = 1

========================================================================
Received Import Request.
  Time since last request: 0.000020 seconds.
  path: Assets/Tutorials/Media/3.0 Explore the poss.png
  importAddress: Guid(86604a2b385284048a01461be0f59d62) Importer(2089858483,b0f066a214c2f5e87bad3c948f4d605d)
Start importing Assets/Tutorials/Media/3.0 Explore the poss.png using Guid(86604a2b385284048a01461be0f59d62) Importer(2089858483,b0f066a214c2f5e87bad3c948f4d605d) (ScriptedImporter) -> (Import Result ID: '37f391872192213088b1bd014ff58715') in 0.0605267 seconds [static and dynamic dependencies]. Details - ImportResultOutputID=b2e096428cd7ac42c78e667f488ab757 DependenciesID=e82fb3cf3e23756e52910b9bd61f3d56 StaticDependenciesID=f97906595b1889450510ffdeaf027f5e 
Number of updated asset objects reloaded before import = 0Number of asset objects unloaded after import = 3

========================================================================
Received Import Request.
  Time since last request: 0.000042 seconds.
  path: Assets/Tutorials/Media/2.1 The 3D fundamentals.png
  importAddress: Guid(99a6f80334b4242e98f9f0602fc9c90a) Importer(2089858483,b0f066a214c2f5e87bad3c948f4d605d)
Start importing Assets/Tutorials/Media/2.1 The 3D fundamentals.png using Guid(99a6f80334b4242e98f9f0602fc9c90a) Importer(2089858483,b0f066a214c2f5e87bad3c948f4d605d) (ScriptedImporter) -> (Import Result ID: 'da8215d0f888e9bbbdc9286367fb0211') in 0.0284621 seconds [static and dynamic dependencies]. Details - ImportResultOutputID=2ec3e3115a7487d967004a4ca86e5661 DependenciesID=8b22af645fe315055f42a99eceaa0a55 StaticDependenciesID=79db59b9ba8d4eaf1f640b13eaefabff 
Number of updated asset objects reloaded before import = 0Number of asset objects unloaded after import = 1

========================================================================
Received Import Request.
  Time since last request: 0.000022 seconds.
  path: Assets/SourceFiles/Textures/Repeating Tiles/Tile_Hexagon_normal.png
  importAddress: Guid(b799b22780ffd964b9900a1d917c320d) Importer(2089858483,b0f066a214c2f5e87bad3c948f4d605d)
Start importing Assets/SourceFiles/Textures/Repeating Tiles/Tile_Hexagon_normal.png using Guid(b799b22780ffd964b9900a1d917c320d) Importer(2089858483,b0f066a214c2f5e87bad3c948f4d605d) (ScriptedImporter) -> (Import Result ID: 'e7ca2ed27f84327715e8a6cfa687d576') in 0.03653 seconds [static and dynamic dependencies]. Details - ImportResultOutputID=35617de6fec75b59f96983e62fd6a82f DependenciesID=3e38bce767007d3b5af4b0f7c43c910f StaticDependenciesID=8d3d5fbf214100b8bd50b8a301fb18b2 
Number of updated asset objects reloaded before import = 0Number of asset objects unloaded after import = 1

========================================================================
Received Import Request.
  Time since last request: 0.000019 seconds.
  path: Assets/Tutorials/t3_Explore/s3.6_Audio.asset
  importAddress: Guid(84b8dc4bb9da74f3b97606464072ac72) Importer(2089858483,b0f066a214c2f5e87bad3c948f4d605d)
Start importing Assets/Tutorials/t3_Explore/s3.6_Audio.asset using Guid(84b8dc4bb9da74f3b97606464072ac72) Importer(2089858483,b0f066a214c2f5e87bad3c948f4d605d) (ScriptedImporter) -> (Import Result ID: '17cba3d6c6b1887cba1eb98bf7043cc2') in 0.0577534 seconds [static and dynamic dependencies]. Details - ImportResultOutputID=7a53fc77df639d51acada6df8745dc0e DependenciesID=3c3cebfc3e6ae4d758eb5a290d1817bb StaticDependenciesID=c4a9a24d2c62c20aeeadd14ab80e3985 
Number of updated asset objects reloaded before import = 0Number of asset objects unloaded after import = 2

========================================================================
Received Import Request.
  Time since last request: 0.000031 seconds.
  path: Assets/Tutorials/t4_Share/T4 - Publish to Unity Play.asset
  importAddress: Guid(e724a911bee784ee3b860ca40a45f5f3) Importer(2089858483,b0f066a214c2f5e87bad3c948f4d605d)
Start importing Assets/Tutorials/t4_Share/T4 - Publish to Unity Play.asset using Guid(e724a911bee784ee3b860ca40a45f5f3) Importer(2089858483,b0f066a214c2f5e87bad3c948f4d605d) (ScriptedImporter) -> (Import Result ID: '3768702b2b15fcd0ffbcbe31007fa65c') in 0.2960114 seconds [static and dynamic dependencies]. Details - ImportResultOutputID=bfcc964ece8baf9c130c71eff26c64e8 DependenciesID=98fb591a8e7893b791909e41556b1d52 StaticDependenciesID=eb79d7664dc59b2427eb53ff2b1f2219 
Number of updated asset objects reloaded before import = 0Number of asset objects unloaded after import = 93

========================================================================
Received Import Request.
  Time since last request: 0.000044 seconds.
  path: Assets/SourceFiles/Textures/Repeating Tiles/Circuit_Emission.png
  importAddress: Guid(d3d47d43aacb44e899ac2078cea7d3f7) Importer(2089858483,b0f066a214c2f5e87bad3c948f4d605d)
Start importing Assets/SourceFiles/Textures/Repeating Tiles/Circuit_Emission.png using Guid(d3d47d43aacb44e899ac2078cea7d3f7) Importer(2089858483,b0f066a214c2f5e87bad3c948f4d605d) (ScriptedImporter) -> (Import Result ID: 'a9e4b5c2813a66a5d673ba96e8cf65bf') in 0.030387 seconds [static and dynamic dependencies]. Details - ImportResultOutputID=1966bdcf3cb26f339139f9c574a1c297 DependenciesID=3533940004584dd55007b2da8a397045 StaticDependenciesID=a82cc0fd7da15c08bdef67040f559cb1 
Number of updated asset objects reloaded before import = 0Number of asset objects unloaded after import = 1

========================================================================
Received Import Request.
  Time since last request: 0.000021 seconds.
  path: Assets/SourceFiles/Textures/Repeating Tiles/Tile_Hexagon_Grey_Albedo.png
  importAddress: Guid(463c2a85573115849843ab7b003daf1d) Importer(2089858483,b0f066a214c2f5e87bad3c948f4d605d)
Start importing Assets/SourceFiles/Textures/Repeating Tiles/Tile_Hexagon_Grey_Albedo.png using Guid(463c2a85573115849843ab7b003daf1d) Importer(2089858483,b0f066a214c2f5e87bad3c948f4d605d) (ScriptedImporter) -> (Import Result ID: '1f7ad0448898b84dc0dcfd93dd9ea927') in 0.0229058 seconds [static and dynamic dependencies]. Details - ImportResultOutputID=03c6f718c704e0b38fc6d03755d1c02e DependenciesID=904fd40434fff088857f7f6a03c9d254 StaticDependenciesID=d5c79c2e538d724dffa60977bd719997 
Number of updated asset objects reloaded before import = 0Number of asset objects unloaded after import = 1

========================================================================
Received Import Request.
  Time since last request: 0.000020 seconds.
  path: Assets/SourceFiles/StarterAssets/ThirdPersonController/Character/Animations/StarterAssetsThirdPerson.controller
  importAddress: Guid(40db3173a05ae3242b1c182a09b0a183) Importer(2089858483,b0f066a214c2f5e87bad3c948f4d605d)
Start importing Assets/SourceFiles/StarterAssets/ThirdPersonController/Character/Animations/StarterAssetsThirdPerson.controller using Guid(40db3173a05ae3242b1c182a09b0a183) Importer(2089858483,b0f066a214c2f5e87bad3c948f4d605d) (ScriptedImporter) -> (Import Result ID: '96791c92989188330e5523404a7e3724') in 0.0682962 seconds [static and dynamic dependencies]. Details - ImportResultOutputID=5f7e8d4f41d08124f9a90ce491c24bbf DependenciesID=9fcd68d088365642f6f77711790412ae StaticDependenciesID=03f786fe436b884a7c1505d004b9e452 
Number of updated asset objects reloaded before import = 0Number of asset objects unloaded after import = 21

========================================================================
Received Import Request.
  Time since last request: 0.000025 seconds.
  path: Assets/SourceFiles/Textures/Repeating Tiles/Tile_Grass_normal.png
  importAddress: Guid(9a038231c9ed1ca4f97935e6c4257a48) Importer(2089858483,b0f066a214c2f5e87bad3c948f4d605d)
Start importing Assets/SourceFiles/Textures/Repeating Tiles/Tile_Grass_normal.png using Guid(9a038231c9ed1ca4f97935e6c4257a48) Importer(2089858483,b0f066a214c2f5e87bad3c948f4d605d) (ScriptedImporter) -> (Import Result ID: 'c60a5b65d96cfbe9dc873110b361d8c9') in 0.0158659 seconds [static and dynamic dependencies]. Details - ImportResultOutputID=348067cac1513e9d004b129f851ddd3f DependenciesID=d7a80a68fda8c8ba616827e91f4df891 StaticDependenciesID=8b2be06f66d38c1964626de34e592e3b 
Number of updated asset objects reloaded before import = 0Number of asset objects unloaded after import = 1

========================================================================
Received Import Request.
  Time since last request: 0.000034 seconds.
  path: Assets/Tutorials/Media/3.0 Icon.png
  importAddress: Guid(b1e1fa411612c374f981aac1173a3012) Importer(2089858483,b0f066a214c2f5e87bad3c948f4d605d)
Start importing Assets/Tutorials/Media/3.0 Icon.png using Guid(b1e1fa411612c374f981aac1173a3012) Importer(2089858483,b0f066a214c2f5e87bad3c948f4d605d) (ScriptedImporter) -> (Import Result ID: 'fbed2a72b4a9ccbd0ffe8d31e1015dea') in 0.0303622 seconds [static and dynamic dependencies]. Details - ImportResultOutputID=849c69dd853dafe9fa98296cd26758ff DependenciesID=df55dea1d5054b7c73df7a27e82d4003 StaticDependenciesID=1dcc83174f2c9e803557df94736222bc 
Number of updated asset objects reloaded before import = 0Number of asset objects unloaded after import = 1

========================================================================
Received Import Request.
  Time since last request: 0.000027 seconds.
  path: Assets/Tutorials/Media/2.4 Look Around.webm
  importAddress: Guid(c64325762dabfb1478abf235a56bcc12) Importer(2089858483,b0f066a214c2f5e87bad3c948f4d605d)
Start importing Assets/Tutorials/Media/2.4 Look Around.webm using Guid(c64325762dabfb1478abf235a56bcc12) Importer(2089858483,b0f066a214c2f5e87bad3c948f4d605d) (ScriptedImporter) -> (Import Result ID: '30a399a00cd7ef092bd6f11b8b6b22d5') in 0.0137696 seconds [static and dynamic dependencies]. Details - ImportResultOutputID=778f3e8d0a2406ea4ee2bbfc1e95ff70 DependenciesID=31a41f96181391f3ff7b041fea858c95 StaticDependenciesID=1fbcf2bd6d4da1d2a8962e5930f48cf2 
Number of updated asset objects reloaded before import = 0Number of asset objects unloaded after import = 1

========================================================================
Received Import Request.
  Time since last request: 0.000021 seconds.
  path: Assets/Tutorials/t3_Explore/s3.8_Visual effects.asset
  importAddress: Guid(9ee9bb436e37e4cd396b67e797fe5764) Importer(2089858483,b0f066a214c2f5e87bad3c948f4d605d)
Start importing Assets/Tutorials/t3_Explore/s3.8_Visual effects.asset using Guid(9ee9bb436e37e4cd396b67e797fe5764) Importer(2089858483,b0f066a214c2f5e87bad3c948f4d605d) (ScriptedImporter) -> (Import Result ID: '21cbbccfe1a19cb48d8ace2ccb5e7abc') in 0.0209612 seconds [static and dynamic dependencies]. Details - ImportResultOutputID=f83f1065a5ebd0b569cac700c022f74f DependenciesID=f03a75ca8f5c4ec0bd5aebb0a0c92074 StaticDependenciesID=01307aa9fac3689965065de2250755ea 
Number of updated asset objects reloaded before import = 0Number of asset objects unloaded after import = 2

========================================================================
Received Import Request.
  Time since last request: 0.000030 seconds.
  path: Assets/TextMesh Pro/Shaders/TMP_SDF-HDRP UNLIT.shadergraph
  importAddress: Guid(f63d574838ccfb44f84acc05fed0af48) Importer(2089858483,b0f066a214c2f5e87bad3c948f4d605d)
Start importing Assets/TextMesh Pro/Shaders/TMP_SDF-HDRP UNLIT.shadergraph using Guid(f63d574838ccfb44f84acc05fed0af48) Importer(2089858483,b0f066a214c2f5e87bad3c948f4d605d) (ScriptedImporter) -> (Import Result ID: '640ee2d9571a9379f889a7d918528f7d') in 0.0281874 seconds [static and dynamic dependencies]. Details - ImportResultOutputID=bd7c50121d0a05f789dc9f27e9c965ba DependenciesID=5d80eade8f3ba71b3349bcc94ff3941a StaticDependenciesID=76664a18f50202a4e669f6b3997590d2 
Number of updated asset objects reloaded before import = 0Number of asset objects unloaded after import = 4

========================================================================
Received Import Request.
  Time since last request: 0.000035 seconds.
  path: Assets/Tutorials/Media/1.10 Play Mode.webm
  importAddress: Guid(bde849b6c2756c341b130bbe263b000e) Importer(2089858483,b0f066a214c2f5e87bad3c948f4d605d)
Start importing Assets/Tutorials/Media/1.10 Play Mode.webm using Guid(bde849b6c2756c341b130bbe263b000e) Importer(2089858483,b0f066a214c2f5e87bad3c948f4d605d) (ScriptedImporter) -> (Import Result ID: '03e0bb1ac81fd4048bc0d8de58a7ca94') in 0.0125302 seconds [static and dynamic dependencies]. Details - ImportResultOutputID=f9d12779f3b730fef27326968fc13100 DependenciesID=acbe44fa6dad963126303812a4dbd236 StaticDependenciesID=add24c1985b10644ffd1e7170c8c32a2 
Number of updated asset objects reloaded before import = 0Number of asset objects unloaded after import = 1

========================================================================
Received Import Request.
  Time since last request: 0.000034 seconds.
  path: Assets/TextMesh Pro/Shaders/TMP_SDF-Mobile SSD.shader
  importAddress: Guid(c8d12adcee749c344b8117cf7c7eb912) Importer(2089858483,b0f066a214c2f5e87bad3c948f4d605d)
Start importing Assets/TextMesh Pro/Shaders/TMP_SDF-Mobile SSD.shader using Guid(c8d12adcee749c344b8117cf7c7eb912) Importer(2089858483,b0f066a214c2f5e87bad3c948f4d605d) (ScriptedImporter) -> (Import Result ID: 'f1b8f642cde53ae575bfadae2fbc536e') in 0.0128076 seconds [static and dynamic dependencies]. Details - ImportResultOutputID=99767a360ac95fd61c0463595b081d72 DependenciesID=a578f7175b39fdf13d460b2e1918207e StaticDependenciesID=149e413d0571861b315a3fb4601c570f 
Number of updated asset objects reloaded before import = 0Number of asset objects unloaded after import = 1

========================================================================
Received Import Request.
  Time since last request: 0.000036 seconds.
  path: Assets/Tutorials/t3_Explore/s3.11_Add a UI.asset
  importAddress: Guid(47fa63b3ff6b84ab3a4015dd0ba35c32) Importer(2089858483,b0f066a214c2f5e87bad3c948f4d605d)
Start importing Assets/Tutorials/t3_Explore/s3.11_Add a UI.asset using Guid(47fa63b3ff6b84ab3a4015dd0ba35c32) Importer(2089858483,b0f066a214c2f5e87bad3c948f4d605d) (ScriptedImporter) -> (Import Result ID: '4e8e77f05efd010d7966b531459f7038') in 0.0156946 seconds [static and dynamic dependencies]. Details - ImportResultOutputID=923b09e1034cb15c2fff21ccf164cda9 DependenciesID=5ba31399c505be208b926fce67e29e25 StaticDependenciesID=f34d1a69fb1d90fab453d6a44b3e34bb 
Number of updated asset objects reloaded before import = 0Number of asset objects unloaded after import = 2

========================================================================
Received Import Request.
  Time since last request: 0.000025 seconds.
  path: Assets/Tutorials/t1_Interface/s1.5_The Hierarchy window.asset
  importAddress: Guid(6971f8b1ac1a94986b1e8a9f068ca1e2) Importer(2089858483,b0f066a214c2f5e87bad3c948f4d605d)
Start importing Assets/Tutorials/t1_Interface/s1.5_The Hierarchy window.asset using Guid(6971f8b1ac1a94986b1e8a9f068ca1e2) Importer(2089858483,b0f066a214c2f5e87bad3c948f4d605d) (ScriptedImporter) -> (Import Result ID: 'b5b795b408e12acdff793f4264794fc1') in 0.0217076 seconds [static and dynamic dependencies]. Details - ImportResultOutputID=0e7255db0e50f2f6a438e1c1bde00567 DependenciesID=657330b9facdad1f28ff47b5b4584d55 StaticDependenciesID=cabbabadd41693e56c4fcc35f58a9983 
Number of updated asset objects reloaded before import = 0Number of asset objects unloaded after import = 2

========================================================================
Received Import Request.
  Time since last request: 0.000042 seconds.
  path: Assets/SourceFiles/Textures/Repeating Tiles/Runes_Albedo.png
  importAddress: Guid(714859f8d8dbcf940bf627f7acd7a6b8) Importer(2089858483,b0f066a214c2f5e87bad3c948f4d605d)
Start importing Assets/SourceFiles/Textures/Repeating Tiles/Runes_Albedo.png using Guid(714859f8d8dbcf940bf627f7acd7a6b8) Importer(2089858483,b0f066a214c2f5e87bad3c948f4d605d) (ScriptedImporter) -> (Import Result ID: 'e9487f06946e47eb95b406b5c11b656e') in 0.0182029 seconds [static and dynamic dependencies]. Details - ImportResultOutputID=0b0164d1cca8760dd0494b2cf7f47353 DependenciesID=71df6868bbdabc02c9d7a8e110edf724 StaticDependenciesID=c7341f8fc8642333039ce3dc3f5653da 
Number of updated asset objects reloaded before import = 0Number of asset objects unloaded after import = 1

========================================================================
Received Import Request.
  Time since last request: 0.000019 seconds.
  path: Assets/TextMesh Pro/Shaders/TMP_SDF-Surface-Mobile.shader
  importAddress: Guid(85187c2149c549c5b33f0cdb02836b17) Importer(2089858483,b0f066a214c2f5e87bad3c948f4d605d)
Start importing Assets/TextMesh Pro/Shaders/TMP_SDF-Surface-Mobile.shader using Guid(85187c2149c549c5b33f0cdb02836b17) Importer(2089858483,b0f066a214c2f5e87bad3c948f4d605d) (ScriptedImporter) -> (Import Result ID: '6e50838313f6fca3338dc941f5f32cf9') in 0.014457 seconds [static and dynamic dependencies]. Details - ImportResultOutputID=ce5d3a54a671106a0650019c1caaa24f DependenciesID=248168db15a96d3d5e50ec206ddaafc2 StaticDependenciesID=58c6b186186993a6af1eb808477416bb 
Number of updated asset objects reloaded before import = 0Number of asset objects unloaded after import = 1

========================================================================
Received Import Request.
  Time since last request: 0.000018 seconds.
  path: Assets/SourceFiles/TimmyRobot/Models/TimmyRobot.fbx
  importAddress: Guid(51c206fca38fb1942be8799cf6689314) Importer(2089858483,b0f066a214c2f5e87bad3c948f4d605d)
Start importing Assets/SourceFiles/TimmyRobot/Models/TimmyRobot.fbx using Guid(51c206fca38fb1942be8799cf6689314) Importer(2089858483,b0f066a214c2f5e87bad3c948f4d605d) (ScriptedImporter) -> (Import Result ID: 'a692e649cb2cc46e159b75507b29bc69') in 0.0283052 seconds [static and dynamic dependencies]. Details - ImportResultOutputID=94b9857bb2cf1ad8b321b086f26b9fdc DependenciesID=7c6923ae0e616b74fe595974572b33ca StaticDependenciesID=d9b9c61e61caa901b898ccda7e925b90 
Number of updated asset objects reloaded before import = 0Number of asset objects unloaded after import = 124

========================================================================
Received Import Request.
  Time since last request: 0.000018 seconds.
  path: Assets/SourceFiles/Textures/Repeating Tiles/SandWavey_Normal.tif
  importAddress: Guid(2421a29b648cc4e45a27416c73e64106) Importer(2089858483,b0f066a214c2f5e87bad3c948f4d605d)
Start importing Assets/SourceFiles/Textures/Repeating Tiles/SandWavey_Normal.tif using Guid(2421a29b648cc4e45a27416c73e64106) Importer(2089858483,b0f066a214c2f5e87bad3c948f4d605d) (ScriptedImporter) -> (Import Result ID: '10e199f3363b2dcb272af9a9b93becb5') in 0.0279455 seconds [static and dynamic dependencies]. Details - ImportResultOutputID=f43e83fe7e2ae538782b6064956b6b36 DependenciesID=eb6af25acd511e72bcdaab1a0d8cfd25 StaticDependenciesID=249f5e77ef9461b54f0fb290734ab4cc 
Number of updated asset objects reloaded before import = 0Number of asset objects unloaded after import = 1

========================================================================
Received Import Request.
  Time since last request: 0.000038 seconds.
  path: Assets/SourceFiles/Textures/Repeating Tiles/Circuit_Albedo.mat
  importAddress: Guid(faec9c705bd8d4f888f43c587891a445) Importer(2089858483,b0f066a214c2f5e87bad3c948f4d605d)
Start importing Assets/SourceFiles/Textures/Repeating Tiles/Circuit_Albedo.mat using Guid(faec9c705bd8d4f888f43c587891a445) Importer(2089858483,b0f066a214c2f5e87bad3c948f4d605d) (ScriptedImporter) -> (Import Result ID: 'd2a9e8586ccc55c540fba358caa63729') in 0.02551 seconds [static and dynamic dependencies]. Details - ImportResultOutputID=11b44b920b356c5b55e49b030b13f034 DependenciesID=b08a83393452c2c62e8c4666cc192e6f StaticDependenciesID=8e214ba66848e661df6eeb8009420092 
Number of updated asset objects reloaded before import = 0Number of asset objects unloaded after import = 2

========================================================================
Received Import Request.
  Time since last request: 0.000025 seconds.
  path: Assets/Tutorials/Settings/Styles_Dark_Large_Font.uss
  importAddress: Guid(29318b57ddc2f49c0be6aa320f2af055) Importer(2089858483,b0f066a214c2f5e87bad3c948f4d605d)
Start importing Assets/Tutorials/Settings/Styles_Dark_Large_Font.uss using Guid(29318b57ddc2f49c0be6aa320f2af055) Importer(2089858483,b0f066a214c2f5e87bad3c948f4d605d) (ScriptedImporter) -> (Import Result ID: 'a465a823817b469e939da27b118d30d6') in 0.0207194 seconds [static and dynamic dependencies]. Details - ImportResultOutputID=c764ec84e121a0ada6c1a85c33b69b09 DependenciesID=76338a0383a3c5cb2bdb1bbfce8318f5 StaticDependenciesID=1487f576a669ad266750e3b0ef801094 
Number of updated asset objects reloaded before import = 0Number of asset objects unloaded after import = 3

========================================================================
Received Import Request.
  Time since last request: 0.000020 seconds.
  path: Assets/SourceFiles/Textures/Grid/Grid_01_Normal.png
  importAddress: Guid(c5c221ed57a3bf6488f8eba0db28a004) Importer(2089858483,b0f066a214c2f5e87bad3c948f4d605d)
Start importing Assets/SourceFiles/Textures/Grid/Grid_01_Normal.png using Guid(c5c221ed57a3bf6488f8eba0db28a004) Importer(2089858483,b0f066a214c2f5e87bad3c948f4d605d) (ScriptedImporter) -> (Import Result ID: 'b12e6d2f68fb64df34a5b12b6a1e5069') in 0.0184362 seconds [static and dynamic dependencies]. Details - ImportResultOutputID=376d8cf0266d014608092986876ff9d9 DependenciesID=af44d350c68f8129ff8c2c99575c0970 StaticDependenciesID=a27d5b7c228061d71570be72ebfa4345 
Number of updated asset objects reloaded before import = 0Number of asset objects unloaded after import = 1

========================================================================
Received Import Request.
  Time since last request: 0.000023 seconds.
  path: Assets/SourceFiles/Textures/Repeating Tiles/Tile_Sky.png
  importAddress: Guid(4fc8fad63c5781c4994bdab5fce3b8f3) Importer(2089858483,b0f066a214c2f5e87bad3c948f4d605d)
Start importing Assets/SourceFiles/Textures/Repeating Tiles/Tile_Sky.png using Guid(4fc8fad63c5781c4994bdab5fce3b8f3) Importer(2089858483,b0f066a214c2f5e87bad3c948f4d605d) (ScriptedImporter) -> (Import Result ID: 'd948414ace5c9e18f6df5de7f52d5be8') in 0.0416201 seconds [static and dynamic dependencies]. Details - ImportResultOutputID=eee0c0d3560dd1e7626f50fff0f16f1d DependenciesID=cf4da52b7adf8fad6a1a7c151068d1e8 StaticDependenciesID=021372dca6f0fdd721fb07f9fbfb91e5 
Number of updated asset objects reloaded before import = 0Number of asset objects unloaded after import = 1

========================================================================
Received Import Request.
  Time since last request: 0.000035 seconds.
  path: Assets/Tutorials/t1_Interface/s1.3_Welcome to the project.asset
  importAddress: Guid(23dd953812afeb0488e0b33d29fa6943) Importer(2089858483,b0f066a214c2f5e87bad3c948f4d605d)
Start importing Assets/Tutorials/t1_Interface/s1.3_Welcome to the project.asset using Guid(23dd953812afeb0488e0b33d29fa6943) Importer(2089858483,b0f066a214c2f5e87bad3c948f4d605d) (ScriptedImporter) -> (Import Result ID: '09ef68c4a6ca3eb844a82038045d922a') in 0.0202354 seconds [static and dynamic dependencies]. Details - ImportResultOutputID=fd4ddc37bbfc2ac55686e732b2cac14c DependenciesID=978f334e0465a1334374816c87c42c43 StaticDependenciesID=d4df736ff5dd006bdcbd131d56ca91c0 
Number of updated asset objects reloaded before import = 0Number of asset objects unloaded after import = 3

========================================================================
Received Import Request.
  Time since last request: 0.000025 seconds.
  path: Assets/Tutorials/t3_Explore/s3.5_Add some lights.asset
  importAddress: Guid(1974a190db901a747bd2a1dc20d95df6) Importer(2089858483,b0f066a214c2f5e87bad3c948f4d605d)
Start importing Assets/Tutorials/t3_Explore/s3.5_Add some lights.asset using Guid(1974a190db901a747bd2a1dc20d95df6) Importer(2089858483,b0f066a214c2f5e87bad3c948f4d605d) (ScriptedImporter) -> (Import Result ID: 'c8fff8aa63c46aad770ae4bc1bdf60f3') in 0.0146661 seconds [static and dynamic dependencies]. Details - ImportResultOutputID=eaae7d638d8701b34dd8f5b2ec6cf073 DependenciesID=c2568794c83abc16fb0d0fff13140cc5 StaticDependenciesID=b53307a22728bb6fec5743708c18fa66 
Number of updated asset objects reloaded before import = 0Number of asset objects unloaded after import = 2

========================================================================
Received Import Request.
  Time since last request: 0.000020 seconds.
  path: Assets/SourceFiles/StarterAssets/ThirdPersonController/Character/Animations/Locomotion--Run_N_Land.anim.fbx
  importAddress: Guid(3c033631149b9c541bcf155cd94cccba) Importer(2089858483,b0f066a214c2f5e87bad3c948f4d605d)
Start importing Assets/SourceFiles/StarterAssets/ThirdPersonController/Character/Animations/Locomotion--Run_N_Land.anim.fbx using Guid(3c033631149b9c541bcf155cd94cccba) Importer(2089858483,b0f066a214c2f5e87bad3c948f4d605d) (ScriptedImporter) -> (Import Result ID: '0a1bb3cd92039c7004f1c504bf17f7e5') in 0.0266346 seconds [static and dynamic dependencies]. Details - ImportResultOutputID=18e02432b907e6eba854c47cffa149e1 DependenciesID=c13a5f5e87c9f9f7c3087cfb3c686bbb StaticDependenciesID=82c3acf5a95d5906b750d2f9e24dc895 
Number of updated asset objects reloaded before import = 0Number of asset objects unloaded after import = 144

Editor requested this worker to shutdown with reason: Scaling down because of idle timeout
AssetImportWorker is now disconnected from the server
Process exiting
Exiting without the bug reporter. Application will terminate with return code 0