[Licensing::Module] Trying to connect to existing licensing client channel...
[Licensing::IpcConnector] Successfully connected to: "LicenseClient-Alex" at "2026-04-13T01:11:51.9585679Z"
Built from '6000.4/staging' branch; Version is '6000.4.2f1 (7a4c1aeef971) revision 8014874'; Using compiler version '194234433'; Build Type 'Release'
OS: 'Windows 11  (10.0.26200) Core' Language: 'en' Physical Memory: 32699 MB
BatchMode: 1, IsHumanControllingUs: 0, StartBugReporterOnCrash: 0, Is64bit: 1
System  architecture: x64
Process architecture: x64
Date: 2026-04-13T01:11:51Z

COMMAND LINE ARGUMENTS:
C:\Program Files\Unity\Hub\Editor\6000.4.2f1\Editor\Unity.exe
-adb2
-batchMode
-noUpm
-name
AssetImportWorker1
-projectPath
C:/Users/Alex/source/repos/OOP3-Project/Setup Guide In-Editor Tutorial
-logFile
Logs/AssetImportWorker1.log
-srvPort
60892
-licensingIpc
LicenseClient-Alex
-force-d3d12
-job-worker-count
11
-background-job-worker-count
8
-gc-helper-count
1
-name
AssetImport
Successfully changed project path to: C:/Users/Alex/source/repos/OOP3-Project/Setup Guide In-Editor Tutorial
C:/Users/Alex/source/repos/OOP3-Project/Setup Guide In-Editor Tutorial
[UnityMemory] Configuration Parameters - Can be set up in boot.config
    "memorysetup-temp-allocator-size-gi-baking-worker=262144"
    "memorysetup-temp-allocator-size-gi-baking-worker=262144"
    "memorysetup-temp-allocator-size-gi-baking-worker=262144"
    "memorysetup-temp-allocator-size-gi-baking-worker=262144"
    "memorysetup-temp-allocator-size-gi-baking-worker=262144"
    "memorysetup-temp-allocator-size-nav-mesh-worker=65536"
    "memorysetup-temp-allocator-size-audio-worker=65536"
    "memorysetup-temp-allocator-size-cloud-worker=32768"
    "memorysetup-temp-allocator-size-gfx=262144"
    "memorysetup-temp-allocator-size-preload-manager=33554432"
    "memorysetup-temp-allocator-size-job-worker=262144"
    "memorysetup-temp-allocator-size-background-worker=32768"
    "memorysetup-allocator-temp-initial-block-size-main=262144"
    "memorysetup-allocator-temp-initial-block-size-worker=262144"
    "memorysetup-bucket-allocator-granularity=16"
    "memorysetup-bucket-allocator-bucket-count=8"
    "memorysetup-bucket-allocator-block-size=33554432"
    "memorysetup-bucket-allocator-block-count=8"
    "memorysetup-main-allocator-block-size=16777216"
    "memorysetup-thread-allocator-block-size=16777216"
    "memorysetup-gfx-main-allocator-block-size=16777216"
    "memorysetup-gfx-thread-allocator-block-size=16777216"
    "memorysetup-cache-allocator-block-size=4194304"
    "memorysetup-typetree-allocator-block-size=2097152"
    "memorysetup-profiler-bucket-allocator-granularity=16"
    "memorysetup-profiler-bucket-allocator-bucket-count=8"
    "memorysetup-profiler-bucket-allocator-block-size=33554432"
    "memorysetup-profiler-bucket-allocator-block-count=8"
    "memorysetup-profiler-allocator-block-size=16777216"
    "memorysetup-profiler-editor-allocator-block-size=1048576"
    "memorysetup-temp-allocator-size-main=16777216"
    "memorysetup-job-temp-allocator-block-size=2097152"
    "memorysetup-job-temp-allocator-block-size-background=1048576"
    "memorysetup-job-temp-allocator-reduction-small-platforms=262144"
Player connection [30696]  Target information:

Player connection [30696]  * "[IP] 192.168.2.19 [Port] 0 [Flags] 2 [Guid] 1143722946 [EditorId] 1143722946 [Version] 1048832 [Id] WindowsEditor(7,DESKTOP-JFCVE9U) [Debug] 1 [PackageName] WindowsEditor [ProjectName] Editor" 

Player connection [30696] Host joined multi-casting on [225.0.0.222:54997]...
Player connection [30696] Host joined alternative multi-casting on [225.0.0.222:34997]...
JobSystem: Creating JobQueue using job-worker-count value 11
Input System module state changed to: Initialized.
[Physics::Module] Initialized fallback backend.
[Physics::Module] Id: 0xdecafbad
Library Redirect Path: Library/
[Physics::Module] Selected backend.
[Physics::Module] Name: PhysX
[Physics::Module] Id: 0xf2b8ea05
[Physics::Module] SDK Version: 4.1.2
[Physics::Module] Integration Version: 1.0.0
[Physics::Module] Threading Mode: Multi-Threaded
Initialize engine version: 6000.4.2f1 (7a4c1aeef971)
[Subsystems] Discovering subsystems at path C:/Program Files/Unity/Hub/Editor/6000.4.2f1/Editor/Data/Resources/UnitySubsystems
[Subsystems] Discovering subsystems at path C:/Users/Alex/source/repos/OOP3-Project/Setup Guide In-Editor Tutorial/Assets
Forcing GfxDevice: Direct3D 12
GfxDevice: creating device client; kGfxThreadingModeNonThreaded
d3d12: failed to query info queue interface (0x80004002).
Direct3D:
    Version:         Direct3D 12 [level 12.2]
    Renderer:        NVIDIA GeForce RTX 3070 (ID=0x2488)
    Vendor:          NVIDIA
    VRAM:            8018 MB
    App VRAM Budget: 7250 MB
    Driver:          32.0.15.9186
Initialize mono
Mono path[0] = 'C:/Program Files/Unity/Hub/Editor/6000.4.2f1/Editor/Data/Managed'
Mono path[1] = 'C:/Program Files/Unity/Hub/Editor/6000.4.2f1/Editor/Data/MonoBleedingEdge/lib/mono/unityjit-win32'
Mono config path = 'C:/Program Files/Unity/Hub/Editor/6000.4.2f1/Editor/Data/MonoBleedingEdge/etc'
Using monoOptions --debugger-agent=transport=dt_socket,embedding=1,server=y,suspend=n,address=127.0.0.1:56084
CodeReloadManager initialized
Begin MonoManager ReloadAssembly
Registering precompiled unity dll's ...
Register platform support module: C:/Program Files/Unity/Hub/Editor/6000.4.2f1/Editor/Data/PlaybackEngines/WebGLSupport/UnityEditor.WebGL.Extensions.dll
Register platform support module: C:/Program Files/Unity/Hub/Editor/6000.4.2f1/Editor/Data/PlaybackEngines/WindowsStandaloneSupport/UnityEditor.WindowsStandalone.Extensions.dll
Registered in 0.003312 seconds.
[Licensing::Client] Error: HandshakeResponse reported an error:
	ResponseCode: 505
	ResponseStatus: Unsupported protocol version '1.18.1'.
[Licensing::Module] Error: Failed to handshake to channel: "LicenseClient-Alex"
[Licensing::IpcConnector] LicenseClient-Alex channel disconnected successfully.
[Licensing::IpcConnector] Successfully connected to: "LicenseClient-Alex-6000.4.2" at "2026-04-13T01:11:55.0715404Z"
Native extension for WindowsStandalone target not found
Native extension for WebGL target not found
Package Manager log level set to [2]
[Package Manager] Failed to launch server process. Reason: Unity was launched with the -noUpm command-line argument
[Package Manager] Unable to send message (not connected to server process).
[Package Manager] Cannot connect to Unity Package Manager local server
ScheduleIndexationOnStartup MainProcess:False IndexOnStartup:True
Mono: successfully reloaded assembly
- Finished resetting the current domain, in  0.500 seconds
Domain Reload Profiling: 1137ms
	BeginReloadAssembly (171ms)
	RebuildCommonClasses (55ms)
	RebuildNativeTypeToScriptingClass (19ms)
	initialDomainReloadingComplete (96ms)
	LoadAllAssembliesAndSetupDomain (293ms)
		LoadAssemblies (164ms)
		AnalyzeDomain (283ms)
			TypeCache.Refresh (281ms)
				TypeCache.ScanAssembly (258ms)
	FinalizeReload (503ms)
		SetupLoadedEditorAssemblies (0ms)
			InitializePlatformSupportModulesInManaged (63ms)
			BeforeProcessingInitializeOnLoad (117ms)
			ProcessInitializeOnLoadAttributes (134ms)
			ProcessInitializeOnLoadMethodAttributes (107ms)
Assembly reference Packages/com.unity.cinemachine/Editor/Samples/ExposeHDRPInternals/HDRP-Editor-ref.asmref has no target assembly definition
========================================================================
Worker process is ready to serve import requests
Import Worker Mode flag is 0x00
Assembly reference Packages/com.unity.cinemachine/Editor/Samples/ExposeHDRPInternals/HDRP-Editor-ref.asmref has no target assembly definition
Assembly reference Packages/com.unity.cinemachine/Editor/Samples/ExposeHDRPInternals/HDRP-Editor-ref.asmref has no target assembly definition
Begin MonoManager ReloadAssembly
[Licensing::Module] Licensing is not yet initialized.
[Licensing::Client] Handshaking with LicensingClient:
  Version:                 1.18.1+9fbee8e
  Session Id:              35863b247f6647448e0ac285e504a867
  Correlation Id:          1b23d9ea1cdfdf29c6fb0f51334831e3
  External correlation Id: 127899182076844255
  Machine Id:              wbPOX1RStWPr1YvF1Np5ADIwJQo=
[Licensing::Module] Successfully connected to LicensingClient on channel: "LicenseClient-Alex-6000.4.2" (connect: 0.00s, validation: 0.00s, handshake: 2.56s)
[Licensing::IpcConnector] Successfully connected to: "LicenseClient-Alex-6000.4.2-notifications" at "2026-04-13T01:11:57.637224Z"
[Licensing::Module] Licensing Background thread has ended after 5.68s
[Licensing::Module] Licensing is initialized (took 1.44s).
[Licensing::Client] Successfully resolved entitlement details
[Licensing::Module] License group:
  Id: 3574404970447-UnityPersXXXX
  Product: Unity Personal
  Type: Assigned
  Expiration: Unlimited
Assembly Assembly-CSharp-Editor-firstpass.dll at Library/ScriptAssemblies/Assembly-CSharp-Editor-firstpass.dll not valid. Loading of assembly skipped.
Assembly Assembly-CSharp-firstpass.dll at Library/ScriptAssemblies/Assembly-CSharp-firstpass.dll not valid. Loading of assembly skipped.
Assembly TestNewCustomAssembly.dll at Library/ScriptAssemblies/TestNewCustomAssembly.dll not valid. Loading of assembly skipped.
Assembly Unity.Collections.BurstCompatibilityGen.dll at Library/ScriptAssemblies/Unity.Collections.BurstCompatibilityGen.dll not valid. Loading of assembly skipped.
Assembly Unity.Collections.DocCodeSamples.dll at Library/ScriptAssemblies/Unity.Collections.DocCodeSamples.dll not valid. Loading of assembly skipped.
Assembly Unity.Collections.PerformanceTests.dll at Library/ScriptAssemblies/Unity.Collections.PerformanceTests.dll not valid. Loading of assembly skipped.
Assembly Unity.Collections.Tests.dll at Library/ScriptAssemblies/Unity.Collections.Tests.dll not valid. Loading of assembly skipped.
Assembly Unity.Collections.Tests.Playmode.dll at Library/ScriptAssemblies/Unity.Collections.Tests.Playmode.dll not valid. Loading of assembly skipped.
Assembly Unity.InputSystem.IntegrationTests.dll at Library/ScriptAssemblies/Unity.InputSystem.IntegrationTests.dll not valid. Loading of assembly skipped.
Assembly Unity.Mathematics.Tests.dll at Library/ScriptAssemblies/Unity.Mathematics.Tests.dll not valid. Loading of assembly skipped.
Assembly Unity.Multiplayer.Center.Editor.Tests.dll at Library/ScriptAssemblies/Unity.Multiplayer.Center.Editor.Tests.dll not valid. Loading of assembly skipped.
Assembly Unity.Multiplayer.Center.Tests.dll at Library/ScriptAssemblies/Unity.Multiplayer.Center.Tests.dll not valid. Loading of assembly skipped.
Assembly Unity.Nuget.Mono-Cecil.dll at Library/ScriptAssemblies/Unity.Nuget.Mono-Cecil.dll not valid. Loading of assembly skipped.
Assembly Unity.PathTracing.Editor.Tests.dll at Library/ScriptAssemblies/Unity.PathTracing.Editor.Tests.dll not valid. Loading of assembly skipped.
Assembly Unity.PathTracing.Runtime.Tests.dll at Library/ScriptAssemblies/Unity.PathTracing.Runtime.Tests.dll not valid. Loading of assembly skipped.
Assembly Unity.RenderPipelines.Core.Editor.Tests.dll at Library/ScriptAssemblies/Unity.RenderPipelines.Core.Editor.Tests.dll not valid. Loading of assembly skipped.
Assembly Unity.RenderPipelines.Core.Runtime.Tests.dll at Library/ScriptAssemblies/Unity.RenderPipelines.Core.Runtime.Tests.dll not valid. Loading of assembly skipped.
Assembly Unity.RenderPipelines.Universal.Config.Editor.Tests.dll at Library/ScriptAssemblies/Unity.RenderPipelines.Universal.Config.Editor.Tests.dll not valid. Loading of assembly skipped.
Assembly Unity.RenderPipelines.Universal.Editor.Tests.dll at Library/ScriptAssemblies/Unity.RenderPipelines.Universal.Editor.Tests.dll not valid. Loading of assembly skipped.
Assembly Unity.RenderPipelines.Universal.Runtime.Tests.dll at Library/ScriptAssemblies/Unity.RenderPipelines.Universal.Runtime.Tests.dll not valid. Loading of assembly skipped.
Assembly Unity.Searcher.EditorTests.dll at Library/ScriptAssemblies/Unity.Searcher.EditorTests.dll not valid. Loading of assembly skipped.
Assembly Unity.Settings.Tests.dll at Library/ScriptAssemblies/Unity.Settings.Tests.dll not valid. Loading of assembly skipped.
Assembly Unity.ShaderGraph.Editor.Tests.dll at Library/ScriptAssemblies/Unity.ShaderGraph.Editor.Tests.dll not valid. Loading of assembly skipped.
Assembly Unity.TextMeshPro.Editor.Tests.dll at Library/ScriptAssemblies/Unity.TextMeshPro.Editor.Tests.dll not valid. Loading of assembly skipped.
Assembly Unity.TextMeshPro.Tests.dll at Library/ScriptAssemblies/Unity.TextMeshPro.Tests.dll not valid. Loading of assembly skipped.
Assembly Unity.Tutorials.Core.Editor.Tests.dll at Library/ScriptAssemblies/Unity.Tutorials.Core.Editor.Tests.dll not valid. Loading of assembly skipped.
Assembly Unity.Tutorials.Core.Tests.dll at Library/ScriptAssemblies/Unity.Tutorials.Core.Tests.dll not valid. Loading of assembly skipped.
Assembly Unity.UnifiedRayTracing.Editor.Tests.dll at Library/ScriptAssemblies/Unity.UnifiedRayTracing.Editor.Tests.dll not valid. Loading of assembly skipped.
Assembly UnityEditor.UI.Common.Tests.dll at Library/ScriptAssemblies/UnityEditor.UI.Common.Tests.dll not valid. Loading of assembly skipped.
Assembly UnityEditor.UI.EditorTests.dll at Library/ScriptAssemblies/UnityEditor.UI.EditorTests.dll not valid. Loading of assembly skipped.
Assembly UnityEngine.UI.Tests.dll at Library/ScriptAssemblies/UnityEngine.UI.Tests.dll not valid. Loading of assembly skipped.
Assembly reference Packages/com.unity.cinemachine/Editor/Samples/ExposeHDRPInternals/HDRP-Editor-ref.asmref has no target assembly definition
'Packages/com.unity.cinemachine/Editor/Obsolete/CinemachineVirtualCameraBaseEditor.cs' contains partial class of Unity.Object, exactly 1 of the partial classes needs to be in a file with the same filename. This is to know the one that can be referenced from ie. GameObjects
'Packages/com.unity.cinemachine/Editor/Editors/CinemachineVirtualCameraBaseEditor.cs' contains partial class of Unity.Object, exactly 1 of the partial classes needs to be in a file with the same filename. This is to know the one that can be referenced from ie. GameObjects
Native extension for WindowsStandalone target not found
Native extension for WebGL target not found
Assembly reference Packages/com.unity.cinemachine/Editor/Samples/ExposeHDRPInternals/HDRP-Editor-ref.asmref has no target assembly definition
[Package Manager] Failed to launch server process. Reason: Unity was launched with the -noUpm command-line argument
[Package Manager] Unable to send message (not connected to server process).
[Package Manager] Cannot connect to Unity Package Manager local server
[Package Manager] Failed to launch server process. Reason: Unity was launched with the -noUpm command-line argument
[Package Manager] Unable to send message (not connected to server process).
[Package Manager] Cannot connect to Unity Package Manager local server
ScheduleIndexationOnStartup MainProcess:False IndexOnStartup:True
Mono: successfully reloaded assembly
- Finished resetting the current domain, in  0.736 seconds
Domain Reload Profiling: 3093ms
	BeginReloadAssembly (1679ms)
		DisableScriptedObjects (6ms)
		CreateAndSetChildDomain (43ms)
	RebuildCommonClasses (52ms)
	RebuildNativeTypeToScriptingClass (16ms)
	initialDomainReloadingComplete (85ms)
	LoadAllAssembliesAndSetupDomain (524ms)
		LoadAssemblies (443ms)
		AnalyzeDomain (204ms)
			TypeCache.Refresh (138ms)
				TypeCache.ScanAssembly (124ms)
			BuildScriptInfoCaches (52ms)
			ResolveRequiredComponents (11ms)
	FinalizeReload (736ms)
		SetupLoadedEditorAssemblies (0ms)
			InitializePlatformSupportModulesInManaged (3ms)
			BeforeProcessingInitializeOnLoad (162ms)
			ProcessInitializeOnLoadAttributes (198ms)
			ProcessInitializeOnLoadMethodAttributes (78ms)
			AfterProcessingInitializeOnLoad (11ms)
		AwakeInstancesAfterBackupRestoration (8ms)
Launched and connected shader compiler UnityShaderCompiler.exe after 0.02 seconds
Unloading 85 Unused Serialized files (Serialized files now loaded: 0)
Unloading 4343 unused Assets / (12.7 MB). Loaded Objects now: 5068.
Memory consumption went from 146.2 MB to 133.5 MB.
Total: 16.427800 ms (FindLiveObjects: 0.901000 ms CreateObjectMapping: 0.234800 ms MarkObjects: 6.105200 ms  DeleteObjects: 9.184600 ms)

========================================================================
Received Import Request.
  Time since last request: 195705.774462 seconds.
  path: Assets/SourceFiles/Scripts/MotionAudioController.cs
  importAddress: Guid(8c2a1f8514c164c1b84d93b38976ba4d) Importer(2089858483,b0f066a214c2f5e87bad3c948f4d605d)
Start importing Assets/SourceFiles/Scripts/MotionAudioController.cs using Guid(8c2a1f8514c164c1b84d93b38976ba4d) Importer(2089858483,b0f066a214c2f5e87bad3c948f4d605d) (ScriptedImporter) -> (Import Result ID: 'ad088060dbc964107defcc3d900173ce') in 0.1294179 seconds [static and dynamic dependencies]. Details - ImportResultOutputID=2f1af1a1ccc22b18443c12a1dd8a7aad DependenciesID=e0af582623c83d177ff5f796093fdba2 StaticDependenciesID=a32fd5f843f818392004f01b5df81080 
Number of updated asset objects reloaded before import = 0Number of asset objects unloaded after import = 0

========================================================================
Received Import Request.
  Time since last request: 0.000032 seconds.
  path: Assets/SourceFiles/VFX/SnowMaterial.mat
  importAddress: Guid(d07cdf1c272e84097bf873a5ace40f5d) Importer(2089858483,b0f066a214c2f5e87bad3c948f4d605d)
Start importing Assets/SourceFiles/VFX/SnowMaterial.mat using Guid(d07cdf1c272e84097bf873a5ace40f5d) Importer(2089858483,b0f066a214c2f5e87bad3c948f4d605d) (ScriptedImporter) -> (Import Result ID: '267133fc0c1ffd6376d274d5207c0891') in 0.0912707 seconds [static and dynamic dependencies]. Details - ImportResultOutputID=b818adf22f61ee6ab27ace78301241c6 DependenciesID=410be73683f40608e41436674e22558d StaticDependenciesID=ee987e959eb27acb76df2f4f515aff09 
Number of updated asset objects reloaded before import = 0Number of asset objects unloaded after import = 2

========================================================================
Received Import Request.
  Time since last request: 0.000032 seconds.
  path: Assets/SourceFiles/VFX/GlowMaterial.mat
  importAddress: Guid(aa247a0123f2c2c47a2f55d9632b5d18) Importer(2089858483,b0f066a214c2f5e87bad3c948f4d605d)
Start importing Assets/SourceFiles/VFX/GlowMaterial.mat using Guid(aa247a0123f2c2c47a2f55d9632b5d18) Importer(2089858483,b0f066a214c2f5e87bad3c948f4d605d) (ScriptedImporter) -> (Import Result ID: '5f246a8474b5af8ae53694f55272ccba') in 0.0314668 seconds [static and dynamic dependencies]. Details - ImportResultOutputID=9ff6988c0e07a339b16419ac593d4139 DependenciesID=789c3d2ccf92cdc31585400cc9862ec3 StaticDependenciesID=c0dafc240c02eb3ec1d0fb4fffe458ce 
Number of updated asset objects reloaded before import = 0Number of asset objects unloaded after import = 2

========================================================================
Received Import Request.
  Time since last request: 0.000023 seconds.
  path: Assets/Materials/Material_Grass.mat
  importAddress: Guid(3f67efe581643214ea62e132b9a1ab3f) Importer(2089858483,b0f066a214c2f5e87bad3c948f4d605d)
Start importing Assets/Materials/Material_Grass.mat using Guid(3f67efe581643214ea62e132b9a1ab3f) Importer(2089858483,b0f066a214c2f5e87bad3c948f4d605d) (ScriptedImporter) -> (Import Result ID: '687094439e4e0a7952a2d00449ccedd4') in 0.0426827 seconds [static and dynamic dependencies]. Details - ImportResultOutputID=95bec04d7641d4b7726681d90e564bc9 DependenciesID=1f7ec5748717c455ea40e7a62b1120b2 StaticDependenciesID=b059e92e0e478ff74666c319c92a0894 
Number of updated asset objects reloaded before import = 0Number of asset objects unloaded after import = 3

========================================================================
Received Import Request.
  Time since last request: 0.000061 seconds.
  path: Assets/SourceFiles/Models/Star.fbx
  importAddress: Guid(1710fbf00619c474b92da634e36cd0bb) Importer(2089858483,b0f066a214c2f5e87bad3c948f4d605d)
Start importing Assets/SourceFiles/Models/Star.fbx using Guid(1710fbf00619c474b92da634e36cd0bb) Importer(2089858483,b0f066a214c2f5e87bad3c948f4d605d) (ScriptedImporter) -> (Import Result ID: '2b923e9a52571f1703cd78dfb0187521') in 0.0764246 seconds [static and dynamic dependencies]. Details - ImportResultOutputID=96db6c5890e659bd473a52ec9a1e6c42 DependenciesID=9788ad70911a61babe001406df530cf9 StaticDependenciesID=5605e834bc23e08ee487b447b5c7f34b 
Number of updated asset objects reloaded before import = 0Number of asset objects unloaded after import = 7

========================================================================
Received Import Request.
  Time since last request: 0.000025 seconds.
  path: Assets/SourceFiles/Scripts/ThirdPersonController.cs
  importAddress: Guid(26e54e5a728a9234ab24fcf1460ed8a2) Importer(2089858483,b0f066a214c2f5e87bad3c948f4d605d)
Start importing Assets/SourceFiles/Scripts/ThirdPersonController.cs using Guid(26e54e5a728a9234ab24fcf1460ed8a2) Importer(2089858483,b0f066a214c2f5e87bad3c948f4d605d) (ScriptedImporter) -> (Import Result ID: 'd5f0c89da14b964253b05001b4676575') in 0.0172413 seconds [static and dynamic dependencies]. Details - ImportResultOutputID=be6c190cdb5ce0e0871de16067befab6 DependenciesID=36d8d83237f9d6a2c6448e6b15435c38 StaticDependenciesID=af55c00c8be1432e757597775384ac7a 
Number of updated asset objects reloaded before import = 0Number of asset objects unloaded after import = 0

========================================================================
Received Import Request.
  Time since last request: 0.000040 seconds.
  path: Assets/SourceFiles/VFX/SnowTexture.png
  importAddress: Guid(2a202276abba34cf29113e61ad1389e4) Importer(2089858483,b0f066a214c2f5e87bad3c948f4d605d)
Start importing Assets/SourceFiles/VFX/SnowTexture.png using Guid(2a202276abba34cf29113e61ad1389e4) Importer(2089858483,b0f066a214c2f5e87bad3c948f4d605d) (ScriptedImporter) -> (Import Result ID: 'f97b3492ca34d646fb22552f0ad1b3f6') in 0.0743283 seconds [static and dynamic dependencies]. Details - ImportResultOutputID=1db9c50aca5ca40c306d2c1ca3ec459c DependenciesID=8b933030451ae8efa9c69a0228079089 StaticDependenciesID=ad9a4ad3cccde7bcf0042c6745c038ed 
Number of updated asset objects reloaded before import = 0Number of asset objects unloaded after import = 1

========================================================================
Received Import Request.
  Time since last request: 0.000020 seconds.
  path: Assets/SourceFiles/Resources/PerformanceTestRunSettings.json
  importAddress: Guid(0211db8346fd84bce9eb630c4abce5ae) Importer(2089858483,b0f066a214c2f5e87bad3c948f4d605d)
Start importing Assets/SourceFiles/Resources/PerformanceTestRunSettings.json using Guid(0211db8346fd84bce9eb630c4abce5ae) Importer(2089858483,b0f066a214c2f5e87bad3c948f4d605d) (ScriptedImporter) -> (Import Result ID: 'e72fd2a832dd8615b56085abef45298b') in 0.0161255 seconds [static and dynamic dependencies]. Details - ImportResultOutputID=fc2e03828989469f067e95654717f0fd DependenciesID=59254f73df70536e309fd3eaca42a17f StaticDependenciesID=f24a7fe7a37d48f0fc635515ea89303f 
Number of updated asset objects reloaded before import = 0Number of asset objects unloaded after import = 1

========================================================================
Received Import Request.
  Time since last request: 0.000020 seconds.
  path: Assets/UI/Remaining_Collectibles_UI.prefab
  importAddress: Guid(11df39673429a452dbbcbc5da55020d6) Importer(2089858483,b0f066a214c2f5e87bad3c948f4d605d)
Start importing Assets/UI/Remaining_Collectibles_UI.prefab using Guid(11df39673429a452dbbcbc5da55020d6) Importer(2089858483,b0f066a214c2f5e87bad3c948f4d605d) (ScriptedImporter) -> (Import Result ID: 'cf7f74d929e42bf8b63ad1acbf2fd1bb') in 0.0851383 seconds [static and dynamic dependencies]. Details - ImportResultOutputID=55376cfcaabe0ff216678b132af3f936 DependenciesID=b585d5c03dbfdc396acb2f0101a9c1ce StaticDependenciesID=ea5d004e579d7095cd58ef33c3f37c74 
Number of updated asset objects reloaded before import = 0Number of asset objects unloaded after import = 25

========================================================================
Received Import Request.
  Time since last request: 0.000034 seconds.
  path: Assets/TextMesh Pro/Fonts/LiberationSans - OFL.txt
  importAddress: Guid(6e59c59b81ab47f9b6ec5781fa725d2c) Importer(2089858483,b0f066a214c2f5e87bad3c948f4d605d)
Start importing Assets/TextMesh Pro/Fonts/LiberationSans - OFL.txt using Guid(6e59c59b81ab47f9b6ec5781fa725d2c) Importer(2089858483,b0f066a214c2f5e87bad3c948f4d605d) (ScriptedImporter) -> (Import Result ID: '08437b9b33ace13d9f4d8948e065dbdc') in 0.0166365 seconds [static and dynamic dependencies]. Details - ImportResultOutputID=8969aa3fb4a962b5f5945408400e55c8 DependenciesID=6a2f663f61d50380090220a35058d61a StaticDependenciesID=7649750a4598ec734fc3c768683475c9 
Number of updated asset objects reloaded before import = 0Number of asset objects unloaded after import = 1

========================================================================
Received Import Request.
  Time since last request: 0.000038 seconds.
  path: Assets/SourceFiles/Settings/PC_Renderer.asset
  importAddress: Guid(f288ae1f4751b564a96ac7587541f7a2) Importer(2089858483,b0f066a214c2f5e87bad3c948f4d605d)
Start importing Assets/SourceFiles/Settings/PC_Renderer.asset using Guid(f288ae1f4751b564a96ac7587541f7a2) Importer(2089858483,b0f066a214c2f5e87bad3c948f4d605d) (ScriptedImporter) -> (Import Result ID: 'c50a4ade009a6cd5566cb19507328c62') in 0.0398188 seconds [static and dynamic dependencies]. Details - ImportResultOutputID=3778eae5a7897f00b88f5b73df918908 DependenciesID=cb1636cd331aadb9164d2b5cd750a3c2 StaticDependenciesID=2c3f6972d0f296b116fd4923e143a841 
Number of updated asset objects reloaded before import = 0Number of asset objects unloaded after import = 1

========================================================================
Received Import Request.
  Time since last request: 0.000021 seconds.
  path: Assets/VFX/VFX_Fireflies.prefab
  importAddress: Guid(a4a9f552f4c001d47a129bec749df79b) Importer(2089858483,b0f066a214c2f5e87bad3c948f4d605d)
Start importing Assets/VFX/VFX_Fireflies.prefab using Guid(a4a9f552f4c001d47a129bec749df79b) Importer(2089858483,b0f066a214c2f5e87bad3c948f4d605d) (ScriptedImporter) -> (Import Result ID: '016674c7a0125d18da7c714284bc2bda') in 0.092514 seconds [static and dynamic dependencies]. Details - ImportResultOutputID=c81594711589cebc6ffc25f25f8e1e45 DependenciesID=38c621c67560d9c831f7e0a397efc1db StaticDependenciesID=806e2ac08813cd0ee2831ae9029995ff 
Number of updated asset objects reloaded before import = 0Number of asset objects unloaded after import = 6

========================================================================
Received Import Request.
  Time since last request: 0.000026 seconds.
  path: Assets/Audio/Background_Music_Suspenseful.prefab
  importAddress: Guid(2c9db70320bb54341b56854a91dd28a2) Importer(2089858483,b0f066a214c2f5e87bad3c948f4d605d)
Start importing Assets/Audio/Background_Music_Suspenseful.prefab using Guid(2c9db70320bb54341b56854a91dd28a2) Importer(2089858483,b0f066a214c2f5e87bad3c948f4d605d) (ScriptedImporter) -> (Import Result ID: 'ed1c2a33e42df6fa3b1621553d784d01') in 0.0323926 seconds [static and dynamic dependencies]. Details - ImportResultOutputID=64a9f58998c9d5353e081e4db09587be DependenciesID=53ee47e97662967adffc3d6af4811a97 StaticDependenciesID=9c1f6dd1432818bf484456bac5ce5a21 
Number of updated asset objects reloaded before import = 0Number of asset objects unloaded after import = 6

========================================================================
Received Import Request.
  Time since last request: 0.000032 seconds.
  path: Assets/SourceFiles/Resources/PerformanceTestRunInfo.json
  importAddress: Guid(9408ff6ddc6b54943973197f09fe8a0b) Importer(2089858483,b0f066a214c2f5e87bad3c948f4d605d)
Start importing Assets/SourceFiles/Resources/PerformanceTestRunInfo.json using Guid(9408ff6ddc6b54943973197f09fe8a0b) Importer(2089858483,b0f066a214c2f5e87bad3c948f4d605d) (ScriptedImporter) -> (Import Result ID: '379de043164427e9aa115ee5ea9dda2c') in 0.0170253 seconds [static and dynamic dependencies]. Details - ImportResultOutputID=c8b0b0bc120218043ff3d4a1d0d14821 DependenciesID=515818cd64053d9bef1d6197e8d7b3ca StaticDependenciesID=74b12e99625c775b58c6dc9d8d068075 
Number of updated asset objects reloaded before import = 0Number of asset objects unloaded after import = 1

========================================================================
Received Import Request.
  Time since last request: 0.000019 seconds.
  path: Assets/TextMesh Pro/Shaders/TMPro.cginc
  importAddress: Guid(407bc68d299748449bbf7f48ee690f8d) Importer(2089858483,b0f066a214c2f5e87bad3c948f4d605d)
Start importing Assets/TextMesh Pro/Shaders/TMPro.cginc using Guid(407bc68d299748449bbf7f48ee690f8d) Importer(2089858483,b0f066a214c2f5e87bad3c948f4d605d) (ScriptedImporter) -> (Import Result ID: 'aaf012daa55225ff312fb705c9480083') in 0.0176084 seconds [static and dynamic dependencies]. Details - ImportResultOutputID=7397f0ae16666097de14797b1ed202f1 DependenciesID=ddf0e0bb782239c71e88184cf31ab7f6 StaticDependenciesID=5392e794b82f768427ad6b171babacf0 
Number of updated asset objects reloaded before import = 0Number of asset objects unloaded after import = 1

========================================================================
Received Import Request.
  Time since last request: 0.000022 seconds.
  path: Assets/SourceFiles/VFX/VFX_FloatUp.prefab
  importAddress: Guid(0e62c4d669c52425fa7ad6a0a297dd84) Importer(2089858483,b0f066a214c2f5e87bad3c948f4d605d)
Start importing Assets/SourceFiles/VFX/VFX_FloatUp.prefab using Guid(0e62c4d669c52425fa7ad6a0a297dd84) Importer(2089858483,b0f066a214c2f5e87bad3c948f4d605d) (ScriptedImporter) -> (Import Result ID: '38407b9317ef52e4620ef8627876bc41') in 0.0403441 seconds [static and dynamic dependencies]. Details - ImportResultOutputID=582cdde865619d9eb9dc721ba7b30bb7 DependenciesID=b312eaf5066c1bbbfcf7cfb52c4bae7e StaticDependenciesID=4f0a3b7da082d830fff3f7fdc8c821bb 
Number of updated asset objects reloaded before import = 0Number of asset objects unloaded after import = 8

========================================================================
Received Import Request.
  Time since last request: 0.000046 seconds.
  path: Assets/TextMesh Pro/Resources/LineBreaking Following Characters.txt
  importAddress: Guid(fade42e8bc714b018fac513c043d323b) Importer(2089858483,b0f066a214c2f5e87bad3c948f4d605d)
Start importing Assets/TextMesh Pro/Resources/LineBreaking Following Characters.txt using Guid(fade42e8bc714b018fac513c043d323b) Importer(2089858483,b0f066a214c2f5e87bad3c948f4d605d) (ScriptedImporter) -> (Import Result ID: '8bafd5612f73b9060b64cd768a7bfa74') in 0.010305 seconds [static and dynamic dependencies]. Details - ImportResultOutputID=035794553c2cc5c43f7b49893bce8424 DependenciesID=9d3b4599c2ade7f202ce423a41765201 StaticDependenciesID=90e18e177f71b5b2ecebe031e5e8ac67 
Number of updated asset objects reloaded before import = 0Number of asset objects unloaded after import = 1

========================================================================
Received Import Request.
  Time since last request: 0.000032 seconds.
  path: Assets/SourceFiles/Models/Box_350x250x200_Mesh.fbx
  importAddress: Guid(c6a55ba99e9e99d41b7eef123e311a43) Importer(2089858483,b0f066a214c2f5e87bad3c948f4d605d)
Start importing Assets/SourceFiles/Models/Box_350x250x200_Mesh.fbx using Guid(c6a55ba99e9e99d41b7eef123e311a43) Importer(2089858483,b0f066a214c2f5e87bad3c948f4d605d) (ScriptedImporter) -> (Import Result ID: '1b740cde3f3bfffa66e4590c394574ac') in 0.0350579 seconds [static and dynamic dependencies]. Details - ImportResultOutputID=e097695280a58235dfa2d6017a23fac7 DependenciesID=6cde6bb4589fffa9fac0b4e181fd3d7a StaticDependenciesID=79040e16bc1c40d380775a8bf353b814 
Number of updated asset objects reloaded before import = 0Number of asset objects unloaded after import = 8

========================================================================
Received Import Request.
  Time since last request: 25.935729 seconds.
  path: Assets/TextMesh Pro/Shaders/TMP_SDF Overlay.shader
  importAddress: Guid(dd89cf5b9246416f84610a006f916af7) Importer(2089858483,b0f066a214c2f5e87bad3c948f4d605d)
Start importing Assets/TextMesh Pro/Shaders/TMP_SDF Overlay.shader using Guid(dd89cf5b9246416f84610a006f916af7) Importer(2089858483,b0f066a214c2f5e87bad3c948f4d605d) (ScriptedImporter) -> (Import Result ID: '1d5ba76deeff5d85ca17cfa51a2a017c') in 0.0181635 seconds [static and dynamic dependencies]. Details - ImportResultOutputID=ba58dd8a871c675998599e2dd3018f6c DependenciesID=56bdc6073553dd30b3a4bb55d42cc663 StaticDependenciesID=086b5680e33efca1bae2e5551aec11b8 
Number of updated asset objects reloaded before import = 0Number of asset objects unloaded after import = 2

========================================================================
Received Import Request.
  Time since last request: 0.000023 seconds.
  path: Assets/Tutorials/Media/1.5 The Hierarchy.png
  importAddress: Guid(d3b7a8436605f44ae99a81fc9816951a) Importer(2089858483,b0f066a214c2f5e87bad3c948f4d605d)
Start importing Assets/Tutorials/Media/1.5 The Hierarchy.png using Guid(d3b7a8436605f44ae99a81fc9816951a) Importer(2089858483,b0f066a214c2f5e87bad3c948f4d605d) (ScriptedImporter) -> (Import Result ID: '7af8998a52b4e3ff5be01764cc56e503') in 0.0308984 seconds [static and dynamic dependencies]. Details - ImportResultOutputID=803c496f188d9e6a452328fe783b7196 DependenciesID=4af2249d880a4158e46b3f371375f714 StaticDependenciesID=16af0ce3f59defffeeb5956c249007f8 
Number of updated asset objects reloaded before import = 0Number of asset objects unloaded after import = 1

========================================================================
Received Import Request.
  Time since last request: 0.000023 seconds.
  path: Assets/Tutorials/t1_Interface/s1.4_Welcome to the scene.asset
  importAddress: Guid(a36298968ab0cf64e9e25594a28b5de9) Importer(2089858483,b0f066a214c2f5e87bad3c948f4d605d)
Start importing Assets/Tutorials/t1_Interface/s1.4_Welcome to the scene.asset using Guid(a36298968ab0cf64e9e25594a28b5de9) Importer(2089858483,b0f066a214c2f5e87bad3c948f4d605d) (ScriptedImporter) -> (Import Result ID: '50d0698063553a47e8291ef0744d3cd4') in 0.0802662 seconds [static and dynamic dependencies]. Details - ImportResultOutputID=dde040c92fbaeb166d90a69684673d04 DependenciesID=c9a397e744e10be559a30203f55d0599 StaticDependenciesID=8345d655ff8850bb86be23929f1cdd07 
Number of updated asset objects reloaded before import = 0Number of asset objects unloaded after import = 2

========================================================================
Received Import Request.
  Time since last request: 0.000044 seconds.
  path: Assets/Tutorials/Media/0.0 Welcome-dialogue.png
  importAddress: Guid(f87e1ca320bc7470596349b4ab14e5c3) Importer(2089858483,b0f066a214c2f5e87bad3c948f4d605d)
Start importing Assets/Tutorials/Media/0.0 Welcome-dialogue.png using Guid(f87e1ca320bc7470596349b4ab14e5c3) Importer(2089858483,b0f066a214c2f5e87bad3c948f4d605d) (ScriptedImporter) -> (Import Result ID: '07808115d85ff156bac5b39f4ea6c88d') in 0.0301421 seconds [static and dynamic dependencies]. Details - ImportResultOutputID=4de5ecf3cd75721280ce023d8922b98d DependenciesID=5c976d30f94e16769b235c9d6c7d1341 StaticDependenciesID=18f63d66c8471fa4e7fc09a287026e05 
Number of updated asset objects reloaded before import = 0Number of asset objects unloaded after import = 1

========================================================================
Received Import Request.
  Time since last request: 0.000016 seconds.
  path: Assets/Tutorials/Media/0.1 Tutorial-header.png
  importAddress: Guid(e13f56ce5319d4e8fb86d941d9a37c8d) Importer(2089858483,b0f066a214c2f5e87bad3c948f4d605d)
Start importing Assets/Tutorials/Media/0.1 Tutorial-header.png using Guid(e13f56ce5319d4e8fb86d941d9a37c8d) Importer(2089858483,b0f066a214c2f5e87bad3c948f4d605d) (ScriptedImporter) -> (Import Result ID: '8e412aca1fe6029af1735f13113cae03') in 0.0213125 seconds [static and dynamic dependencies]. Details - ImportResultOutputID=3c8183464138f94af2ac8df2c34466e9 DependenciesID=20327d08d779ee779405bacd6a47a49d StaticDependenciesID=93daf40274a99af1495f5e0cdf9fd76a 
Number of updated asset objects reloaded before import = 0Number of asset objects unloaded after import = 1

========================================================================
Received Import Request.
  Time since last request: 0.000021 seconds.
  path: Assets/Tutorials/t1_Interface/s1.2_Videos and images.asset
  importAddress: Guid(5dd43fac037c1477689228cf5a82d709) Importer(2089858483,b0f066a214c2f5e87bad3c948f4d605d)
Start importing Assets/Tutorials/t1_Interface/s1.2_Videos and images.asset using Guid(5dd43fac037c1477689228cf5a82d709) Importer(2089858483,b0f066a214c2f5e87bad3c948f4d605d) (ScriptedImporter) -> (Import Result ID: 'd5f041bec4a255c58101c600fdde8d1a') in 0.0297613 seconds [static and dynamic dependencies]. Details - ImportResultOutputID=00889bc8e4a2b440b6b03e6b871ee1be DependenciesID=783cbe9bbc40d5fd76c9d1f2feb2e712 StaticDependenciesID=dd090166926134aaf98793c21dd97218 
Number of updated asset objects reloaded before import = 0Number of asset objects unloaded after import = 2

========================================================================
Received Import Request.
  Time since last request: 0.000025 seconds.
  path: Assets/SourceFiles/Textures/Repeating Tiles/Runes_Normal.png
  importAddress: Guid(f3aecf2ba65a7f5479183372eefe2b4e) Importer(2089858483,b0f066a214c2f5e87bad3c948f4d605d)
Start importing Assets/SourceFiles/Textures/Repeating Tiles/Runes_Normal.png using Guid(f3aecf2ba65a7f5479183372eefe2b4e) Importer(2089858483,b0f066a214c2f5e87bad3c948f4d605d) (ScriptedImporter) -> (Import Result ID: '3475fab60ddfad48cb0e524530e591be') in 0.0183088 seconds [static and dynamic dependencies]. Details - ImportResultOutputID=c71cd3df328d2885a37401e93c253c89 DependenciesID=1c310d2787020355c8e7f099d6a8cd14 StaticDependenciesID=48146adfde871ff8674a577091b0107c 
Number of updated asset objects reloaded before import = 0Number of asset objects unloaded after import = 1

========================================================================
Received Import Request.
  Time since last request: 0.000035 seconds.
  path: Assets/SourceFiles/TimmyRobot/Materials/TimmyRobot.mat
  importAddress: Guid(1cff5f7a6909e024595d600c0b5c1ac5) Importer(2089858483,b0f066a214c2f5e87bad3c948f4d605d)
Start importing Assets/SourceFiles/TimmyRobot/Materials/TimmyRobot.mat using Guid(1cff5f7a6909e024595d600c0b5c1ac5) Importer(2089858483,b0f066a214c2f5e87bad3c948f4d605d) (ScriptedImporter) -> (Import Result ID: '695ec2c1c428a16da5d1715980e48679') in 0.0363518 seconds [static and dynamic dependencies]. Details - ImportResultOutputID=0b4b7d7f51dfee56ddc92f957ea16862 DependenciesID=00934fd5b9cbb67976737ce4e918ab76 StaticDependenciesID=01a7e259e4597dccf8cddcfc00f6e6f5 
Number of updated asset objects reloaded before import = 0Number of asset objects unloaded after import = 2

========================================================================
Received Import Request.
  Time since last request: 0.000034 seconds.
  path: Assets/Tutorials/t3_Explore/t3_Game time_ Explore the possibilities.asset
  importAddress: Guid(eea9ec24783e92d488e02265aef9f7c6) Importer(2089858483,b0f066a214c2f5e87bad3c948f4d605d)
Start importing Assets/Tutorials/t3_Explore/t3_Game time_ Explore the possibilities.asset using Guid(eea9ec24783e92d488e02265aef9f7c6) Importer(2089858483,b0f066a214c2f5e87bad3c948f4d605d) (ScriptedImporter) -> (Import Result ID: '62d2392c53e34f2fd6a90fb027c2bbe8') in 0.3044182 seconds [static and dynamic dependencies]. Details - ImportResultOutputID=e432b7a0d3f3223eb32578cd41517938 DependenciesID=be33c41afc173f5cb8f16802c3c9be7f StaticDependenciesID=e74a2dea6653dfaa32ccf8612aa9c65a 
Number of updated asset objects reloaded before import = 0Number of asset objects unloaded after import = 93

========================================================================
Received Import Request.
  Time since last request: 0.000043 seconds.
  path: Assets/TextMesh Pro/Resources/Fonts & Materials/LiberationSans SDF - Outline.mat
  importAddress: Guid(79459efec17a4d00a321bdcc27bbc385) Importer(2089858483,b0f066a214c2f5e87bad3c948f4d605d)
Start importing Assets/TextMesh Pro/Resources/Fonts & Materials/LiberationSans SDF - Outline.mat using Guid(79459efec17a4d00a321bdcc27bbc385) Importer(2089858483,b0f066a214c2f5e87bad3c948f4d605d) (ScriptedImporter) -> (Import Result ID: 'c6575ff1f5aad8c104e69307489dc081') in 0.0314914 seconds [static and dynamic dependencies]. Details - ImportResultOutputID=fd9cdf0dd2a8f7329e1860a0124b5bb1 DependenciesID=605ea2213ca3bb1f4d99fd6bc5e55f86 StaticDependenciesID=f2f0736f3a5db41089dc2de22e52e727 
Number of updated asset objects reloaded before import = 0Number of asset objects unloaded after import = 3

========================================================================
Received Import Request.
  Time since last request: 0.000032 seconds.
  path: Assets/SourceFiles/Textures/Repeating Tiles/Candy_MetallicSmoothness.png
  importAddress: Guid(f13565de481cb9649b2a625459f9a3bf) Importer(2089858483,b0f066a214c2f5e87bad3c948f4d605d)
Start importing Assets/SourceFiles/Textures/Repeating Tiles/Candy_MetallicSmoothness.png using Guid(f13565de481cb9649b2a625459f9a3bf) Importer(2089858483,b0f066a214c2f5e87bad3c948f4d605d) (ScriptedImporter) -> (Import Result ID: 'a2d490417e4b640f8c708f25658fdd04') in 0.0147353 seconds [static and dynamic dependencies]. Details - ImportResultOutputID=a8a6d6e2a0f32534cb26eb8f50260fc9 DependenciesID=83d2e9875d77863c191199c06229ab27 StaticDependenciesID=1098b6c84101f9bcbaeabde935da2eea 
Number of updated asset objects reloaded before import = 0Number of asset objects unloaded after import = 1

========================================================================
Received Import Request.
  Time since last request: 0.000019 seconds.
  path: Assets/Tutorials/Settings/Editor/TutorialCallbacks.asset
  importAddress: Guid(12e1dc53c29d9c240af40e95fa058bed) Importer(2089858483,b0f066a214c2f5e87bad3c948f4d605d)
Start importing Assets/Tutorials/Settings/Editor/TutorialCallbacks.asset using Guid(12e1dc53c29d9c240af40e95fa058bed) Importer(2089858483,b0f066a214c2f5e87bad3c948f4d605d) (ScriptedImporter) -> (Import Result ID: '306ff3954bab1e0a2b444995b0a93a16') in 0.0210471 seconds [static and dynamic dependencies]. Details - ImportResultOutputID=04d604cb819a11a81c80b31fcafbf805 DependenciesID=157b41ce7fa56441fea19f099e047c16 StaticDependenciesID=cd3b616eb55d829c479a3c106de047d6 
Number of updated asset objects reloaded before import = 0Number of asset objects unloaded after import = 1

========================================================================
Received Import Request.
  Time since last request: 0.000021 seconds.
  path: Assets/SourceFiles/TimmyRobot/Sfx/Player_Footstep_10.wav
  importAddress: Guid(a3194b8bbc96ef84fab1f98f4b7dae3e) Importer(2089858483,b0f066a214c2f5e87bad3c948f4d605d)
Start importing Assets/SourceFiles/TimmyRobot/Sfx/Player_Footstep_10.wav using Guid(a3194b8bbc96ef84fab1f98f4b7dae3e) Importer(2089858483,b0f066a214c2f5e87bad3c948f4d605d) (ScriptedImporter) -> (Import Result ID: '68a7701e5f02ed6cd61f8448128c0f36') in 0.0229017 seconds [static and dynamic dependencies]. Details - ImportResultOutputID=4454dea09251aa9594893fb1ab9ea7f4 DependenciesID=e2ba88ccc3a4ffc2c60c038fcc09abcb StaticDependenciesID=47eae2b867015751f7b7bec28d046ea2 
Number of updated asset objects reloaded before import = 0Number of asset objects unloaded after import = 1

========================================================================
Received Import Request.
  Time since last request: 0.000021 seconds.
  path: Assets/Tutorials/t2_Fundamentals/s2.3_Change the skybox.asset
  importAddress: Guid(f887899778dc4ba4a8a828def157cf70) Importer(2089858483,b0f066a214c2f5e87bad3c948f4d605d)
Start importing Assets/Tutorials/t2_Fundamentals/s2.3_Change the skybox.asset using Guid(f887899778dc4ba4a8a828def157cf70) Importer(2089858483,b0f066a214c2f5e87bad3c948f4d605d) (ScriptedImporter) -> (Import Result ID: '151326eb619199c138d957c972fc97ed') in 0.0307939 seconds [static and dynamic dependencies]. Details - ImportResultOutputID=56b5a2a5a3844b79b58f98c7296206f6 DependenciesID=54ec6690a01aa4bda892ff0fd578706f StaticDependenciesID=bdeb98e708179cf98111de0bf6af162c 
Number of updated asset objects reloaded before import = 0Number of asset objects unloaded after import = 2

========================================================================
Received Import Request.
  Time since last request: 0.000039 seconds.
  path: Assets/Tutorials/Media/1.0 Icon.png
  importAddress: Guid(e8a0c292d2a1e7d42ac847d727b673e7) Importer(2089858483,b0f066a214c2f5e87bad3c948f4d605d)
Start importing Assets/Tutorials/Media/1.0 Icon.png using Guid(e8a0c292d2a1e7d42ac847d727b673e7) Importer(2089858483,b0f066a214c2f5e87bad3c948f4d605d) (ScriptedImporter) -> (Import Result ID: '1e8c5ad5b2ad1668579bf5c366120218') in 0.0198512 seconds [static and dynamic dependencies]. Details - ImportResultOutputID=8cdb19c44b22145ca3fba91c6420c028 DependenciesID=40c4b5b582fb438d8f5e21f2ae5ed3e7 StaticDependenciesID=e78565b381dd27e6cdc755817f07b64d 
Number of updated asset objects reloaded before import = 0Number of asset objects unloaded after import = 1

========================================================================
Received Import Request.
  Time since last request: 0.000022 seconds.
  path: Assets/Tutorials/Media/4.4 Publish To Play.webm
  importAddress: Guid(1eec7dff71f1b8c43bcb7dd707fdab92) Importer(2089858483,b0f066a214c2f5e87bad3c948f4d605d)
Start importing Assets/Tutorials/Media/4.4 Publish To Play.webm using Guid(1eec7dff71f1b8c43bcb7dd707fdab92) Importer(2089858483,b0f066a214c2f5e87bad3c948f4d605d) (ScriptedImporter) -> (Import Result ID: 'e46c9a224cce43e918ea3672267317f0') in 0.0163267 seconds [static and dynamic dependencies]. Details - ImportResultOutputID=c31d1e0eb7607291a5b148a169d8cd4e DependenciesID=c86dcb6bbb73d716b45772abdcdfe4eb StaticDependenciesID=1cca92d41489c43117479b32c22eb6aa 
Number of updated asset objects reloaded before import = 0Number of asset objects unloaded after import = 1

========================================================================
Received Import Request.
  Time since last request: 0.000023 seconds.
  path: Assets/Tutorials/Media/3.11 Add A Ui.webm
  importAddress: Guid(9044939d24af8804ba16142870334f1a) Importer(2089858483,b0f066a214c2f5e87bad3c948f4d605d)
Start importing Assets/Tutorials/Media/3.11 Add A Ui.webm using Guid(9044939d24af8804ba16142870334f1a) Importer(2089858483,b0f066a214c2f5e87bad3c948f4d605d) (ScriptedImporter) -> (Import Result ID: '186d45271ab43c95fb0d4543a8fea613') in 0.0119884 seconds [static and dynamic dependencies]. Details - ImportResultOutputID=44f8f15f79a4b8487004779a5cf55e97 DependenciesID=0ceb2685b16fad9983e066dc0a06af53 StaticDependenciesID=842872a66a26bd6e54fedc3592dad399 
Number of updated asset objects reloaded before import = 0Number of asset objects unloaded after import = 1

========================================================================
Received Import Request.
  Time since last request: 0.000023 seconds.
  path: Assets/Tutorials/Media/3.7 Add Ambient Audio.webm
  importAddress: Guid(685b155bf8cd0bf46bcec2d10b1e7d1b) Importer(2089858483,b0f066a214c2f5e87bad3c948f4d605d)
Start importing Assets/Tutorials/Media/3.7 Add Ambient Audio.webm using Guid(685b155bf8cd0bf46bcec2d10b1e7d1b) Importer(2089858483,b0f066a214c2f5e87bad3c948f4d605d) (ScriptedImporter) -> (Import Result ID: '6381ecbbfde13ecaee41c04ee0ee8deb') in 0.0148512 seconds [static and dynamic dependencies]. Details - ImportResultOutputID=9bfbfefaec233e95c5dcf72b84b4730b DependenciesID=4485e3dd4140cd23422bdbc7186b4d74 StaticDependenciesID=2a21c46e05ead07c921e60fbe5e073e6 
Number of updated asset objects reloaded before import = 0Number of asset objects unloaded after import = 1

========================================================================
Received Import Request.
  Time since last request: 0.000031 seconds.
  path: Assets/Tutorials/Media/3.6 audio.png
  importAddress: Guid(22e1a2d73ebad46f9bcc8ebd73bbd147) Importer(2089858483,b0f066a214c2f5e87bad3c948f4d605d)
Start importing Assets/Tutorials/Media/3.6 audio.png using Guid(22e1a2d73ebad46f9bcc8ebd73bbd147) Importer(2089858483,b0f066a214c2f5e87bad3c948f4d605d) (ScriptedImporter) -> (Import Result ID: 'cc0dc6bd0976ec14f7a4a887281b9669') in 0.0207643 seconds [static and dynamic dependencies]. Details - ImportResultOutputID=332d205e16306ebc4cd6de4590a65558 DependenciesID=5ea17c6a4127037a0ad01c7118d73789 StaticDependenciesID=b65d953b8ff28d06a41a38dadce707e5 
Number of updated asset objects reloaded before import = 0Number of asset objects unloaded after import = 1

========================================================================
Received Import Request.
  Time since last request: 0.000022 seconds.
  path: Assets/TextMesh Pro/Shaders/TMP_SDF-Mobile-2-Pass.shader
  importAddress: Guid(0178fcb869bafef4690d177d31d17db8) Importer(2089858483,b0f066a214c2f5e87bad3c948f4d605d)
Start importing Assets/TextMesh Pro/Shaders/TMP_SDF-Mobile-2-Pass.shader using Guid(0178fcb869bafef4690d177d31d17db8) Importer(2089858483,b0f066a214c2f5e87bad3c948f4d605d) (ScriptedImporter) -> (Import Result ID: '2f3a42b0176d6db78bc6ed60a784fd6d') in 0.012552 seconds [static and dynamic dependencies]. Details - ImportResultOutputID=c1fd55da1874c53e7a0c89ccb5f7d36a DependenciesID=d28afc64ffb5f426007afbfd9eaaa867 StaticDependenciesID=2936f04a1dd55b511cbbf5990c3e04da 
Number of updated asset objects reloaded before import = 0Number of asset objects unloaded after import = 1

========================================================================
Received Import Request.
  Time since last request: 0.000025 seconds.
  path: Assets/SourceFiles/Textures/Grid/Grid_01_BaseMap.png
  importAddress: Guid(d1118dda59970a2449ee890fa247c4c5) Importer(2089858483,b0f066a214c2f5e87bad3c948f4d605d)
Start importing Assets/SourceFiles/Textures/Grid/Grid_01_BaseMap.png using Guid(d1118dda59970a2449ee890fa247c4c5) Importer(2089858483,b0f066a214c2f5e87bad3c948f4d605d) (ScriptedImporter) -> (Import Result ID: '2b2f05c18b1773101ae808346b646d8a') in 0.0223021 seconds [static and dynamic dependencies]. Details - ImportResultOutputID=68a8ee077618f5b9b91320552ed69816 DependenciesID=ab68ad514069c85517314cccea94b525 StaticDependenciesID=734bd2d6973cffa39a7b444b05db9d50 
Number of updated asset objects reloaded before import = 0Number of asset objects unloaded after import = 1

========================================================================
Received Import Request.
  Time since last request: 0.000028 seconds.
  path: Assets/Tutorials/t2_Fundamentals/s2.7_Move the yellow box.asset
  importAddress: Guid(ed101923fedf54946a514f79776d361f) Importer(2089858483,b0f066a214c2f5e87bad3c948f4d605d)
Start importing Assets/Tutorials/t2_Fundamentals/s2.7_Move the yellow box.asset using Guid(ed101923fedf54946a514f79776d361f) Importer(2089858483,b0f066a214c2f5e87bad3c948f4d605d) (ScriptedImporter) -> (Import Result ID: '3346d8a7c6c7367b2156219bff020118') in 0.0185026 seconds [static and dynamic dependencies]. Details - ImportResultOutputID=dc8d9e82088891b611c64e7c7ee0dee4 DependenciesID=c2ca6f08cbdb9ff54f8354fdbdd5c823 StaticDependenciesID=57fd469c717cad169294f5d1a99f8b47 
Number of updated asset objects reloaded before import = 0Number of asset objects unloaded after import = 2

========================================================================
Received Import Request.
  Time since last request: 0.000041 seconds.
  path: Assets/SourceFiles/Textures/Repeating Tiles/Moon_height.png
  importAddress: Guid(cc1a9a0d37b7b674f8c2e5b4e37c90d6) Importer(2089858483,b0f066a214c2f5e87bad3c948f4d605d)
Start importing Assets/SourceFiles/Textures/Repeating Tiles/Moon_height.png using Guid(cc1a9a0d37b7b674f8c2e5b4e37c90d6) Importer(2089858483,b0f066a214c2f5e87bad3c948f4d605d) (ScriptedImporter) -> (Import Result ID: '015f1259687767befe52b6092db92ad1') in 0.0275557 seconds [static and dynamic dependencies]. Details - ImportResultOutputID=99f97680716d00146fdfdd6442ae19bd DependenciesID=0a6ec1fd6731bca8d86db57abf30299d StaticDependenciesID=9a372616b93ee2e4ed188976a9bb90d2 
Number of updated asset objects reloaded before import = 0Number of asset objects unloaded after import = 1

========================================================================
Received Import Request.
  Time since last request: 0.000023 seconds.
  path: Assets/SourceFiles/TimmyRobot/Sfx/Player_Footstep_01.wav
  importAddress: Guid(72f526a6a9890f643a88e85a61c86c8a) Importer(2089858483,b0f066a214c2f5e87bad3c948f4d605d)
Start importing Assets/SourceFiles/TimmyRobot/Sfx/Player_Footstep_01.wav using Guid(72f526a6a9890f643a88e85a61c86c8a) Importer(2089858483,b0f066a214c2f5e87bad3c948f4d605d) (ScriptedImporter) -> (Import Result ID: '17d11cc0d00cac04d9e26007acceb872') in 0.0627387 seconds [static and dynamic dependencies]. Details - ImportResultOutputID=0cffb4c3794f0367f8af0f7b0cc19544 DependenciesID=65f5052c462f430914feb649997671a9 StaticDependenciesID=5438dcc3f865ec49c977d0367b7167f5 
Number of updated asset objects reloaded before import = 0Number of asset objects unloaded after import = 1

========================================================================
Received Import Request.
  Time since last request: 0.000022 seconds.
  path: Assets/SourceFiles/Textures/Repeating Tiles/Moon_AO.png
  importAddress: Guid(b55007425b21ce444b69df329ff0e907) Importer(2089858483,b0f066a214c2f5e87bad3c948f4d605d)
Start importing Assets/SourceFiles/Textures/Repeating Tiles/Moon_AO.png using Guid(b55007425b21ce444b69df329ff0e907) Importer(2089858483,b0f066a214c2f5e87bad3c948f4d605d) (ScriptedImporter) -> (Import Result ID: 'd21dc3d447612c615493620541d07616') in 0.0226071 seconds [static and dynamic dependencies]. Details - ImportResultOutputID=01804351231b310299bfcf50ebd78efb DependenciesID=7ce9a524d3a770e94348b6d7e0944bfe StaticDependenciesID=0eabe20ad299aaeff1f4dcb42070c4ea 
Number of updated asset objects reloaded before import = 0Number of asset objects unloaded after import = 1

========================================================================
Received Import Request.
  Time since last request: 0.000032 seconds.
  path: Assets/SourceFiles/Textures/Repeating Tiles/FootPrintSand_Albedo.png
  importAddress: Guid(27873903520213b49962817009f2b9e9) Importer(2089858483,b0f066a214c2f5e87bad3c948f4d605d)
Start importing Assets/SourceFiles/Textures/Repeating Tiles/FootPrintSand_Albedo.png using Guid(27873903520213b49962817009f2b9e9) Importer(2089858483,b0f066a214c2f5e87bad3c948f4d605d) (ScriptedImporter) -> (Import Result ID: '62ef0f7e44c523b10407f96527371017') in 0.0314576 seconds [static and dynamic dependencies]. Details - ImportResultOutputID=11b5c4ae2431cedfff7ef2298066c869 DependenciesID=21bb35b1384a8517d747f84f1747fcf2 StaticDependenciesID=48334127952c8c2038c59b3db6f28b77 
Number of updated asset objects reloaded before import = 0Number of asset objects unloaded after import = 1

========================================================================
Received Import Request.
  Time since last request: 0.000045 seconds.
  path: Assets/SourceFiles/Textures/Repeating Tiles/Tile_CheckerBoard_normal.png
  importAddress: Guid(bad88130dc45ed34286f3048dcee2185) Importer(2089858483,b0f066a214c2f5e87bad3c948f4d605d)
Start importing Assets/SourceFiles/Textures/Repeating Tiles/Tile_CheckerBoard_normal.png using Guid(bad88130dc45ed34286f3048dcee2185) Importer(2089858483,b0f066a214c2f5e87bad3c948f4d605d) (ScriptedImporter) -> (Import Result ID: 'db9c7ec31457a5ce6d17c10b985f2e5a') in 0.020988 seconds [static and dynamic dependencies]. Details - ImportResultOutputID=4b6e98a1b8a6fa061ddc88534e71ae62 DependenciesID=ef39e764f085de69affb4900f4f02480 StaticDependenciesID=77537d917e603487bfc08a77a45261b3 
Number of updated asset objects reloaded before import = 0Number of asset objects unloaded after import = 1

========================================================================
Received Import Request.
  Time since last request: 0.000022 seconds.
  path: Assets/SourceFiles/TimmyRobot/Sfx/Player_Footstep_04.wav
  importAddress: Guid(1a91fcd19acf1e54bba0945d9f390849) Importer(2089858483,b0f066a214c2f5e87bad3c948f4d605d)
Start importing Assets/SourceFiles/TimmyRobot/Sfx/Player_Footstep_04.wav using Guid(1a91fcd19acf1e54bba0945d9f390849) Importer(2089858483,b0f066a214c2f5e87bad3c948f4d605d) (ScriptedImporter) -> (Import Result ID: '2c2d4939e2fa99c4fdc608d2ab518ec0') in 0.0129321 seconds [static and dynamic dependencies]. Details - ImportResultOutputID=4ee6ba353e582c92ebd7322ed44e3abd DependenciesID=cd0e610de61cd4ba6c8acc3ce7a0b8cb StaticDependenciesID=7269b34914dcc1a7120e902490af4ea3 
Number of updated asset objects reloaded before import = 0Number of asset objects unloaded after import = 1

========================================================================
Received Import Request.
  Time since last request: 0.000020 seconds.
  path: Assets/SourceFiles/Textures/Repeating Tiles/Candy_Albedo.png
  importAddress: Guid(0e0dd532fc656bb4494ee9c0813a49da) Importer(2089858483,b0f066a214c2f5e87bad3c948f4d605d)
Start importing Assets/SourceFiles/Textures/Repeating Tiles/Candy_Albedo.png using Guid(0e0dd532fc656bb4494ee9c0813a49da) Importer(2089858483,b0f066a214c2f5e87bad3c948f4d605d) (ScriptedImporter) -> (Import Result ID: '396b692a3670d2616fab5ab3c9ee17b7') in 0.0179429 seconds [static and dynamic dependencies]. Details - ImportResultOutputID=e223819514c8a645e7c344b97f77300d DependenciesID=81a2e902b8de08e51bd8803d4886a215 StaticDependenciesID=9c5c181741b8717d22e4331e49b3ec66 
Number of updated asset objects reloaded before import = 0Number of asset objects unloaded after import = 1

========================================================================
Received Import Request.
  Time since last request: 0.000036 seconds.
  path: Assets/Tutorials/t1_Interface/s1.8_Reposition the robot.asset
  importAddress: Guid(8c8e462fbc7fc3945ace65347eaf6544) Importer(2089858483,b0f066a214c2f5e87bad3c948f4d605d)
Start importing Assets/Tutorials/t1_Interface/s1.8_Reposition the robot.asset using Guid(8c8e462fbc7fc3945ace65347eaf6544) Importer(2089858483,b0f066a214c2f5e87bad3c948f4d605d) (ScriptedImporter) -> (Import Result ID: '34f810923437e74c7756c68ccfebeac4') in 0.0168553 seconds [static and dynamic dependencies]. Details - ImportResultOutputID=4e5440b117e6cb952f867dc5ca38b092 DependenciesID=e96ae4fa8f981ffc5b3a3467c564bd72 StaticDependenciesID=d5bfc914d6f897a77e69b1934b5b25fb 
Number of updated asset objects reloaded before import = 0Number of asset objects unloaded after import = 2

========================================================================
Received Import Request.
  Time since last request: 0.000029 seconds.
  path: Assets/SourceFiles/Textures/Repeating Tiles/Tile_Hexagon_Albedo.png
  importAddress: Guid(44a02cff2c4277f49bd444b9a8eae7ea) Importer(2089858483,b0f066a214c2f5e87bad3c948f4d605d)
Start importing Assets/SourceFiles/Textures/Repeating Tiles/Tile_Hexagon_Albedo.png using Guid(44a02cff2c4277f49bd444b9a8eae7ea) Importer(2089858483,b0f066a214c2f5e87bad3c948f4d605d) (ScriptedImporter) -> (Import Result ID: '8dc20633807be56e5da51ee6542a2d24') in 0.0168336 seconds [static and dynamic dependencies]. Details - ImportResultOutputID=cf681db8524f752b8ce6e09945112018 DependenciesID=7b34fd137e25e0e77770229b803489e1 StaticDependenciesID=b0f94733fbd9bb35c4607658150f9510 
Number of updated asset objects reloaded before import = 0Number of asset objects unloaded after import = 1

========================================================================
Received Import Request.
  Time since last request: 0.000021 seconds.
  path: Assets/SourceFiles/TimmyRobot/Sfx/Player_Footstep_08.wav
  importAddress: Guid(67c8b33e424ccdc4486edf538ab91c5a) Importer(2089858483,b0f066a214c2f5e87bad3c948f4d605d)
Start importing Assets/SourceFiles/TimmyRobot/Sfx/Player_Footstep_08.wav using Guid(67c8b33e424ccdc4486edf538ab91c5a) Importer(2089858483,b0f066a214c2f5e87bad3c948f4d605d) (ScriptedImporter) -> (Import Result ID: 'e24a4c988a5986714ffa4dc8a31c3641') in 0.0142748 seconds [static and dynamic dependencies]. Details - ImportResultOutputID=aa03dce6c2f000bd3ccedbd7fe44f481 DependenciesID=07ccf43c781f40c68ec9f1c73a83c54e StaticDependenciesID=0b7b72dc2c666dd95eeb7df61c9a01e5 
Number of updated asset objects reloaded before import = 0Number of asset objects unloaded after import = 1

========================================================================
Received Import Request.
  Time since last request: 0.000024 seconds.
  path: Assets/Tutorials/t4_Share/s4.4_Publish to Unity Play.asset
  importAddress: Guid(e3462a524e8834f258622ae7f827f408) Importer(2089858483,b0f066a214c2f5e87bad3c948f4d605d)
Start importing Assets/Tutorials/t4_Share/s4.4_Publish to Unity Play.asset using Guid(e3462a524e8834f258622ae7f827f408) Importer(2089858483,b0f066a214c2f5e87bad3c948f4d605d) (ScriptedImporter) -> (Import Result ID: 'a02f85c2f925d2c2e161bbc96231a380') in 0.0142416 seconds [static and dynamic dependencies]. Details - ImportResultOutputID=c2c455b2126bf57d13575d04f60c3853 DependenciesID=e2cc1a6a6b622357f02a3710bac293d2 StaticDependenciesID=6d2e2c684211386ff9863619ed2eab57 
Number of updated asset objects reloaded before import = 0Number of asset objects unloaded after import = 2

========================================================================
Received Import Request.
  Time since last request: 0.000042 seconds.
  path: Assets/Tutorials/Media/2.9 Rotate Stairs.webm
  importAddress: Guid(32b80aa13bb3e374f8eca538c4bc5c03) Importer(2089858483,b0f066a214c2f5e87bad3c948f4d605d)
Start importing Assets/Tutorials/Media/2.9 Rotate Stairs.webm using Guid(32b80aa13bb3e374f8eca538c4bc5c03) Importer(2089858483,b0f066a214c2f5e87bad3c948f4d605d) (ScriptedImporter) -> (Import Result ID: '71d82a8f3bc4c4e32d30d797177ba9aa') in 0.0130671 seconds [static and dynamic dependencies]. Details - ImportResultOutputID=02a21c9aaf6ef1a78c4713c2247f0630 DependenciesID=846a4885ec7c624c92c08f7dbe1b85fe StaticDependenciesID=2b45ce02c4c1125a0c854d8a3169ece9 
Number of updated asset objects reloaded before import = 0Number of asset objects unloaded after import = 1

Editor requested this worker to shutdown with reason: Scaling down because of idle timeout
AssetImportWorker is now disconnected from the server
Process exiting
Exiting without the bug reporter. Application will terminate with return code 0