[Licensing::Module] Trying to connect to existing licensing client channel...
[Licensing::IpcConnector] Successfully connected to: "LicenseClient-Alex" at "2026-04-13T01:11:51.9918148Z"
Built from '6000.4/staging' branch; Version is '6000.4.2f1 (7a4c1aeef971) revision 8014874'; Using compiler version '194234433'; Build Type 'Release'
OS: 'Windows 11  (10.0.26200) Core' Language: 'en' Physical Memory: 32699 MB
BatchMode: 1, IsHumanControllingUs: 0, StartBugReporterOnCrash: 0, Is64bit: 1
System  architecture: x64
Process architecture: x64
Date: 2026-04-13T01:11:51Z

COMMAND LINE ARGUMENTS:
C:\Program Files\Unity\Hub\Editor\6000.4.2f1\Editor\Unity.exe
-adb2
-batchMode
-noUpm
-name
AssetImportWorker2
-projectPath
C:/Users/Alex/source/repos/OOP3-Project/Setup Guide In-Editor Tutorial
-logFile
Logs/AssetImportWorker2.log
-srvPort
60892
-licensingIpc
LicenseClient-Alex
-force-d3d12
-job-worker-count
11
-background-job-worker-count
8
-gc-helper-count
1
-name
AssetImport
Successfully changed project path to: C:/Users/Alex/source/repos/OOP3-Project/Setup Guide In-Editor Tutorial
C:/Users/Alex/source/repos/OOP3-Project/Setup Guide In-Editor Tutorial
[UnityMemory] Configuration Parameters - Can be set up in boot.config
    "memorysetup-temp-allocator-size-gi-baking-worker=262144"
    "memorysetup-temp-allocator-size-gi-baking-worker=262144"
    "memorysetup-temp-allocator-size-gi-baking-worker=262144"
    "memorysetup-temp-allocator-size-gi-baking-worker=262144"
    "memorysetup-temp-allocator-size-gi-baking-worker=262144"
    "memorysetup-temp-allocator-size-nav-mesh-worker=65536"
    "memorysetup-temp-allocator-size-audio-worker=65536"
    "memorysetup-temp-allocator-size-cloud-worker=32768"
    "memorysetup-temp-allocator-size-gfx=262144"
    "memorysetup-temp-allocator-size-preload-manager=33554432"
    "memorysetup-temp-allocator-size-job-worker=262144"
    "memorysetup-temp-allocator-size-background-worker=32768"
    "memorysetup-allocator-temp-initial-block-size-main=262144"
    "memorysetup-allocator-temp-initial-block-size-worker=262144"
    "memorysetup-bucket-allocator-granularity=16"
    "memorysetup-bucket-allocator-bucket-count=8"
    "memorysetup-bucket-allocator-block-size=33554432"
    "memorysetup-bucket-allocator-block-count=8"
    "memorysetup-main-allocator-block-size=16777216"
    "memorysetup-thread-allocator-block-size=16777216"
    "memorysetup-gfx-main-allocator-block-size=16777216"
    "memorysetup-gfx-thread-allocator-block-size=16777216"
    "memorysetup-cache-allocator-block-size=4194304"
    "memorysetup-typetree-allocator-block-size=2097152"
    "memorysetup-profiler-bucket-allocator-granularity=16"
    "memorysetup-profiler-bucket-allocator-bucket-count=8"
    "memorysetup-profiler-bucket-allocator-block-size=33554432"
    "memorysetup-profiler-bucket-allocator-block-count=8"
    "memorysetup-profiler-allocator-block-size=16777216"
    "memorysetup-profiler-editor-allocator-block-size=1048576"
    "memorysetup-temp-allocator-size-main=16777216"
    "memorysetup-job-temp-allocator-block-size=2097152"
    "memorysetup-job-temp-allocator-block-size-background=1048576"
    "memorysetup-job-temp-allocator-reduction-small-platforms=262144"
Player connection [31316]  Target information:

Player connection [31316]  * "[IP] 192.168.2.19 [Port] 0 [Flags] 2 [Guid] 3350957030 [EditorId] 3350957030 [Version] 1048832 [Id] WindowsEditor(7,DESKTOP-JFCVE9U) [Debug] 1 [PackageName] WindowsEditor [ProjectName] Editor" 

Player connection [31316] Host joined multi-casting on [225.0.0.222:54997]...
Player connection [31316] Host joined alternative multi-casting on [225.0.0.222:34997]...
JobSystem: Creating JobQueue using job-worker-count value 11
Input System module state changed to: Initialized.
[Physics::Module] Initialized fallback backend.
[Physics::Module] Id: 0xdecafbad
Library Redirect Path: Library/
[Physics::Module] Selected backend.
[Physics::Module] Name: PhysX
[Physics::Module] Id: 0xf2b8ea05
[Physics::Module] SDK Version: 4.1.2
[Physics::Module] Integration Version: 1.0.0
[Physics::Module] Threading Mode: Multi-Threaded
Initialize engine version: 6000.4.2f1 (7a4c1aeef971)
[Subsystems] Discovering subsystems at path C:/Program Files/Unity/Hub/Editor/6000.4.2f1/Editor/Data/Resources/UnitySubsystems
[Subsystems] Discovering subsystems at path C:/Users/Alex/source/repos/OOP3-Project/Setup Guide In-Editor Tutorial/Assets
Forcing GfxDevice: Direct3D 12
GfxDevice: creating device client; kGfxThreadingModeNonThreaded
d3d12: failed to query info queue interface (0x80004002).
Direct3D:
    Version:         Direct3D 12 [level 12.2]
    Renderer:        NVIDIA GeForce RTX 3070 (ID=0x2488)
    Vendor:          NVIDIA
    VRAM:            8018 MB
    App VRAM Budget: 7250 MB
    Driver:          32.0.15.9186
Initialize mono
Mono path[0] = 'C:/Program Files/Unity/Hub/Editor/6000.4.2f1/Editor/Data/Managed'
Mono path[1] = 'C:/Program Files/Unity/Hub/Editor/6000.4.2f1/Editor/Data/MonoBleedingEdge/lib/mono/unityjit-win32'
Mono config path = 'C:/Program Files/Unity/Hub/Editor/6000.4.2f1/Editor/Data/MonoBleedingEdge/etc'
Using monoOptions --debugger-agent=transport=dt_socket,embedding=1,server=y,suspend=n,address=127.0.0.1:56972
CodeReloadManager initialized
Begin MonoManager ReloadAssembly
Registering precompiled unity dll's ...
Register platform support module: C:/Program Files/Unity/Hub/Editor/6000.4.2f1/Editor/Data/PlaybackEngines/WebGLSupport/UnityEditor.WebGL.Extensions.dll
Register platform support module: C:/Program Files/Unity/Hub/Editor/6000.4.2f1/Editor/Data/PlaybackEngines/WindowsStandaloneSupport/UnityEditor.WindowsStandalone.Extensions.dll
Registered in 0.004062 seconds.
Native extension for WindowsStandalone target not found
Native extension for WebGL target not found
[Licensing::Client] Error: HandshakeResponse reported an error:
	ResponseCode: 505
	ResponseStatus: Unsupported protocol version '1.18.1'.
[Licensing::Module] Error: Failed to handshake to channel: "LicenseClient-Alex"
[Licensing::IpcConnector] LicenseClient-Alex channel disconnected successfully.
[Licensing::IpcConnector] Successfully connected to: "LicenseClient-Alex-6000.4.2" at "2026-04-13T01:11:55.0563695Z"
Package Manager log level set to [2]
[Package Manager] Failed to launch server process. Reason: Unity was launched with the -noUpm command-line argument
[Package Manager] Unable to send message (not connected to server process).
[Package Manager] Cannot connect to Unity Package Manager local server
ScheduleIndexationOnStartup MainProcess:False IndexOnStartup:True
Mono: successfully reloaded assembly
- Finished resetting the current domain, in  0.515 seconds
Domain Reload Profiling: 1231ms
	BeginReloadAssembly (208ms)
	RebuildCommonClasses (65ms)
	RebuildNativeTypeToScriptingClass (20ms)
	initialDomainReloadingComplete (116ms)
	LoadAllAssembliesAndSetupDomain (305ms)
		LoadAssemblies (205ms)
		AnalyzeDomain (289ms)
			TypeCache.Refresh (287ms)
				TypeCache.ScanAssembly (267ms)
	FinalizeReload (517ms)
		SetupLoadedEditorAssemblies (0ms)
			InitializePlatformSupportModulesInManaged (60ms)
			BeforeProcessingInitializeOnLoad (134ms)
			ProcessInitializeOnLoadAttributes (133ms)
			ProcessInitializeOnLoadMethodAttributes (111ms)
Assembly reference Packages/com.unity.cinemachine/Editor/Samples/ExposeHDRPInternals/HDRP-Editor-ref.asmref has no target assembly definition
========================================================================
Worker process is ready to serve import requests
Import Worker Mode flag is 0x00
Assembly reference Packages/com.unity.cinemachine/Editor/Samples/ExposeHDRPInternals/HDRP-Editor-ref.asmref has no target assembly definition
Assembly reference Packages/com.unity.cinemachine/Editor/Samples/ExposeHDRPInternals/HDRP-Editor-ref.asmref has no target assembly definition
Begin MonoManager ReloadAssembly
[Licensing::Module] Licensing is not yet initialized.
[Licensing::Client] Handshaking with LicensingClient:
  Version:                 1.18.1+9fbee8e
  Session Id:              5f4c4275c833447ea02f17f37a01f591
  Correlation Id:          1b23d9ea1cdfdf29c6fb0f51334831e3
  External correlation Id: 2163595157687126913
  Machine Id:              wbPOX1RStWPr1YvF1Np5ADIwJQo=
[Licensing::Module] Successfully connected to LicensingClient on channel: "LicenseClient-Alex-6000.4.2" (connect: 0.00s, validation: 0.00s, handshake: 2.55s)
[Licensing::IpcConnector] Successfully connected to: "LicenseClient-Alex-6000.4.2-notifications" at "2026-04-13T01:11:57.6131069Z"
[Licensing::Module] Licensing Background thread has ended after 5.62s
[Licensing::Module] Licensing is initialized (took 1.85s).
[Licensing::Client] Successfully resolved entitlement details
[Licensing::Module] License group:
  Id: 3574404970447-UnityPersXXXX
  Product: Unity Personal
  Type: Assigned
  Expiration: Unlimited
Assembly Assembly-CSharp-Editor-firstpass.dll at Library/ScriptAssemblies/Assembly-CSharp-Editor-firstpass.dll not valid. Loading of assembly skipped.
Assembly Assembly-CSharp-firstpass.dll at Library/ScriptAssemblies/Assembly-CSharp-firstpass.dll not valid. Loading of assembly skipped.
Assembly TestNewCustomAssembly.dll at Library/ScriptAssemblies/TestNewCustomAssembly.dll not valid. Loading of assembly skipped.
Assembly Unity.Collections.BurstCompatibilityGen.dll at Library/ScriptAssemblies/Unity.Collections.BurstCompatibilityGen.dll not valid. Loading of assembly skipped.
Assembly Unity.Collections.DocCodeSamples.dll at Library/ScriptAssemblies/Unity.Collections.DocCodeSamples.dll not valid. Loading of assembly skipped.
Assembly Unity.Collections.PerformanceTests.dll at Library/ScriptAssemblies/Unity.Collections.PerformanceTests.dll not valid. Loading of assembly skipped.
Assembly Unity.Collections.Tests.dll at Library/ScriptAssemblies/Unity.Collections.Tests.dll not valid. Loading of assembly skipped.
Assembly Unity.Collections.Tests.Playmode.dll at Library/ScriptAssemblies/Unity.Collections.Tests.Playmode.dll not valid. Loading of assembly skipped.
Assembly Unity.InputSystem.IntegrationTests.dll at Library/ScriptAssemblies/Unity.InputSystem.IntegrationTests.dll not valid. Loading of assembly skipped.
Assembly Unity.Mathematics.Tests.dll at Library/ScriptAssemblies/Unity.Mathematics.Tests.dll not valid. Loading of assembly skipped.
Assembly Unity.Multiplayer.Center.Editor.Tests.dll at Library/ScriptAssemblies/Unity.Multiplayer.Center.Editor.Tests.dll not valid. Loading of assembly skipped.
Assembly Unity.Multiplayer.Center.Tests.dll at Library/ScriptAssemblies/Unity.Multiplayer.Center.Tests.dll not valid. Loading of assembly skipped.
Assembly Unity.Nuget.Mono-Cecil.dll at Library/ScriptAssemblies/Unity.Nuget.Mono-Cecil.dll not valid. Loading of assembly skipped.
Assembly Unity.PathTracing.Editor.Tests.dll at Library/ScriptAssemblies/Unity.PathTracing.Editor.Tests.dll not valid. Loading of assembly skipped.
Assembly Unity.PathTracing.Runtime.Tests.dll at Library/ScriptAssemblies/Unity.PathTracing.Runtime.Tests.dll not valid. Loading of assembly skipped.
Assembly Unity.RenderPipelines.Core.Editor.Tests.dll at Library/ScriptAssemblies/Unity.RenderPipelines.Core.Editor.Tests.dll not valid. Loading of assembly skipped.
Assembly Unity.RenderPipelines.Core.Runtime.Tests.dll at Library/ScriptAssemblies/Unity.RenderPipelines.Core.Runtime.Tests.dll not valid. Loading of assembly skipped.
Assembly Unity.RenderPipelines.Universal.Config.Editor.Tests.dll at Library/ScriptAssemblies/Unity.RenderPipelines.Universal.Config.Editor.Tests.dll not valid. Loading of assembly skipped.
Assembly Unity.RenderPipelines.Universal.Editor.Tests.dll at Library/ScriptAssemblies/Unity.RenderPipelines.Universal.Editor.Tests.dll not valid. Loading of assembly skipped.
Assembly Unity.RenderPipelines.Universal.Runtime.Tests.dll at Library/ScriptAssemblies/Unity.RenderPipelines.Universal.Runtime.Tests.dll not valid. Loading of assembly skipped.
Assembly Unity.Searcher.EditorTests.dll at Library/ScriptAssemblies/Unity.Searcher.EditorTests.dll not valid. Loading of assembly skipped.
Assembly Unity.Settings.Tests.dll at Library/ScriptAssemblies/Unity.Settings.Tests.dll not valid. Loading of assembly skipped.
Assembly Unity.ShaderGraph.Editor.Tests.dll at Library/ScriptAssemblies/Unity.ShaderGraph.Editor.Tests.dll not valid. Loading of assembly skipped.
Assembly Unity.TextMeshPro.Editor.Tests.dll at Library/ScriptAssemblies/Unity.TextMeshPro.Editor.Tests.dll not valid. Loading of assembly skipped.
Assembly Unity.TextMeshPro.Tests.dll at Library/ScriptAssemblies/Unity.TextMeshPro.Tests.dll not valid. Loading of assembly skipped.
Assembly Unity.Tutorials.Core.Editor.Tests.dll at Library/ScriptAssemblies/Unity.Tutorials.Core.Editor.Tests.dll not valid. Loading of assembly skipped.
Assembly Unity.Tutorials.Core.Tests.dll at Library/ScriptAssemblies/Unity.Tutorials.Core.Tests.dll not valid. Loading of assembly skipped.
Assembly Unity.UnifiedRayTracing.Editor.Tests.dll at Library/ScriptAssemblies/Unity.UnifiedRayTracing.Editor.Tests.dll not valid. Loading of assembly skipped.
Assembly UnityEditor.UI.Common.Tests.dll at Library/ScriptAssemblies/UnityEditor.UI.Common.Tests.dll not valid. Loading of assembly skipped.
Assembly UnityEditor.UI.EditorTests.dll at Library/ScriptAssemblies/UnityEditor.UI.EditorTests.dll not valid. Loading of assembly skipped.
Assembly UnityEngine.UI.Tests.dll at Library/ScriptAssemblies/UnityEngine.UI.Tests.dll not valid. Loading of assembly skipped.
Assembly reference Packages/com.unity.cinemachine/Editor/Samples/ExposeHDRPInternals/HDRP-Editor-ref.asmref has no target assembly definition
'Packages/com.unity.cinemachine/Editor/Obsolete/CinemachineVirtualCameraBaseEditor.cs' contains partial class of Unity.Object, exactly 1 of the partial classes needs to be in a file with the same filename. This is to know the one that can be referenced from ie. GameObjects
'Packages/com.unity.cinemachine/Editor/Editors/CinemachineVirtualCameraBaseEditor.cs' contains partial class of Unity.Object, exactly 1 of the partial classes needs to be in a file with the same filename. This is to know the one that can be referenced from ie. GameObjects
Native extension for WindowsStandalone target not found
Native extension for WebGL target not found
Assembly reference Packages/com.unity.cinemachine/Editor/Samples/ExposeHDRPInternals/HDRP-Editor-ref.asmref has no target assembly definition
[Package Manager] Failed to launch server process. Reason: Unity was launched with the -noUpm command-line argument
[Package Manager] Unable to send message (not connected to server process).
[Package Manager] Cannot connect to Unity Package Manager local server
[Package Manager] Failed to launch server process. Reason: Unity was launched with the -noUpm command-line argument
[Package Manager] Unable to send message (not connected to server process).
[Package Manager] Cannot connect to Unity Package Manager local server
ScheduleIndexationOnStartup MainProcess:False IndexOnStartup:True
Mono: successfully reloaded assembly
- Finished resetting the current domain, in  0.748 seconds
Domain Reload Profiling: 3524ms
	BeginReloadAssembly (2080ms)
		DisableScriptedObjects (7ms)
		CreateAndSetChildDomain (39ms)
	RebuildCommonClasses (56ms)
	RebuildNativeTypeToScriptingClass (16ms)
	initialDomainReloadingComplete (92ms)
	LoadAllAssembliesAndSetupDomain (531ms)
		LoadAssemblies (451ms)
		AnalyzeDomain (204ms)
			TypeCache.Refresh (141ms)
				TypeCache.ScanAssembly (126ms)
			BuildScriptInfoCaches (50ms)
			ResolveRequiredComponents (11ms)
	FinalizeReload (749ms)
		SetupLoadedEditorAssemblies (0ms)
			InitializePlatformSupportModulesInManaged (3ms)
			BeforeProcessingInitializeOnLoad (164ms)
			ProcessInitializeOnLoadAttributes (200ms)
			ProcessInitializeOnLoadMethodAttributes (81ms)
			AfterProcessingInitializeOnLoad (9ms)
		AwakeInstancesAfterBackupRestoration (8ms)
Launched and connected shader compiler UnityShaderCompiler.exe after 0.02 seconds
Unloading 85 Unused Serialized files (Serialized files now loaded: 0)
Unloading 4343 unused Assets / (12.6 MB). Loaded Objects now: 5068.
Memory consumption went from 144.3 MB to 131.7 MB.
Total: 16.207500 ms (FindLiveObjects: 0.893600 ms CreateObjectMapping: 0.249400 ms MarkObjects: 5.722700 ms  DeleteObjects: 9.339000 ms)

========================================================================
Received Import Request.
  Time since last request: 195705.775883 seconds.
  path: Assets/TextMesh Pro/Fonts/LiberationSans.ttf
  importAddress: Guid(e3265ab4bf004d28a9537516768c1c75) Importer(2089858483,b0f066a214c2f5e87bad3c948f4d605d)
Start importing Assets/TextMesh Pro/Fonts/LiberationSans.ttf using Guid(e3265ab4bf004d28a9537516768c1c75) Importer(2089858483,b0f066a214c2f5e87bad3c948f4d605d) (ScriptedImporter) -> (Import Result ID: '0edee92447536ee70d1d434834505a46') in 0.1386664 seconds [static and dynamic dependencies]. Details - ImportResultOutputID=7f5b45941a1e388a1c870ac5ea1876e2 DependenciesID=035077e396e9afcd1945c31a24a3728b StaticDependenciesID=8d7b10ba804405d2fb9a467f6d8c5b4f 
Number of updated asset objects reloaded before import = 0Number of asset objects unloaded after import = 3

========================================================================
Received Import Request.
  Time since last request: 0.000024 seconds.
  path: Assets/Materials/Material_WhiteGrid.mat
  importAddress: Guid(dbf898c9f9c4a2d46aa6336e23caeb61) Importer(2089858483,b0f066a214c2f5e87bad3c948f4d605d)
Start importing Assets/Materials/Material_WhiteGrid.mat using Guid(dbf898c9f9c4a2d46aa6336e23caeb61) Importer(2089858483,b0f066a214c2f5e87bad3c948f4d605d) (ScriptedImporter) -> (Import Result ID: '4dee9856feeec38263d81c21e1c3990e') in 0.0461036 seconds [static and dynamic dependencies]. Details - ImportResultOutputID=72347f686c6113e82dfeef75b8928799 DependenciesID=fb6318e5b23f382a97fe0c92dfd71aaa StaticDependenciesID=c1baabe6ae9fe496a234e7ec7ab57f38 
Number of updated asset objects reloaded before import = 0Number of asset objects unloaded after import = 4

========================================================================
Received Import Request.
  Time since last request: 0.000037 seconds.
  path: Assets/Materials/Material_Stars.mat
  importAddress: Guid(5fb82bfb57d6add4d9ba1a4ab83f6f8a) Importer(2089858483,b0f066a214c2f5e87bad3c948f4d605d)
Start importing Assets/Materials/Material_Stars.mat using Guid(5fb82bfb57d6add4d9ba1a4ab83f6f8a) Importer(2089858483,b0f066a214c2f5e87bad3c948f4d605d) (ScriptedImporter) -> (Import Result ID: '961b5f74801db7eb90184dd9f62245a4') in 0.0375046 seconds [static and dynamic dependencies]. Details - ImportResultOutputID=5f203fadcdf915a55fc10ec741f79c99 DependenciesID=f73caba67f669c71c3efff0cb090744b StaticDependenciesID=d87d1be9ffaeeacf0579199371d99e52 
Number of updated asset objects reloaded before import = 0Number of asset objects unloaded after import = 3

========================================================================
Received Import Request.
  Time since last request: 0.000035 seconds.
  path: Assets/SourceFiles/SoundFX/SFX_PositiveSound01.ogg
  importAddress: Guid(4a43edb6526bd476eb7d64e97bb96f1b) Importer(2089858483,b0f066a214c2f5e87bad3c948f4d605d)
Start importing Assets/SourceFiles/SoundFX/SFX_PositiveSound01.ogg using Guid(4a43edb6526bd476eb7d64e97bb96f1b) Importer(2089858483,b0f066a214c2f5e87bad3c948f4d605d) (ScriptedImporter) -> (Import Result ID: 'f648789c2d892821cb0bfcaa2f5cb037') in 0.0223372 seconds [static and dynamic dependencies]. Details - ImportResultOutputID=7147eb75cf8af9a77b5a028eaa0b7aac DependenciesID=46295473e3edec58120d88606c08cd39 StaticDependenciesID=e361138b652f6ace2d8457f2a3eff604 
Number of updated asset objects reloaded before import = 0Number of asset objects unloaded after import = 1

========================================================================
Received Import Request.
  Time since last request: 0.000021 seconds.
  path: Assets/Prefabs/PlayerRobot.prefab
  importAddress: Guid(332df604d1fc7fd46ae4013ce9b4a5d6) Importer(2089858483,b0f066a214c2f5e87bad3c948f4d605d)
Start importing Assets/Prefabs/PlayerRobot.prefab using Guid(332df604d1fc7fd46ae4013ce9b4a5d6) Importer(2089858483,b0f066a214c2f5e87bad3c948f4d605d) (ScriptedImporter) -> (Import Result ID: '0542e4a33102e5a2611cec5874621c5c') in 0.2381236 seconds [static and dynamic dependencies]. Details - ImportResultOutputID=51cef8b3c3e60299edbc4e585f26e7aa DependenciesID=afd8366b31031c8c9b861351b8acf0f5 StaticDependenciesID=2fad412a43a013fd4878bc7e92d3d2c1 
Number of updated asset objects reloaded before import = 0Number of asset objects unloaded after import = 304

========================================================================
Received Import Request.
  Time since last request: 0.000023 seconds.
  path: Assets/SourceFiles/Scripts/RespawnPlayer.cs
  importAddress: Guid(0406f8ea9ab1b4647b7fb3b65a763f94) Importer(2089858483,b0f066a214c2f5e87bad3c948f4d605d)
Start importing Assets/SourceFiles/Scripts/RespawnPlayer.cs using Guid(0406f8ea9ab1b4647b7fb3b65a763f94) Importer(2089858483,b0f066a214c2f5e87bad3c948f4d605d) (ScriptedImporter) -> (Import Result ID: '7bb75e0f97d4707d9ee2e56d16f45eb8') in 0.0125059 seconds [static and dynamic dependencies]. Details - ImportResultOutputID=02e7758773836a203c96d20a594fe725 DependenciesID=aee2eea18362e8a71bab556d0cb44bb9 StaticDependenciesID=5659d8bc1b60b8452920c66c82a27c77 
Number of updated asset objects reloaded before import = 0Number of asset objects unloaded after import = 0

========================================================================
Received Import Request.
  Time since last request: 0.000042 seconds.
  path: Assets/SourceFiles/VFX/SimpleParticle_Mat.mat
  importAddress: Guid(a5519a773bdc34c1ba249281ac7d6d6b) Importer(2089858483,b0f066a214c2f5e87bad3c948f4d605d)
Start importing Assets/SourceFiles/VFX/SimpleParticle_Mat.mat using Guid(a5519a773bdc34c1ba249281ac7d6d6b) Importer(2089858483,b0f066a214c2f5e87bad3c948f4d605d) (ScriptedImporter) -> (Import Result ID: '640be9bc26a911e322ab53c2d852fe13') in 0.0326691 seconds [static and dynamic dependencies]. Details - ImportResultOutputID=5b443820c56300ffda4ea0bf66c56a3e DependenciesID=980587fe1964cd6aeef6ceb4c1217cf5 StaticDependenciesID=755bc143aa7dd1111d8998ce58001357 
Number of updated asset objects reloaded before import = 0Number of asset objects unloaded after import = 1

========================================================================
Received Import Request.
  Time since last request: 0.000020 seconds.
  path: Assets/TextMesh Pro/Shaders/SDFFunctions.hlsl
  importAddress: Guid(96de908384869cd409c75efa351d5edf) Importer(2089858483,b0f066a214c2f5e87bad3c948f4d605d)
Start importing Assets/TextMesh Pro/Shaders/SDFFunctions.hlsl using Guid(96de908384869cd409c75efa351d5edf) Importer(2089858483,b0f066a214c2f5e87bad3c948f4d605d) (ScriptedImporter) -> (Import Result ID: 'a678aa56ec25a5b59a9ae4b0ba070dfc') in 0.0278286 seconds [static and dynamic dependencies]. Details - ImportResultOutputID=df1b14a4693c18046f79f51924936577 DependenciesID=c5c47cfe28a26d40b5e6e41c3c22b780 StaticDependenciesID=3bff8146d83da5cd9352f71ee2ae9e2c 
Number of updated asset objects reloaded before import = 0Number of asset objects unloaded after import = 1

========================================================================
Received Import Request.
  Time since last request: 0.000031 seconds.
  path: Assets/Materials/Material_Checkerboard.mat
  importAddress: Guid(a923b12ceea637048a8445579407b4d4) Importer(2089858483,b0f066a214c2f5e87bad3c948f4d605d)
Start importing Assets/Materials/Material_Checkerboard.mat using Guid(a923b12ceea637048a8445579407b4d4) Importer(2089858483,b0f066a214c2f5e87bad3c948f4d605d) (ScriptedImporter) -> (Import Result ID: 'b195d72875653967745f408f57560fda') in 0.0559098 seconds [static and dynamic dependencies]. Details - ImportResultOutputID=a111cbf8dcee6f91af8d29b32e2fc70d DependenciesID=bc25a9cad339a228f21531942c8622fd StaticDependenciesID=14bb0869bc3a36c910bd8143abbf9f60 
Number of updated asset objects reloaded before import = 0Number of asset objects unloaded after import = 4

========================================================================
Received Import Request.
  Time since last request: 0.000030 seconds.
  path: Assets/SourceFiles/InputSystem/InputSystem_Actions.inputactions
  importAddress: Guid(052faaac586de48259a63d0c4782560b) Importer(2089858483,b0f066a214c2f5e87bad3c948f4d605d)
Start importing Assets/SourceFiles/InputSystem/InputSystem_Actions.inputactions using Guid(052faaac586de48259a63d0c4782560b) Importer(2089858483,b0f066a214c2f5e87bad3c948f4d605d) (ScriptedImporter) -> (Import Result ID: 'e777b633762891974affa74c957c0c32') in 0.1864263 seconds [static and dynamic dependencies]. Details - ImportResultOutputID=620965f445786538a9e43ac5097bb536 DependenciesID=f9f662d45d3e8f8c77d7bf1f40290c2a StaticDependenciesID=9ef87da77510098bde49c55fad50375d 
Number of updated asset objects reloaded before import = 0Number of asset objects unloaded after import = 22

========================================================================
Received Import Request.
  Time since last request: 0.000037 seconds.
  path: Assets/Materials/Material_Simple_Yellow.mat
  importAddress: Guid(67f0e7c36170f064ca19ef90cccfa886) Importer(2089858483,b0f066a214c2f5e87bad3c948f4d605d)
Start importing Assets/Materials/Material_Simple_Yellow.mat using Guid(67f0e7c36170f064ca19ef90cccfa886) Importer(2089858483,b0f066a214c2f5e87bad3c948f4d605d) (ScriptedImporter) -> (Import Result ID: 'cf3bc990a052943fafbd1ff28de00442') in 0.0116414 seconds [static and dynamic dependencies]. Details - ImportResultOutputID=fe30c6bd438516a0740d8d8757499489 DependenciesID=4ebe12ed6922cf43136597e0ecfa600a StaticDependenciesID=b5c2baced867e3c35c571570dcee8c2f 
Number of updated asset objects reloaded before import = 0Number of asset objects unloaded after import = 1

========================================================================
Received Import Request.
  Time since last request: 0.000027 seconds.
  path: Assets/SourceFiles/VFX/GlowTexture.png
  importAddress: Guid(98826fe9ed9d8ec4b8d6c3aaeb187c43) Importer(2089858483,b0f066a214c2f5e87bad3c948f4d605d)
Start importing Assets/SourceFiles/VFX/GlowTexture.png using Guid(98826fe9ed9d8ec4b8d6c3aaeb187c43) Importer(2089858483,b0f066a214c2f5e87bad3c948f4d605d) (ScriptedImporter) -> (Import Result ID: 'deca4862385f3237cae5c6d425a21024') in 0.0429375 seconds [static and dynamic dependencies]. Details - ImportResultOutputID=8b8e7a668d67bdd093e0900a7b1d25fc DependenciesID=8d4dfe3f2b05b44db3f57c2f9e9217a4 StaticDependenciesID=aea91f8454f8beb349e5a76dd02013cd 
Number of updated asset objects reloaded before import = 0Number of asset objects unloaded after import = 1

========================================================================
Received Import Request.
  Time since last request: 0.000018 seconds.
  path: Assets/Prefabs/Wall_Light_Left.prefab
  importAddress: Guid(6d22cb59a855741de8da3725eb7ea9bf) Importer(2089858483,b0f066a214c2f5e87bad3c948f4d605d)
Start importing Assets/Prefabs/Wall_Light_Left.prefab using Guid(6d22cb59a855741de8da3725eb7ea9bf) Importer(2089858483,b0f066a214c2f5e87bad3c948f4d605d) (ScriptedImporter) -> (Import Result ID: '2881df3552bb8d390671cbb4f3e2bf0f') in 0.0272142 seconds [static and dynamic dependencies]. Details - ImportResultOutputID=fd8e261fcc818ec72ec63d16e7ac8e19 DependenciesID=cf1c2f201c882e72877d0a396dc0dc10 StaticDependenciesID=844a6009588fc2f91389eb3988eff1b3 
Number of updated asset objects reloaded before import = 0Number of asset objects unloaded after import = 13

========================================================================
Received Import Request.
  Time since last request: 0.000028 seconds.
  path: Assets/Prefabs/Stairs.prefab
  importAddress: Guid(85137749cac42ae4abf354efb349ceaa) Importer(2089858483,b0f066a214c2f5e87bad3c948f4d605d)
Start importing Assets/Prefabs/Stairs.prefab using Guid(85137749cac42ae4abf354efb349ceaa) Importer(2089858483,b0f066a214c2f5e87bad3c948f4d605d) (ScriptedImporter) -> (Import Result ID: '3a2d25b3b7c063f354603aec631bce5c') in 0.0481659 seconds [static and dynamic dependencies]. Details - ImportResultOutputID=ed1390ad135cb373042c7e2060c8f029 DependenciesID=ba43e5972a6deb54840ace0f9d66b104 StaticDependenciesID=1e9e973b657a00dfe4e882c9775ddffb 
Number of updated asset objects reloaded before import = 0Number of asset objects unloaded after import = 10

========================================================================
Received Import Request.
  Time since last request: 0.000037 seconds.
  path: Assets/SourceFiles/Models/CubeHollow.fbx
  importAddress: Guid(87f98e10f670f9e4a8ef47bb8b815fb2) Importer(2089858483,b0f066a214c2f5e87bad3c948f4d605d)
Start importing Assets/SourceFiles/Models/CubeHollow.fbx using Guid(87f98e10f670f9e4a8ef47bb8b815fb2) Importer(2089858483,b0f066a214c2f5e87bad3c948f4d605d) (ScriptedImporter) -> (Import Result ID: 'dff0714f0a6927d5f9d639f70d89fdd0') in 0.0311399 seconds [static and dynamic dependencies]. Details - ImportResultOutputID=e88560d46dfbcf0ba6e347d45a31a630 DependenciesID=d90198d9b8f91e0f0ca6550d72d12e56 StaticDependenciesID=b9e6d6a7fa91f2ef282f4db33425a7b0 
Number of updated asset objects reloaded before import = 0Number of asset objects unloaded after import = 7

========================================================================
Received Import Request.
  Time since last request: 0.000021 seconds.
  path: Assets/SourceFiles/Settings/PC_RPAsset.asset
  importAddress: Guid(4b83569d67af61e458304325a23e5dfd) Importer(2089858483,b0f066a214c2f5e87bad3c948f4d605d)
Start importing Assets/SourceFiles/Settings/PC_RPAsset.asset using Guid(4b83569d67af61e458304325a23e5dfd) Importer(2089858483,b0f066a214c2f5e87bad3c948f4d605d) (ScriptedImporter) -> (Import Result ID: 'd89f3763eb528c81fb2cd63361137dd0') in 0.0523733 seconds [static and dynamic dependencies]. Details - ImportResultOutputID=86a7699a16508e1b319ead43b47147b1 DependenciesID=6d55ad39f843b8a010cd811cb956a581 StaticDependenciesID=86be0580974ceb5240313504ca1a4ff3 
Number of updated asset objects reloaded before import = 0Number of asset objects unloaded after import = 1

========================================================================
Received Import Request.
  Time since last request: 25.924408 seconds.
  path: Assets/TextMesh Pro/Shaders/TMP_Bitmap-Mobile.shader
  importAddress: Guid(1e3b057af24249748ff873be7fafee47) Importer(2089858483,b0f066a214c2f5e87bad3c948f4d605d)
Start importing Assets/TextMesh Pro/Shaders/TMP_Bitmap-Mobile.shader using Guid(1e3b057af24249748ff873be7fafee47) Importer(2089858483,b0f066a214c2f5e87bad3c948f4d605d) (ScriptedImporter) -> (Import Result ID: '158afd8f8e9816d7f7b8fc905cf18cf7') in 0.0177386 seconds [static and dynamic dependencies]. Details - ImportResultOutputID=7d10a21d935f9a0ce44270100e232ddc DependenciesID=bb78558fe1c79297f1713e000b39bc75 StaticDependenciesID=ba05bf65226584121c1346f54df493db 
Number of updated asset objects reloaded before import = 0Number of asset objects unloaded after import = 1

========================================================================
Received Import Request.
  Time since last request: 0.000026 seconds.
  path: Assets/TextMesh Pro/Shaders/TMP_SDF-Surface.shader
  importAddress: Guid(f7ada0af4f174f0694ca6a487b8f543d) Importer(2089858483,b0f066a214c2f5e87bad3c948f4d605d)
Start importing Assets/TextMesh Pro/Shaders/TMP_SDF-Surface.shader using Guid(f7ada0af4f174f0694ca6a487b8f543d) Importer(2089858483,b0f066a214c2f5e87bad3c948f4d605d) (ScriptedImporter) -> (Import Result ID: '22f148ffe6d985841c499991216fa5a1') in 0.0137686 seconds [static and dynamic dependencies]. Details - ImportResultOutputID=f6725c4bea3c2121734a8cd4a3489592 DependenciesID=fdacfda39366ab1b6fa3f40c20a9a1c8 StaticDependenciesID=4be9fe2bc8c8a5e12a808b7d050f93d3 
Number of updated asset objects reloaded before import = 0Number of asset objects unloaded after import = 1

========================================================================
Received Import Request.
  Time since last request: 0.000036 seconds.
  path: Assets/Tutorials/Media/3.5 Add Some Lights.webm
  importAddress: Guid(e7ea45c29f383864db4faa04ed5f209f) Importer(2089858483,b0f066a214c2f5e87bad3c948f4d605d)
Start importing Assets/Tutorials/Media/3.5 Add Some Lights.webm using Guid(e7ea45c29f383864db4faa04ed5f209f) Importer(2089858483,b0f066a214c2f5e87bad3c948f4d605d) (ScriptedImporter) -> (Import Result ID: '52715770d7cc6121b9cef466b1a532af') in 0.0159422 seconds [static and dynamic dependencies]. Details - ImportResultOutputID=377751d6d938cff0dba842a8ee5df9e1 DependenciesID=f82b051f9feef101290589cce4f93096 StaticDependenciesID=8e45c60f73428718ffbf861c51d4fafe 
Number of updated asset objects reloaded before import = 0Number of asset objects unloaded after import = 1

========================================================================
Received Import Request.
  Time since last request: 0.000021 seconds.
  path: Assets/Tutorials/Media/1.2 Video Demo.webm
  importAddress: Guid(c760d48b95377554f957e17ed269d9e8) Importer(2089858483,b0f066a214c2f5e87bad3c948f4d605d)
Start importing Assets/Tutorials/Media/1.2 Video Demo.webm using Guid(c760d48b95377554f957e17ed269d9e8) Importer(2089858483,b0f066a214c2f5e87bad3c948f4d605d) (ScriptedImporter) -> (Import Result ID: 'e95272501c4291c943b245c1284208ac') in 0.030285 seconds [static and dynamic dependencies]. Details - ImportResultOutputID=c492f9b70c39c84b08019cd009eee9a5 DependenciesID=70307df90f474aba2e13ae1ece430ca5 StaticDependenciesID=cbc76466031284bf54c70a15a619c943 
Number of updated asset objects reloaded before import = 0Number of asset objects unloaded after import = 1

========================================================================
Received Import Request.
  Time since last request: 0.000021 seconds.
  path: Assets/Tutorials/Media/4.3 Share your project.png
  importAddress: Guid(323d60e7ba08b4c29aad7d451e9be777) Importer(2089858483,b0f066a214c2f5e87bad3c948f4d605d)
Start importing Assets/Tutorials/Media/4.3 Share your project.png using Guid(323d60e7ba08b4c29aad7d451e9be777) Importer(2089858483,b0f066a214c2f5e87bad3c948f4d605d) (ScriptedImporter) -> (Import Result ID: 'b2b3732ab0d5fb39fa06794d48f74000') in 0.0244366 seconds [static and dynamic dependencies]. Details - ImportResultOutputID=42e80132b233c85c65806b4f46986a27 DependenciesID=d4bf6ff053d294e167f9e77cdc4dd420 StaticDependenciesID=86d01139b504513fec2a74a6260d9cf9 
Number of updated asset objects reloaded before import = 0Number of asset objects unloaded after import = 1

========================================================================
Received Import Request.
  Time since last request: 0.000028 seconds.
  path: Assets/Tutorials/Media/2.8 Add Stairs.webm
  importAddress: Guid(1b7fecb6c85b37d4899291a21cb5f7d5) Importer(2089858483,b0f066a214c2f5e87bad3c948f4d605d)
Start importing Assets/Tutorials/Media/2.8 Add Stairs.webm using Guid(1b7fecb6c85b37d4899291a21cb5f7d5) Importer(2089858483,b0f066a214c2f5e87bad3c948f4d605d) (ScriptedImporter) -> (Import Result ID: '51e04c848f9bbad770c537a5879f0757') in 0.0154554 seconds [static and dynamic dependencies]. Details - ImportResultOutputID=613a77e5a3ba1796cea86b86f1325b2b DependenciesID=468f6afc8a464898beebf84408a67553 StaticDependenciesID=0bf2b552f068cb7e3d34db693e85c3b1 
Number of updated asset objects reloaded before import = 0Number of asset objects unloaded after import = 1

========================================================================
Received Import Request.
  Time since last request: 0.000032 seconds.
  path: Assets/Tutorials/t2_Fundamentals/t2_Start creating now.asset
  importAddress: Guid(900a9fef70eab054eb4b551b11f0e64e) Importer(2089858483,b0f066a214c2f5e87bad3c948f4d605d)
Start importing Assets/Tutorials/t2_Fundamentals/t2_Start creating now.asset using Guid(900a9fef70eab054eb4b551b11f0e64e) Importer(2089858483,b0f066a214c2f5e87bad3c948f4d605d) (ScriptedImporter) -> (Import Result ID: '90650302d55394e96dd8f2379a14ee86') in 0.2897616 seconds [static and dynamic dependencies]. Details - ImportResultOutputID=b712a08e37f91f8218c69d97e0fa13b7 DependenciesID=65bd8ad0efa77f7d851f8f8c8ddb3faa StaticDependenciesID=3c433b569ddea1c6748f86a63617ac0e 
Number of updated asset objects reloaded before import = 0Number of asset objects unloaded after import = 93

========================================================================
Received Import Request.
  Time since last request: 0.000043 seconds.
  path: Assets/SourceFiles/Textures/Repeating Tiles/FootPrint_Normal.png
  importAddress: Guid(c623927cf7d668e469dadf11c10439a8) Importer(2089858483,b0f066a214c2f5e87bad3c948f4d605d)
Start importing Assets/SourceFiles/Textures/Repeating Tiles/FootPrint_Normal.png using Guid(c623927cf7d668e469dadf11c10439a8) Importer(2089858483,b0f066a214c2f5e87bad3c948f4d605d) (ScriptedImporter) -> (Import Result ID: '8420fc15f01d32921b31083d7c4ecfe4') in 0.0400599 seconds [static and dynamic dependencies]. Details - ImportResultOutputID=5a6ab2ad040d13ec5b2f4e2ae8e103b7 DependenciesID=c3fa74b9ca13e6ca850f3332b1a65547 StaticDependenciesID=8194c8f66d2bd12f51e16480587207ad 
Number of updated asset objects reloaded before import = 0Number of asset objects unloaded after import = 1

========================================================================
Received Import Request.
  Time since last request: 0.000050 seconds.
  path: Assets/Tutorials/t3_Explore/s3.3_Add a moving platform.asset
  importAddress: Guid(e43a9032272a742aca98d4f34d891eb5) Importer(2089858483,b0f066a214c2f5e87bad3c948f4d605d)
Start importing Assets/Tutorials/t3_Explore/s3.3_Add a moving platform.asset using Guid(e43a9032272a742aca98d4f34d891eb5) Importer(2089858483,b0f066a214c2f5e87bad3c948f4d605d) (ScriptedImporter) -> (Import Result ID: 'dbf1174e1b5353827ab6d2117c33250b') in 0.0383387 seconds [static and dynamic dependencies]. Details - ImportResultOutputID=c67285e4f40eff04ace82ffc863afa26 DependenciesID=e33454bcb6e69df2adc24f655d6c629a StaticDependenciesID=464dac099ad2acb20f9ad755ddc98a25 
Number of updated asset objects reloaded before import = 0Number of asset objects unloaded after import = 4

========================================================================
Received Import Request.
  Time since last request: 0.000031 seconds.
  path: Assets/SourceFiles/StarterAssets/ThirdPersonController/Character/Animations/Locomotion--Walk_N.anim.fbx
  importAddress: Guid(8269a9f8cf495034c817722ac21f309f) Importer(2089858483,b0f066a214c2f5e87bad3c948f4d605d)
Start importing Assets/SourceFiles/StarterAssets/ThirdPersonController/Character/Animations/Locomotion--Walk_N.anim.fbx using Guid(8269a9f8cf495034c817722ac21f309f) Importer(2089858483,b0f066a214c2f5e87bad3c948f4d605d) (ScriptedImporter) -> (Import Result ID: '82becf76e26c0c769e5cac5aae34e9b1') in 0.0477245 seconds [static and dynamic dependencies]. Details - ImportResultOutputID=1d8b3f5d564cd1564e82629996ba119e DependenciesID=3cf2097a06feece9faa3f894f59cfff0 StaticDependenciesID=172924ddb6b9ec97139977c94643ab75 
Number of updated asset objects reloaded before import = 0Number of asset objects unloaded after import = 144

========================================================================
Received Import Request.
  Time since last request: 0.000025 seconds.
  path: Assets/SourceFiles/Textures/Repeating Tiles/Boardwalk_Stripes_Albedo.png
  importAddress: Guid(eece22d47b592914b93af1e4b13f3309) Importer(2089858483,b0f066a214c2f5e87bad3c948f4d605d)
Start importing Assets/SourceFiles/Textures/Repeating Tiles/Boardwalk_Stripes_Albedo.png using Guid(eece22d47b592914b93af1e4b13f3309) Importer(2089858483,b0f066a214c2f5e87bad3c948f4d605d) (ScriptedImporter) -> (Import Result ID: 'a752a5cabe60c96f77e7a733d7ae26fb') in 0.0205914 seconds [static and dynamic dependencies]. Details - ImportResultOutputID=fdf9bb641a0ac6a1842660e0c02413f8 DependenciesID=066dfd787e57486ea0b9971e19f8e470 StaticDependenciesID=c74d5221092b2b0dabb636c4b82e7c3d 
Number of updated asset objects reloaded before import = 0Number of asset objects unloaded after import = 1

========================================================================
Received Import Request.
  Time since last request: 0.000038 seconds.
  path: Assets/Tutorials/t5_Future/5.1 Next steps.asset
  importAddress: Guid(ecad781e8ed75461482bc20720ea4b17) Importer(2089858483,b0f066a214c2f5e87bad3c948f4d605d)
Start importing Assets/Tutorials/t5_Future/5.1 Next steps.asset using Guid(ecad781e8ed75461482bc20720ea4b17) Importer(2089858483,b0f066a214c2f5e87bad3c948f4d605d) (ScriptedImporter) -> (Import Result ID: '330baff770fb5418308fb3fe03dfee2c') in 0.0516887 seconds [static and dynamic dependencies]. Details - ImportResultOutputID=11c11ac4e9f11afd0ae5d1e643a0815a DependenciesID=27bfc71867c49c69b65ffaebdb22ac40 StaticDependenciesID=c8caabad123661298d6d7b75b9638973 
Number of updated asset objects reloaded before import = 0Number of asset objects unloaded after import = 2

========================================================================
Received Import Request.
  Time since last request: 0.000025 seconds.
  path: Assets/Tutorials/t2_Fundamentals/s2.10_Add a primitive.asset
  importAddress: Guid(fa678c9c9127048398b62d9172d9d847) Importer(2089858483,b0f066a214c2f5e87bad3c948f4d605d)
Start importing Assets/Tutorials/t2_Fundamentals/s2.10_Add a primitive.asset using Guid(fa678c9c9127048398b62d9172d9d847) Importer(2089858483,b0f066a214c2f5e87bad3c948f4d605d) (ScriptedImporter) -> (Import Result ID: 'dfcc805623a377fe9e1b984578c6bd4f') in 0.0155716 seconds [static and dynamic dependencies]. Details - ImportResultOutputID=141559531828ebe29d06b469bee470fc DependenciesID=52c5bf9ae9dc1a7132f4a5d33a81d75c StaticDependenciesID=c1fab0962dc2b35552258cd413f87772 
Number of updated asset objects reloaded before import = 0Number of asset objects unloaded after import = 3

========================================================================
Received Import Request.
  Time since last request: 0.000022 seconds.
  path: Assets/Tutorials/t1_Interface/s1.9 Play mode.asset
  importAddress: Guid(e34ecc1b494cd4a7e84ebe7e43d9cd6e) Importer(2089858483,b0f066a214c2f5e87bad3c948f4d605d)
Start importing Assets/Tutorials/t1_Interface/s1.9 Play mode.asset using Guid(e34ecc1b494cd4a7e84ebe7e43d9cd6e) Importer(2089858483,b0f066a214c2f5e87bad3c948f4d605d) (ScriptedImporter) -> (Import Result ID: '9391b696347edaf6fcca19c38c92163a') in 0.0354061 seconds [static and dynamic dependencies]. Details - ImportResultOutputID=616010021ca4c339c50aff6978f2012b DependenciesID=19e4ecac2b913fd2f0199dae74bd92eb StaticDependenciesID=fc3a5ede7f5c3f06170446f2d6b81dd2 
Number of updated asset objects reloaded before import = 0Number of asset objects unloaded after import = 2

========================================================================
Received Import Request.
  Time since last request: 0.000027 seconds.
  path: Assets/Tutorials/t1_Interface/s1.10_Save your scene.asset
  importAddress: Guid(2400c185952f3954085b76e0f30cf891) Importer(2089858483,b0f066a214c2f5e87bad3c948f4d605d)
Start importing Assets/Tutorials/t1_Interface/s1.10_Save your scene.asset using Guid(2400c185952f3954085b76e0f30cf891) Importer(2089858483,b0f066a214c2f5e87bad3c948f4d605d) (ScriptedImporter) -> (Import Result ID: '0a39f6471be4c95e1759ba01d9476cee') in 0.0168557 seconds [static and dynamic dependencies]. Details - ImportResultOutputID=1c06fabe3ee5c80e240411dfd8209b93 DependenciesID=290e33ad3dd8554c7c8bc77db7d2d141 StaticDependenciesID=7db2f68a4930087ea6e72473de59cc9a 
Number of updated asset objects reloaded before import = 0Number of asset objects unloaded after import = 2

========================================================================
Received Import Request.
  Time since last request: 0.000033 seconds.
  path: Assets/Tutorials/t2_Fundamentals/s2.5_Get closer to the yellow box.asset
  importAddress: Guid(1c3c20fc40c834c9d8d6e746932136ab) Importer(2089858483,b0f066a214c2f5e87bad3c948f4d605d)
Start importing Assets/Tutorials/t2_Fundamentals/s2.5_Get closer to the yellow box.asset using Guid(1c3c20fc40c834c9d8d6e746932136ab) Importer(2089858483,b0f066a214c2f5e87bad3c948f4d605d) (ScriptedImporter) -> (Import Result ID: '8298e3a3b804581d3c03ede6a2fdba64') in 0.0165057 seconds [static and dynamic dependencies]. Details - ImportResultOutputID=a99384b98b47783287188c8663e04001 DependenciesID=ed800604e3caf9a0085a07d90cd8449a StaticDependenciesID=795395c8cfae047222cefdca095cfc39 
Number of updated asset objects reloaded before import = 0Number of asset objects unloaded after import = 2

========================================================================
Received Import Request.
  Time since last request: 0.000025 seconds.
  path: Assets/SourceFiles/Textures/Repeating Tiles/Circuit_MetallicSmoothness.png
  importAddress: Guid(164613b4663c64995b8a95608a458176) Importer(2089858483,b0f066a214c2f5e87bad3c948f4d605d)
Start importing Assets/SourceFiles/Textures/Repeating Tiles/Circuit_MetallicSmoothness.png using Guid(164613b4663c64995b8a95608a458176) Importer(2089858483,b0f066a214c2f5e87bad3c948f4d605d) (ScriptedImporter) -> (Import Result ID: 'b672d61557e7224ce199a6dc5f3258f9') in 0.0187243 seconds [static and dynamic dependencies]. Details - ImportResultOutputID=c5e193626e353c3b48829123b8a66216 DependenciesID=60b087a06a1109d3b6798398c209567b StaticDependenciesID=5a9ae6b2ce6fd456de5fcb1eb9080504 
Number of updated asset objects reloaded before import = 0Number of asset objects unloaded after import = 1

========================================================================
Received Import Request.
  Time since last request: 0.000018 seconds.
  path: Assets/TextMesh Pro/Resources/Fonts & Materials/LiberationSans SDF.asset
  importAddress: Guid(8f586378b4e144a9851e7b34d9b748ee) Importer(2089858483,b0f066a214c2f5e87bad3c948f4d605d)
Start importing Assets/TextMesh Pro/Resources/Fonts & Materials/LiberationSans SDF.asset using Guid(8f586378b4e144a9851e7b34d9b748ee) Importer(2089858483,b0f066a214c2f5e87bad3c948f4d605d) (ScriptedImporter) -> (Import Result ID: 'aab2c72543c57ddbd45a647d049e60ee') in 0.0639672 seconds [static and dynamic dependencies]. Details - ImportResultOutputID=5a2af4f9d7c050af18e8fd0efb61bc91 DependenciesID=88ab90c127d66d0d7ee6c1f19c6a2fba StaticDependenciesID=f24aa01374016caa59713b859ae89089 
Number of updated asset objects reloaded before import = 0Number of asset objects unloaded after import = 9

========================================================================
Received Import Request.
  Time since last request: 0.000037 seconds.
  path: Assets/Tutorials/t2_Fundamentals/s2.11_Turn a cube into a bridge.asset
  importAddress: Guid(cc728cfdc9a374c4fa847ead9c929785) Importer(2089858483,b0f066a214c2f5e87bad3c948f4d605d)
Start importing Assets/Tutorials/t2_Fundamentals/s2.11_Turn a cube into a bridge.asset using Guid(cc728cfdc9a374c4fa847ead9c929785) Importer(2089858483,b0f066a214c2f5e87bad3c948f4d605d) (ScriptedImporter) -> (Import Result ID: 'c16a2bba162e1f2693527c13ac0ce9ad') in 0.0159139 seconds [static and dynamic dependencies]. Details - ImportResultOutputID=fa53c3bd8551655aaddb47f6168b22b5 DependenciesID=abff992b6bff1f9ee424010a620b9cd1 StaticDependenciesID=06ec478db4ca87168310b8cf51640bc8 
Number of updated asset objects reloaded before import = 0Number of asset objects unloaded after import = 2

========================================================================
Received Import Request.
  Time since last request: 0.000052 seconds.
  path: Assets/Tutorials/Settings/Tutorial Project Settings.asset
  importAddress: Guid(1b0d13d8b2332614f9d01a217f8223c4) Importer(2089858483,b0f066a214c2f5e87bad3c948f4d605d)
Start importing Assets/Tutorials/Settings/Tutorial Project Settings.asset using Guid(1b0d13d8b2332614f9d01a217f8223c4) Importer(2089858483,b0f066a214c2f5e87bad3c948f4d605d) (ScriptedImporter) -> (Import Result ID: '5acb8107068854eb27034b7907673062') in 0.2553926 seconds [static and dynamic dependencies]. Details - ImportResultOutputID=7cb90a76f7cb75f5c5af5089b721da21 DependenciesID=c43fa1d747e53fa2656b6a6eecb2e49b StaticDependenciesID=7b681c542ce0c88d5d049fdcebb10287 
Number of updated asset objects reloaded before import = 0Number of asset objects unloaded after import = 102

========================================================================
Received Import Request.
  Time since last request: 0.000048 seconds.
  path: Assets/Tutorials/t2_Fundamentals/s2.8_Add stairs to the scene.asset
  importAddress: Guid(af1afcf345d441f42804f525138f2a4a) Importer(2089858483,b0f066a214c2f5e87bad3c948f4d605d)
Start importing Assets/Tutorials/t2_Fundamentals/s2.8_Add stairs to the scene.asset using Guid(af1afcf345d441f42804f525138f2a4a) Importer(2089858483,b0f066a214c2f5e87bad3c948f4d605d) (ScriptedImporter) -> (Import Result ID: '0518c1e0a545196b31b93338bb9427bf') in 0.0187412 seconds [static and dynamic dependencies]. Details - ImportResultOutputID=fe4e65693a6640e5c112e8da32db1f81 DependenciesID=17b1bd426fe6c632868821d5153fd026 StaticDependenciesID=946c28ac2017fcbc955c2221d6de30d1 
Number of updated asset objects reloaded before import = 0Number of asset objects unloaded after import = 2

========================================================================
Received Import Request.
  Time since last request: 0.000033 seconds.
  path: Assets/Tutorials/Media/5.0 Icon.png
  importAddress: Guid(4b290361983d35f4cb73ddf651f1dc1f) Importer(2089858483,b0f066a214c2f5e87bad3c948f4d605d)
Start importing Assets/Tutorials/Media/5.0 Icon.png using Guid(4b290361983d35f4cb73ddf651f1dc1f) Importer(2089858483,b0f066a214c2f5e87bad3c948f4d605d) (ScriptedImporter) -> (Import Result ID: '8c424f96d21a372fab3bcabd514ce120') in 0.0196107 seconds [static and dynamic dependencies]. Details - ImportResultOutputID=834b25f7bdb18418154c6e505a15f02e DependenciesID=4c351427397e468b8914f8f4d1bbd0d8 StaticDependenciesID=54b1725670ce89b0802bed7a9200fa3d 
Number of updated asset objects reloaded before import = 0Number of asset objects unloaded after import = 1

========================================================================
Received Import Request.
  Time since last request: 0.000027 seconds.
  path: Assets/Tutorials/Media/3.14 Share you creation.png
  importAddress: Guid(027bc0d9a0d0043bf8c45ffcca8543d6) Importer(2089858483,b0f066a214c2f5e87bad3c948f4d605d)
Start importing Assets/Tutorials/Media/3.14 Share you creation.png using Guid(027bc0d9a0d0043bf8c45ffcca8543d6) Importer(2089858483,b0f066a214c2f5e87bad3c948f4d605d) (ScriptedImporter) -> (Import Result ID: '976ef57e1bfd347e1fc2a52d77e5dc8d') in 0.0252011 seconds [static and dynamic dependencies]. Details - ImportResultOutputID=a0f3283a1bc7a703a4a6ac651aabf385 DependenciesID=2e00076ef4c093c81d9b38bda707fb31 StaticDependenciesID=9efe8802e6142f411a02e0fd808f00b0 
Number of updated asset objects reloaded before import = 0Number of asset objects unloaded after import = 1

========================================================================
Received Import Request.
  Time since last request: 0.000037 seconds.
  path: Assets/SourceFiles/Textures/Repeating Tiles/Moon_Normal.png
  importAddress: Guid(bc14c55d2e817104c816134d98e507c0) Importer(2089858483,b0f066a214c2f5e87bad3c948f4d605d)
Start importing Assets/SourceFiles/Textures/Repeating Tiles/Moon_Normal.png using Guid(bc14c55d2e817104c816134d98e507c0) Importer(2089858483,b0f066a214c2f5e87bad3c948f4d605d) (ScriptedImporter) -> (Import Result ID: '150741f1570c6c1e7eaf3d770fbeff7f') in 0.0288773 seconds [static and dynamic dependencies]. Details - ImportResultOutputID=19445842881f5e30c72fc6d531c43926 DependenciesID=e71a7b38cc2e2df9e2fdaffa9ba2d44a StaticDependenciesID=f55b1af53faa2bbbd8b13f0d422fbb36 
Number of updated asset objects reloaded before import = 0Number of asset objects unloaded after import = 1

========================================================================
Received Import Request.
  Time since last request: 0.000025 seconds.
  path: Assets/SourceFiles/TimmyRobot/Sfx/Player_Footstep_06.wav
  importAddress: Guid(29841e7d5bbfb5b419c9ad16ca8bc4c1) Importer(2089858483,b0f066a214c2f5e87bad3c948f4d605d)
Start importing Assets/SourceFiles/TimmyRobot/Sfx/Player_Footstep_06.wav using Guid(29841e7d5bbfb5b419c9ad16ca8bc4c1) Importer(2089858483,b0f066a214c2f5e87bad3c948f4d605d) (ScriptedImporter) -> (Import Result ID: '8e0320f06f49efd4a2ebf587a5ff7d67') in 0.020282 seconds [static and dynamic dependencies]. Details - ImportResultOutputID=0d4c441ff92aadfd35deb7b7ef1dcd3b DependenciesID=ad304fd2ede02bb3d9d2a8e9543fa1f9 StaticDependenciesID=16ac8d66d4975ceeac5c54f038456104 
Number of updated asset objects reloaded before import = 0Number of asset objects unloaded after import = 1

========================================================================
Received Import Request.
  Time since last request: 0.000064 seconds.
  path: Assets/Tutorials/Media/2.2 Change A Material.webm
  importAddress: Guid(0c9116a7581975a42a82fd5e5c16ac4f) Importer(2089858483,b0f066a214c2f5e87bad3c948f4d605d)
Start importing Assets/Tutorials/Media/2.2 Change A Material.webm using Guid(0c9116a7581975a42a82fd5e5c16ac4f) Importer(2089858483,b0f066a214c2f5e87bad3c948f4d605d) (ScriptedImporter) -> (Import Result ID: '7622aa85523355638b1ee955e3db84cb') in 0.0129453 seconds [static and dynamic dependencies]. Details - ImportResultOutputID=30507dd35a2c21ed80a134706c2f82f1 DependenciesID=0a95e80b194f63874439180e9a68584a StaticDependenciesID=c2168ee1dfb55d3f28642867b082a2e7 
Number of updated asset objects reloaded before import = 0Number of asset objects unloaded after import = 1

========================================================================
Received Import Request.
  Time since last request: 0.000017 seconds.
  path: Assets/Tutorials/Settings/Styles_Light_Large_Font.uss
  importAddress: Guid(be4179ec15d9d4aa4a487c32c7cb868a) Importer(2089858483,b0f066a214c2f5e87bad3c948f4d605d)
Start importing Assets/Tutorials/Settings/Styles_Light_Large_Font.uss using Guid(be4179ec15d9d4aa4a487c32c7cb868a) Importer(2089858483,b0f066a214c2f5e87bad3c948f4d605d) (ScriptedImporter) -> (Import Result ID: 'c219f807e64494f8de49ffd079536148') in 0.0258346 seconds [static and dynamic dependencies]. Details - ImportResultOutputID=6454d15b23320c93af7d763287869bac DependenciesID=aef1147f6e678870bbc6880b75ed6c0f StaticDependenciesID=9870a59ab103c8a76d36ffacf0af9bb5 
Number of updated asset objects reloaded before import = 0Number of asset objects unloaded after import = 3

========================================================================
Received Import Request.
  Time since last request: 0.000021 seconds.
  path: Assets/Tutorials/Media/3.9 Add A Visual Effect.webm
  importAddress: Guid(95a43a65a1ae35c42b205dd31287e66d) Importer(2089858483,b0f066a214c2f5e87bad3c948f4d605d)
Start importing Assets/Tutorials/Media/3.9 Add A Visual Effect.webm using Guid(95a43a65a1ae35c42b205dd31287e66d) Importer(2089858483,b0f066a214c2f5e87bad3c948f4d605d) (ScriptedImporter) -> (Import Result ID: '2beb581a5ddd35115c2cc8cdbcc45029') in 0.0113538 seconds [static and dynamic dependencies]. Details - ImportResultOutputID=c1c831ee946ce189f4bebdab06ffdf21 DependenciesID=73b6d51a2ca700d6f6bcfc0b6875e2de StaticDependenciesID=ae8616e4ded16ffa2b9f528911673d91 
Number of updated asset objects reloaded before import = 0Number of asset objects unloaded after import = 1

========================================================================
Received Import Request.
  Time since last request: 0.000022 seconds.
  path: Assets/TextMesh Pro/Resources/Sprite Assets/EmojiOne.asset
  importAddress: Guid(c41005c129ba4d66911b75229fd70b45) Importer(2089858483,b0f066a214c2f5e87bad3c948f4d605d)
Start importing Assets/TextMesh Pro/Resources/Sprite Assets/EmojiOne.asset using Guid(c41005c129ba4d66911b75229fd70b45) Importer(2089858483,b0f066a214c2f5e87bad3c948f4d605d) (ScriptedImporter) -> (Import Result ID: 'b886605b2f4593829edbcbc5456a2c1b') in 0.0185967 seconds [static and dynamic dependencies]. Details - ImportResultOutputID=f38d249213d66fbc62a387f261721c98 DependenciesID=d9a1a54177eecb80e1b544f0b81019ea StaticDependenciesID=068ac2821dacc3dff5c8d3664b141deb 
Number of updated asset objects reloaded before import = 0Number of asset objects unloaded after import = 3

========================================================================
Received Import Request.
  Time since last request: 0.000029 seconds.
  path: Assets/Tutorials/t3_Explore/s3.4_Lighting.asset
  importAddress: Guid(3ef3452b7779b4032a540026d9d65271) Importer(2089858483,b0f066a214c2f5e87bad3c948f4d605d)
Start importing Assets/Tutorials/t3_Explore/s3.4_Lighting.asset using Guid(3ef3452b7779b4032a540026d9d65271) Importer(2089858483,b0f066a214c2f5e87bad3c948f4d605d) (ScriptedImporter) -> (Import Result ID: 'e8de0b1eb8e38fbb82e5c7443489d768') in 0.0207645 seconds [static and dynamic dependencies]. Details - ImportResultOutputID=e1c4de063b6c9a836f6a7d97e863f72b DependenciesID=3420d1ab034665549ea8aeab0dbc7045 StaticDependenciesID=7afac52e62ad71bc425963602448df0f 
Number of updated asset objects reloaded before import = 0Number of asset objects unloaded after import = 2

Editor requested this worker to shutdown with reason: Scaling down because of idle timeout
AssetImportWorker is now disconnected from the server
Process exiting
Exiting without the bug reporter. Application will terminate with return code 0